144 32511 379 32275 443 32230 472 31797 1191 31581 1351 31547 1471 31073 2744 31027 2746 30514 3182 30307 4019 30293 4640 30217 5269 29973 6001 29333 6561 28887 6780 28456 7220 28144 8907 28063 8917 27999 9326 27813 9510 27200 9563 26741 10108 25218 10282 24935 11074 24751 11426 24591 11584 23738 11585 23712 12055 23444 12647 23433 12742 22359 13012 22297 13096 21972 13670 21657 13985 20896 14207 20883 14706 20881 16482 20574 16605 20137 17491 20001 17913 19829 17960 18033
587 32688 843 32290 1139 32203 2560 32007 2586 31861 2796 31709 3431 31091 3808 30991 4013 30745 4553 30516 5323 30245 5565 30129 5744 29989 5954 29510 6076 29427 6369 29368 6529 27986 6831 27873 6858 27830 7028 27213 7057 26994 7102 26734 7471 26228 7541 25792 8146 25579 9805 25255 9822 24835 9975 24607 10612 24457 10865 23433 10889 23285 11135 22983 11413 22429 11711 22408 13335 22183 13406 22160 13632 22078 14145 21518 14185 20739 15122 20707 15379 20536 15558 19980 16898 19343 17445 18803 17507 18636 17510 18289 17640 17885 17657 17709
1403 32040 2910 29300 2947 23647 3067 23184 3904 23134 4432 21337 6042 17912 6352 17154 6372 15052 7171 13715 7905 11085 9294 10047 9641 9735
4775 31755 4846 29969 5175 24219 7509 23171 8896 17015 10356 15525 12035
1971 32607 5228 31208 5494 30883 5624 30367 6427 29781 7993 27991 8827 25031 9504 24706 10336 22914 10996 21955 12493 19893 13446 19843 13882 18338 15055 18047 15211 18035 15464 17674 15557 17531 17017
31 32557 221 30667 1620 30441 1684 30324 3551 29908 3628 29828 3725 29606 4485 29354 4621 28640 4824 27964 5120 27182 5187 26933 5202 26532 9186 26516 10290 26250 10532 24842 11784 24671 11928 23566 12728 22445 12933 21645 13021 20289 13781 20172 14412 19663 14469 18601 14816 18291 14842 17916 15799 16851 16556
470 32721 483 32676 1070 32292 1579 31919 1911 31813 2105 30784 2490 30245 2613 29941 2690 29359 3028 29106 3909 27954 4253 27598 4352 27405 4797 26627 5187 25216 5444 24672 5556 24568 5910 24530 6549 23447 6744 22874 7114 22844 7329 21361 7361 21084 7786 20248 7914 19918 8380 19109 8654 18693 8892 18562 10651 18442 11099 18282 11300 17648 11724 17560 12151 17312 12428 17248 12975 16410 13206 16316 13243 16131 13421 15898 13460 15834 13581 15475 13845 15464 15019
1339 30985 4000 30746 4269 26085 5094 24886 5582 22063 5934 21137 7771 16479 8267 10901
1979 32104 2171 29880 3196 29401 3557 28437 6523 28393 8193 26503 8725 26323 10341 24778 11443 23087 12733 22656 13431 22622 13992 21757 15166 20200 15370 20026 16619 19615
52 32716 725 32573 981 32400 1147 32302 1589 31879 1835 31802 1880 31003 2086 28886 2385 27607 2503 26682 2667 26513 3918 26105 4266 25806 4647 25533 5908 24890 6066 24730 6245 24622 6269 24433 6281 24097 7832 23587 8375 22175 8437 21581 8905 21028 10077 20912 10131 20757 10363 19950 10900 19864 11154 19561 11237 19482 11854 19427 12033 18782 12904 18259 13048 17999 14491 17761 15073 17272 16541 16864 16791
1125 30466 1453 29908 2025 29602 9329 29433 9963 29098 10524 29037 11494 28911 11726 28306 15851 26864 18370 25057 19199 22952 22474
188 32713 564 32231 1146 31583 1867 31274 2831 31252 3030 31186 3152 30216 3592 30207 3675 29744 3694 29663 3801 29091 3906 28947 3922 28810 4478 28760 5151 28516 5218 28243 6238 28122 6363 27323 6417 27098 7277 27042 7370 26719 7777 25961 8038 25911 8075 25874 8386 24743 8534 23640 8613 22782 8618 21443 9445 21206 10841 19967 11406 19698 11681 19643 11689 19147 12551 18566 12774 17981 12811 17879 13222 17257 14003 17193 15284 17138 15447 17096 15468 16883 15696 16761 15781 16525 15843 16402 15855 16199 15924 16030 15994
548 32127 1490 32035 1740 31600 2549 30736 3064 30704 3963 30684 5696 30206 7629 29246 9299 28744 9421 28551 10827 27813 11053 27559 11890 27149 12776 26133 13108 25922 13559 25633 13640 24917 18129 24798 18527 22102 19172 21468 19770 21071 20073 20937 20634
472 32419 1235 32300 1964 32110 1994 32065 2110 31850 4662 31764 5187 31451 5567 30752 6891 29563 7558 28898 9936 27206 10446 26828 11250 25931 11747 23733 12800 22235 13584 21964 13687 21712 14449 21656 15107 21438 15290 21193 15774 20772 17055 20419 17445 20369 17501 20105 17545 20038 17758 19398
136 32688 471 31611 1918 31138 2185 30225 2499 29492 2511 29131 3682 29113 3737 28918 4486 28121 4595 27405 5751 26939 6090 25984 8217 24668 8853 23366 9178 23275 10084 22712 10356 22035 10814 21751 11017 21490 12073 21443 12890 21313 13136 21024 13361 20326 13504 20085 13999 20073 15232 19865 15516 19573 17102 19196 17362 18386 17673 18041
2262 31289 4831 28382 4867 27716 5226 27171 5835 26940 6532 26473 8686 25790 12790 25466 12885 24943 12955 24246 15160 23018 15205 22183 15331 20059 15385 19873 15883 19854 16563 19407 16935
242 32129 263 31554 427 31171 638 30859 742 30419 812 30360 963 29654 1024 29516 1524 28948 1725 26357 1809 25999 2684 25846 3767 25720 5361 25548 5585 25415 6320 25044 6455 24858 6604 24764 7774 24632 8046 23994 8260 22442 8472 21630 9041 21575 9287 21366 9675 20814 9755 20286 11027 19962 11166 19621 13238 18995 13669 17601 13715 17259 14107 16491 15545 16269 16074
24061 32383 26028
6071 31875 7037 28863 12296 28618 13386 27559 14318 23433 19616 22737 20483
399 32748 480 30044 483 29676 809 29552 809 29446 1880 28957 2556 28434 4014 28006 4952 27845 5772 27161 5889 26421 7113 26160 7273 26138 8043 26026 8457 25233 8843 24236 10465 21917 10711 21577 11342 21147 12642 20575 12984 20267 13797 19896 15061 18971 15224 17848 15269 17805 15318 16056 15459 15977
899 29931 1819 28825 5546 28381 5939 27770 5988 27263 8192 26956 9392 26284 11042 26275 14164 24818 19734 21560 20220 20734
1328 32756 1412 31731 1414 31685 1687 30412 2328 30248 2876 29404 2919 28430 3558 28233 3886 27747 3991 25910 5971 25834 6521 25803 8326 25403 8675 24909 9012 24243 9228 24212 9440 23746 10447 23741 10696 23679 11912 23387 12211 22578 12396 22196 12569 21594 12603 20577 12674 20255 13157 19907 14105 19747 14151 18352 14953 17764 15637 17383 15764 17281 16096 16553 16357
119 32606 237 31876 768 31765 1217 31164 2113 31082 2130 30822 2626 30159 2733 29276 3230 29270 3712 29200 5574 28112 6272 28005 8241 26603 8423 26505 8646 24984 8810 24934 9752 24870 9894 24194 10452 23970 10852 23960 11405 23125 11716 22542 12084 21286 12252 20304 12422 20102 12503 20040 13391 19981 13582 19787 13937 19109 14040 18403 14235 18174 14571 18097 14645 18050 14754 17689 14890 16318 15577 16237 15835
2090 28099 2242 24530 6349 24213 8282 22850 9924 17585 11765 16545 15515
241 32022 993 31448 1140 31441 1330 31052 1755 30122 2120 28837 2708 28771 3316 28387 3338 28073 4228 27973 4485 27443 4664 26772 4778 26379 4863 24924 5101 23505 5523 23183 6648 23042 7425 22705 7471 21899 7498 21881 7662 21584 8019 21299 8023 21015 8805 21012 9098 20990 9985 20895 11553 20801 11599 20438 12224 20298 12686 20203 12814 19707 13027 19672 13325 19025 13449 18376 13583 18137 13737 18087 13847 18016 14370 17790 14946 17762 15052 16904 16226 16896 16594
227 32587 343 32045 445 31839 1009 31591 1349 31003 1411 30979 1899 30778 2042 30747 2541 30617 2783 30442 3518 30392 3992 30127 4008 29970 4081 29665 4671 28356 4735 28143 5231 27827 5839 26975 6113 26690 6188 25845 6419 25740 6842 25132 7394 24801 8041 24669 8373 24608 8455 24239 8668 23197 8888 23119 9157 22902 9857 22449 9895 22398 10418 21942 12059 21428 12064 21286 12103 21232 12536 21105 12759 20180 13180 20092 13225 19820 13814 19008 14501 18058 14791 18012 15803 17011 15892 16856 16561
4673 32424 4699 26615 11190 26075 15750 25353 24753
760 31937 815 31513 1122 31219 1287 31030 1872 29699 2043 28348 2073 28237 2691 28100 3005 27753 3283 27317 3315 27171 3364 26466 3445 26307 3749 25112 4259 24210 4376 23702 4380 22979 4863 22439 7286 22278 7735 22134 8071 21746 9758 21727 10822 21663 10978 21205 11072 21024 11751 20308 11777 20040 11857 19873 12403 19832 13169 19405 13472 18863 13608 18688 13631 18625 13925 18581 14216 17905 15288 17502 15784 17352 16434 17117 16640 17089 16796 16797
1307 31616 1433 29676 1576 27781 1583 26354 2188 26190 2254 25642 2453 25112 7181 23597 8014 23173 8389 21840 10856 21765 11062 21722 13388 21495 15843 20062 17137 18620 17367 18383
433 32023 528 30760 784 29905 875 29416 1090 28889 3158 28437 3357 27292 3579 27052 3754 26165 5309 25999 5364 23846 6707 21952 6986 21874 7117 21098 7422 20896 8684 20539 9222 19935 9417 19483 10431 18841 10768 17716 11260 17651 11673 17352 12153 16757 13759 16551 15688 15745
723 30767 726 30511 879 30410 1310 29720 1963 29613 2010 29596 2066 29056 2591 28436 2824 27586 3072 27004 5199 25789 5786 25714 6533 24618 7402 22827 7668 22432 7870 22367 8614 21717 8655 21318 8998 20446 9203 19914 11198 19671 11653 19436 12728 19199 13816 19183 14150 18523 15015 18465 15469 18455 17076 17621 17397
403 32664 1396 30367 2398 30314 2941 29996 3032 28803 4739 28615 5391 27684 5872 27530 6529 27183 6836 25846 8180 25009 8628 23759 9212 23296 9655 23053 10131 22887 11771 22705 12302 22485 13659 21648 13846 20131 16084 19147 17780 18620 17913 17915
537 31418 1002 31326 1176 31145 1316 30781 1612 30730 1973 30561 2707 30247 3209 30155 3276 29905 3581 29717 3795 29621 4045 28604 4739 28446 4796 28280 4882 28253 4892 28237 4995 27970 5303 25837 5497 25809 6253 25805 6505 25764 7445 25713 7566 24804 7735 24679 7934 24167 8809 23959 9737 23955 10247 23938 11078 23839 11255 23612 11441 23367 12035 23313 12897 23300 13375 23276 13937 22311 14028 22117 14099 22072 15421 21930 15667 21025 15764 20778 15773 20674 16319 20545 16999 20300 17666 19865 18244 19545 19241 19344 19299
125 32605 468 32505 508 31749 1400 31728 1774 30320 3510 29945 4624 29771 4868 29395 5994 29322 6128 28869 6377 28014 6691 27927 6894 25781 7531 24773 7920 24565 8048 21295 8066 20909 8178 20087 8833 19305 8902 19198 9057 18955 11310 18692 11418 17796 11902 17747 11916 16970 12238 16325 12503 16237 12845 15864 13912 15237 14389
152 32549 287 32440 380 32377 664 32317 677 31965 1104 31871 1364 31228 2240 31060 2610 30619 3455 29831 4046 28895 4081 28140 4653 27774 4995 27289 5960 26160 6163 25810 6429 25728 7336 25674 7589 24887 7612 23621 7768 23492 9036 23473 9320 23125 9467 22051 9594 22047 9790 21505 9818 21300 10127 21219 10606 21010 10627 20792 10945 20651 11165 20626 11245 20592 11352 20467 11403 19984 11643 19068 11902 19053 12269 19019 12304 18913 12627 18840 12837 18685 13476 18579 13685 17711 13761 17692 13767 17382 14439 16841 15046 15709 15092
147 32738 697 32501 964 32161 1431 32052 1442 31796 1622 30677 1841 30401 2427 28556 2824 28437 3078 26944 3086 25368 3408 24833 4583 24524 6413 24127 6488 23235 6505 23235 6729 23051 7384 22974 7496 21122 7711 20598 8082 20067 8315 19803 8630 19547 9180 19543 9744 19251 10446 19023 10560 19000 10568 17861 11044 17715 11267 17549 11979 17317 12005 16161 12042 15413 12109 14675 12122 13403 12971
1029 31971 1101 31558 1173 30829 1306 30452 1463 30444 1867 30422 1910 29921 2753 29785 2902 29611 3537 29438 4072 29320 4098 29164 4334 28738 4362 28352 4458 28048 5704 27515 5821 27357 6750 27088 6767 26763 8180 26490 9226 26423 9498 24985 10000 23686 10469 23463 10824 22936 11233 22837 11252 22219 11286 21852 11621 21841 12939 20962 14696 20616 14818 20505 14927 20162 15190 20130 15443 19388 15497 19247 16139 19026 16287 18466 16420 18239 17114 17912 17210 17482 17470
507 32022 2277 31517 4436 30314 5906 29299 7243 28489 7335 25146 8130 23419 10731 21856 11885 18652 12079 18205 13557 17915 13650 15829
854 31458 873 31222 882 30740 1420 30256 2390 29879 2483 28281 2989 26787 3240 26775 4106 26376 4201 25941 5224 25192 6052 24943 6393 24726 6480 24506 6613 24074 6984 23852 7936 23795 8066 21545 8172 21521 8214 20426 8825 20202 10112 20141 11321 19737 11754 19619 11796 19473 12383 19316 12616 19164 13162 18602 13347 18521 13347 17910 13432 17246 13856 16849 14061 16725 14128 16693 14280 15139 15082
116 32387 268 32279 293 31351 945 30468 961 30161 1329 30150 1503 29938 4853 29733 5033 29304 8135 29181 8385 28562 8435 28233 9931 27808 10246 26662 10846 26548 10991 26399 11949 26189 12343 25237 12509 25178 12702 25140 13464 25025 13542 24502 13798 23871 14245 23695 14586 22687 14872 22476 15032 22424 15185 21827 15206 21465 15233 20738 15235 20599 15261 20554 15532 20343 15808 20242 16121 20206 16679 20171 17026 19514 17070 19506 17113 19144 17606 18785 17739 18446 18243 18335
7511 26082
1301 32640 2073 31499 2491 31185 2527 30582 2828 29567 4878 28818 5100 28734 5136 27750 6147 27029 7220 26322 7450 25316 8419 23175 8464 22768 9178 21913 9349 21831 10599 21671 10627 21278 11402 19924 11969 19492 12053 18374 13244 17262 13532 16182 14136 14961 14507
210 32426 1620 31925 2075 31645 2494 31253 2796 30838 4361 28852 6120 28060 7508 27692 8068 26559 8317 26430 9064 26114 9168 26103 9178 25953 10563 25803 10597 25551 11554 24733 12049 24227 13071 23832 13082 21822 13828 21279 14844 21206 15668 21140 15739 20665 16572 20419 16953 19839 17710 19542 17834 18123
1036 32698 1243 32588 1918 32504 2449 32279 2559 31846 3399 31581 3627 31422 4163 30889 5405 30545 6510 30252 7116 30192 7423 30167 7599 29641 7647 29630 8014 29023 8076 28732 8132 28648 8162 28396 9162 28325 10531 27599 10741 27397 10812 27358 10928 27199 11030 26854 11187 26481 11462 26024 11855 25691 12016 25683 12117 25443 12239 25413 13280 25412 13473 25062 13611 24883 13718 24554 14837 24532 15749 23173 16416 22994 16482 22556 16877 22495 16985 22378 17060 22309 17159 22240 17881 21930 18132 20568 18287 20489 18326 20226 18679 19558 18982 19442 19017
470 29865 523 29462 548 29300 641 29217 666 29039 1092 27889 1198 27242 1250 26509 1532 26476 1783 25598 3565 25354 4679 24548 4880 23730 4975 23394 5155 22983 5743 22313 5915 22120 6315 22064 6564 21193 7076 20716 7123 20430 7341 19746 7968 19721 8171 19557 10114 19555 10276 19217 10366 18798 10402 18406 10681 18077 11439 17994 13218 17275 13662 15959 13690 15869 13792 14350 14046 14235 14073
3598 30416 5338 26864 6374 21334 7705 20433 9949 14315
1292 32226 1699 31729 1823 30297 2295 29638 2407 29520 2525 27328 3403 27130 3924 25910 4629 25249 4961 23337 5194 22614 5661 22356 5714 21865 5877 21840 5958 21828 6029 20742 6232 19307 6272 18367 6522 17489 6775 16685 7257 16343 7550 16125 7601 15278 7701 14870 7870 14559 7985 13900 8014 11588 8489 11259 8698 10556 9468 10156
1249 31875 3871 24918 8526 23736 8837 23693 8999 23086 12451 20977 16736 20915
188 32211 1320 32063 5471 32000 5905 30905 5932 29947 6182 29239 6463 28662 7670 27266 8442 25394 9836 24556 10490 24373 11074 23649 11092 23114 11811 20854 12464 20778 12858 19840 12976 19657 14069 19143 14253 18821 15029 18630 17075 18100 17703
129 32759 203 32540 1313 32528 2393 32468 3184 32023 3543 31677 3631 30227 4344 28453 4373 27992 5347 27899 6508 25728 7103 25403 8773 25198 8834 25174 9004 24892 9094 24204 9439 23562 10251 23440 10445 23218 10760 22639 11496 22185 12606 21647 13822 21599 13969 21358 14346 20893 14498 19480 15389 17887 16517
14176 28190 14819 24959 17668 24202 20419 23025 22213
537 29873 914 28893 1077 27682 1367 27540 1479 25412 3980 24261 5805 23376 7836 22970 8947 21679 9752 19637 10064 18545 10256 18056 10871 17825 11945 14624 12532 13251 12868
954 32445 1120 31916 1359 31607 1366 29822 1442 29818 1447 29499 1473 29076 1512 28911 1691 28883 3497 28793 3887 28263 4057 28158 4303 28078 5059 28076 6765 27870 6956 27027 7251 26999 7563 26422 7672 25978 7758 25562 7924 24912 9063 23015 9184 22707 10049 22060 10063 21977 10094 21131 10373 21034 10985 20730 12535 20450 13148 19590 13434 19338 13447 19067 14455 18550 15147 17962 15908 16851 16278 16837 16415
333 32255 371 31744 910 31218 1019 30912 1736 30453 1844 30257 3347 29850 4498 29754 4518 29493 4960 29349 5347 29304 5780 28719 6672 28238 7264 27197 10172 26370 10443 25971 11349 25321 15239 24937 16183 24539 16486 22594 17320 22407 17427 21991 18046 20438 18228 19978 18265 19785 19202
3474 32654 4533 26940 5052 24765 6496 19641 11337 14974 11405 14345 11979
869 23979 1530 23446 1592 22499 4077 22354 4816 22333 5256 22007 7911 15970 9501 14255 9703 12866 11294
1459 32422 2240 31999 3820 31450 4649 31374 5200 31283 5827 31206 6643 30799 6673 30520 7020 30313 8302 30250 8455 28479 11796 28287 11870 28273 12103 27793 12206 27701 12944 27636 13005 26161 14063 26001 16918 25548 17639 24973 17659 22902 18691 22872 18768 22851 19419 22293 20345 21363
89 31334 136 31330 279 30276 2875 29606 3633 28912 3715 28725 3775 27773 4492 27490 5049 26777 6861 26634 6946 25948 7955 25313 9059 24907 9226 24887 9249 24554 9311 24316 10168 21231 11735 21084 11790 20691 12745 20559 13367 19891 14065 19159 15154 19045 15480 18964 16394 18418 16519 17402 16941
408 31779 509 31365 670 30956 975 30550 1160 30481 1338 30332 1358 29041 1998 27918 2850 27261 3633 27002 5128 26427 5170 26144 6845 24997 7051 24660 8290 24574 8487 24023 8643 23189 8673 23117 9584 22800 9790 21905 10162 20699 10632 19939 10710 18396 11925 17747 12893 16504 14005 14822 14127
166 32460 1783 31909 2277 31450 2333 31293 2387 30605 2648 30224 2836 29112 4390 28455 4396 28312 4440 27580 4996 25557 5069 25340 5314 24918 5865 24116 6214 23868 6764 23682 7136 22956 7241 22456 7296 22445 7681 22292 8931 21839 10772 20940 11691 20438 12192 19636 12417 19538 12980 19529 13153 19206 13292 18710 13533 18568 13637 18485 13708 17417 13943 17186 14769 16338 14935 16235 15107 15287
648 30899 1135 29523 6057 28774 6412 28331 6671 27790 9495 27503 10023 24304 10404 24043 10430 23790 13357 23257 14633 22725 15056 22481 16097 17323 16132 16292
2303 32579 3528 32157 4148 28105 12712 27332 21309 26533 23944 25495
216 31771 487 31649 1747 31506 3081 30886 3222 29243 5172 28913 6131 28452 6611 28158 7457 27726 8595 27287 9462 27003 11243 24492 11628 24468 11632 24313 12969 23171 13596 22528 13906 22436 13920 21065 14015 20015 17378 19203 18994 19016
1459 31904 1616 31628 2289 30882 4828 21758 5114 19530 5421 18989 5994 18592 6003 17644 7265 17627 7412 17070 8277 16953 9268 16748 10699 16426 11057 15379 11129 13312 12831 13300
40 32579 685 32196 817 31890 1114 31861 1653 31815 2026 31687 2423 30066 3001 29123 3190 29090 3372 28515 3617 28189 3681 28099 5216 27959 6028 27309 7394 26970 7408 26872 7608 25765 7623 25725 7698 25619 8563 25608 8993 25405 10032 24869 10891 24799 11666 24603 12313 24067 12498 23369 13090 23208 13422 22913 13587 22697 13783 22081 14814 21704 15265 21103 15338 20325 15385 20124 15461 19621 15523 19601 15601 19442 16126 18861 16313 18185 16636 17201 17049 17161 17049 17089 17082
4048 32475 4127 31123 5164 30293 6262 26801 9612 24549 11768 24004 13539 22767 16903 19753 18132 18775
124 32188 506 32127 1588 31689 1754 31318 1782 30475 1976 29843 2132 29587 2157 29361 2289 29332 2637 29167 3787 28987 4075 28116 4179 27955 5022 27903 5950 27475 7028 27041 7693 26973 7716 26277 8835 26164 9229 25255 11057 25243 12882 23565 12942 23523 13135 23495 13442 23030 13984 22771 14410 22541 14599 22470 14865 22381 14983 22189 16475 22096 16579 21272 16615 21145 17071 21133 17183 21123 18109 20404 18551 19855 18570 19847 18987 19795
2333 31407 3187 29322 5488 26432 6560 22962 9046 21810 10162 20841 10296 20404 13143 18199 16826 17666
984 32661 1807 32390 1847 32111 2470 30609 2749 30366 4558 30255 4991 29343 5516 28976 6294 28941 6357 28771 6417 28384 6880 27964 7129 26995 8189 26406 8236 26297 8556 24932 8796 24899 9676 24194 10160 23961 10286 23244 10736 23186 10853 23185 10905 22902 11519 22518 12151 22472 12425 22057 12562 21337 12993 20518 13670 20268 14784 20116 14925 19885 15165 19546 16080 19512 16179 19437 16583 19413 16598 19188 16712 18291 16902 18175 17118 18046 17911
42 32261 243 32201 928 31936 1072 31254 1312 31028 3000 30728 3989 30696 4273 30206 5019 29756 5287 29302 5378 29288 5831 29243 5990 28989 6499 28648 7182 28612 8229 28603 8291 27874 8841 26383 9025 25924 9408 25051 9479 25013 9499 23690 10036 23243 10051 22099 10074 21877 10473 21671 10910 21520 11055 21440 11206 20660 11546 20586 11750 20557 12526 20387 12676 20142 12677 19869 12720 19784 14052 19710 14300 19434 14876 19272 14956 19069 15051 18595 15275 18095 15461 17977 16228 17581 16619 16878 16871
8 32295 810 31979 1517 31706 2042 30559 4550 30382 4728 29728 4751 27790 5498 27022 5605 26971 6168 26698 6290 26029 6329 25978 6684 25922 7093 25729 8839 25687 9438 25653 9800 25411 10023 25319 10778 25062 12003 24834 12105 24070 12127 24036 12652 23299 12665 23206 12976 22733 13057 22466 13898 20385 14404 19969 14650 19466 14715 19153 14727 18664 14999 18304 15083 17307 16266 17070 16290 17046 16862
1364 30890 2187 26671 3909 25744 6720 24918 8311 13085 9637
527 32154 2334 31637 3837 31321 5129 31153 5239 30329 6466 30304 6770 29620 8499 28308 9227 27209 9970 26319 10837 25789 10917 25727 11009 25209 11321 24735 11958 24311 13176 23986 13266 23725 13523 23592 14500 22881 18733 21950 19464 21795 20280 21523 20758
11 32588 186 32528 592 32400 752 31651 1732 31274 2288 30974 2529 30819 3715 30679 3905 30294 4172 29484 4377 29405 4479 29269 4573 28466 4832 28022 4968 27921 6250 27807 6429 27761 6808 27069 7382 25896 7528 25607 7530 25462 7728 25382 7743 25206 8189 24645 8648 24285 8718 23910 8785 23868 8970 23790 9074 23435 9233 22836 9687 21842 9765 21403 10259 20781 10305 20227 10736 20191 10955 19867 11000 19831 12204 19767 16185 19752 16202 19620 16275 19543 16319 18750 17334 18747 17501 17523
143 32586 1254 32128 1922 32068 1983 30796 2651 30732 2909 28894 2922 28590 2956 28244 4155 27268 4862 26743 6482 26703 6519 26292 6635 25897 6758 24713 6950 24501 7017 24004 7103 23772 7153 23202 7562 22956 8308 22842 8542 22832 8810 22625 8941 22333 9112 22113 9412 21715 10089 21511 10132 21227 10296 20219 10352 20072 10355 19724 10450 18937 10678 18812 10788 18800 11246 18285 11291 18263 11386 18045 11389 17109 11552 16813 11889 15779 12205 15714 12461 15153 12539 13524 12716 12965
958 30245 1912 29184 2456 26429 2971 26366 4161 19564 7296 15080 11742 14773 11751 12653
843 32307 996 32101 1081 31559 1412 31390 1485 31159 2867 30923 2904 30716 3433 30645 4242 29833 4500 29400 4814 29002 5274 27056 5740 27025 5813 26958 6503 26956 6953 26448 8292 25700 8396 25294 8699 24745 8841 24673 9017 24657 9174 24350 9545 23588 9663 23132 9798 22699 10668 22494 11072 22411 12519 20347 13082 20003 15134 19631 15192 18301 15642 18006 15951 17956 16111 17928 16580 17290
735 29959 1728 29514 2612 29007 2900 28579 3314 28371 3786 24979 4621 24404 6141 24145 6204 24092 7054 24055 7492 23710 7817 22645 9919 20809 10053 19735 10284 19616 10406 19487 10972 17838 12692 16340 13593 15136
521 32438 635 30895 918 30828 1585 30535 2451 29987 2671 29304 3006 28646 3095 27756 4334 27302 5261 26552 5750 26413 6390 24865 7561 24646 9796 24061 9927 22465 10979 22135 11213 21944 11365 21855 11492 21769 11736 20711 12420 20566 12447 19977 13775 19302 13906 19106 15009 18740 16376 17915 16380 17333 16400 17209 16667 17067
371 32193 710 31780 815 31025 827 30116 1050 30052 1978 29918 2163 29821 2316 29475 2575 29235 3222 28578 4329 27551 4461 27378 4565 26450 4572 26044 4680 24723 4829 24643 4919 23914 4936 23856 5967 23380 6371 23356 7034 23355 8106 23272 10670 23093 10857 23076 11152 22817 11265 21929 11454 21855 11704 21736 12182 21685 12433 20725 12457 20253 12821 20208 13002 19660 13477 19058 13970 18577 15167 18017 15202 17872 15657 17407 16518 17364 16522 17137 16598
1462 28739 18046 27142 19480 26622
342 32455 2416 32443 2547 32416 3039 32213 3402 31972 3465 30973 3904 29753 4428 29589 4429 28799 4697 28482 5174 28243 5359 27934 6342 27603 6737 26735 6782 26596 7003 26041 7676 25856 7684 25673 8193 25486 8448 23772 9489 23695 9857 23387 11095 22922 11285 22712 11298 22430 12007 22263 12042 21132 13852 20912 14300 20882 14524 20466 14956 20022 15213 19573 16114 18073 16424 18043 16666 17983 16681 17620 17172 17378
552 32643 985 32590 1697 32383 2162 31835 2820 31620 3133 29597 5263 29288 5561 27572 5726 26598 5847 25324 6060 24098 6214 23605 6309 23179 6326 22851 6622 22245 8494 20364 10709 20193 10867 18704 11206 18652 12036 18548 12398 18085 12592 15957 13313 15846 14368 14442
362 32725 1155 32087 1242 31903 1285 31455 3636 31395 4210 30293 5319 29198 5537 29196 7791 29144 7881 27054 8964 26962 9397 26557 9413 26208 10390 25991 10657 25745 11409 25104 11617 25013 12090 23956 13167 23695 14049 23489 14201 22927 14212 21682 14868 19833 16075 18664 17038 18603 18262
67 32707 892 32436 1036 32255 1863 31751 2552 31472 3292 31246 4380 31033 5462 28482 5783 27634 5783 27575 5794 26691 6503 26325 6556 26310 7960 25099 8734 25091 9052 25004 9124 24778 9382 24769 9444 24457 10094 23816 10475 23571 11407 23502 11588 22844 12024 22209 12033 22107 12210 21784 12971 21611 13619 20089 14473 19323 14994 18494 15343 18200 16205 17804 16318 17790 16399 17742 16991 17722 17190 17372
284 32645 289 32592 496 32556 1744 32482 2018 32032 2071 31856 2100 31734 2542 31639 3242 31458 3417 31256 4107 31119 4137 30617 6048 30585 6050 30133 6217 30034 7092 28667 7763 28228 7945 27150 9348 26801 9427 26733 9497 26656 9548 26621 9849 25933 10121 25217 10237 24827 10841 24674 11384 24558 12047 23609 12101 23153 12262 22992 12734 22100 13600 21949 14302 21556 14408 21513 14613 21282 15468 21199 15649 20890 15689 20384 15769 19574 15928 18985 16058 18859 16157 18711 16444 18640 17238 18377 17530 17671 17605 17614
183 32677 303 32454 1464 32292 1654 31795 2444 31708 2567 31551 3664 31175 4863 31150 5108 30115 6197 30041 6485 29878 6701 29665 6839 29263 7100 29239 7387 28494 7464 27720 7482 26915 7548 26755 7609 26460 7692 26120 7766 25452 8004 25399 8230 24701 8722 23492 9251 22433 9976 21982 10218 21861 10521 21397 10850 21388 11765 21165 11978 21153 12888 20467 13093 20466 13347 19686 13440 19649 15084 19542 16172 18724 16293 18009 16413 17880 17225 17785 17760 17784
105 30137 1122 29974 1174 29801 3558 28116 4065 25985 4561 25844 4606 25824 4938 25013 5519 24908 7880 24367 8727 24131 9139 23941 9667 23937 9880 23450 10087 23421 10517 22952 11452 22275 12341 22081 12562 22003 15753 20832 18467 20363 18606 19360 18920 19246
1513 32002 3383 29213 3502 28858 3743 28776 5661 28316 8424 28033 10397 27992 11531 25925 12859 25237 13158 23872 13693 22981 14379 20996 17366 19538 17920 18293
1781 28308 6921 23119 11029 21991 11709
999 26385 6532 21315 9413 20803 10462 19728 12525 19272 16504
797 32271 858 31899 1191 31867 1623 31647 1657 29902 2457 29735 2875 29080 3065 28933 3582 27855 3948 27592 4522 26588 4804 26028 5194 25788 5222 24845 6038 24330 7098 23408 7615 23183 7682 23147 7767 21998 7911 20748 8101 20246 9550 20182 10426 20167 11026 20085 11073 20069 12801 18468 13027 17676 14552 17007 14846 16573 15246 16554 15530
170 32532 959 28853 5129 28623 8519 27995 11705 27706 12182 18967 12452
585 32732 1159 31947 1658 30465 1878 30395 1950 30386 2311 30298 2744 29525 3512 29456 3543 28804 3632 28653 3888 28470 4111 27767 5049 26757 5377 26751 6051 26748 6140 26480 7084 25181 7297 25046 8128 24684 9183 24236 9344 24214 10743 24042 11839 23782 12228 23349 12792 23322 12892 22856 14166 22140 14260 20921 14424 20877 14541 20448 15702 19921 16218 19820 16593 19669 16878 19647 17150 19508 17542 18920 17594 18815 17751 18766 18031 18382 18142 18318
812 32665 1110 32345 1603 32287 1815 31547 1923 31135 2787 30453 3153 30450 3157 29264 3228 29047 3393 28226 3403 28028 3715 27228 4511 27172 4684 27107 4728 26368 4794 26325 5373 26201 5697 26125 5726 26101 6172 25791 6760 25679 7106 25296 7187 25291 7366 24327 7787 23746 8145 23547 8271 23442 8914 23408 8942 23320 9431 22570 9511 22430 10230 22245 10380 21889 11013 21403 11802 20569 12146 20198 12738 20160 13309 19803 13664 19228 13754 18762 14223 18624 14672 18607 15174 18118 15200 17254 15383 17199 15388 16934 15419 16889 15458 16884 15916 16667 16143
1882 32577 1903 32084 2504 31714 3291 31666 3401 31198 3638 30781 4170 30741 4620 30295 5164 29873 5489 28763 5681 28570 6306 28351 7396 26530 7776 26440 8131 26346 8882 26249 9280 25828 9567 25811 10534 25680 10732 25341 12199 24574 12648 24040 12861 23630 13559 22599 13871 22530 14373 22153 16154 20862 16644 19538 17464 19209 17818 18278 17876 18151 17965 18060
544 32171 1417 32031 1925 31748 2017 31699 3003 31332 3158 31134 3264 30580 3562 29376 4056 29254 4142 28471 4218 28455 4607 27883 4709 27825 5182 26442 5220 26201 5775 25888 6138 25774 6479 25746 6538 24746 7110 24669 7130 22354 8241 22142 8410 21725 9438 21409 9519 21389 9582 21380 9624 21362 10028 21240 10061 21058 10281 20989 10785 20329 10888 19900 11151 19681 11342 19646 11426 19564 12123 19541 12237 18779 13117 18503 14216 18025 14420 17946 14656 17783 14949 17328 15073 16840 15435 16773 15453 16693 15473 16234 15538 15745 15706
156 32232 2463 31854 2539 31367 3300 29932 3975 29468 4339 29440 4474 28716 5098 28606 5802 28407 5813 28142 7444 27858 8189 27560 9566 27323 9932 24436 12092 24433 12758 24146 13696 23470 14236 23460 14361 23448 14442 20927 14502 20649 15085 20101 16413 18822 17172 18535 17738 18495 18141
2427 31361 3479 31274 3505 30174 4129 29555 4797 28103 6684 26545 6871 25548 7439 24229 7679 23978 8793 23856 10327 23185 10405 23157 12547 22739 12961 21967 13331 20318 13720 19459 15251 19458 15886 18876 16275
73 32706 510 32445 712 32416 1247 32273 1607 31507 1720 30931 1786 29548 2257 29492 2446 27434 2685 27202 2759 26912 2957 26080 3010 24929 3427 24491 3440 24138 3812 24108 3895 23891 4351 23499 4890 23090 4979 21367 5983 20902 6115 20250 7678 20150 8884 19760 8949 19146 9086 19085 9344 18871 9514 17240 9825 16101 11306 15547 11950 15544 12205 14575 12883 14506 13776 14462 13995 14330
