6
2
40
31
1562
506
3364
446
154
4420
228
6388
38
305
1963
968
7192
301
2886
303
3033
297
1087
502
1017
906
107
20
765
1767
15698
2827
675
4841
2621
261
3047
226
2421
1924
10001
5843
1015
1751
7003
320
4541
777
272
1828
183
1439
566
5345
1654
2426
151
881
6592
1805
900
7475
1565
376
3637
1216
7376
5319
1532
779
4644
1495
5608
1156
2621
1677
2965
6387
2266
742
2249
673
3141
646
6432
2373
3939
730
874
966
4236
1996
8903
1914
10127
4682
180
471
3441
187
194
7712
1962
1849
8389
10442
2988
1197
794
2111
5262
142
3031
308
1503
8533
2760
7045
82
357
633
470
5390
2278
2491
9945
3441
2556
909
9217
331
3368
3386
5057
819
1064
2025
209
563
1597
1754
2744
9087
2271
2054
7103
813
5353
5510
1519
1213
1344
890
464
3225
2813
697
1505
5768
3410
4176
5794
320
1766
1217
214
3407
3510
5464
56
2384
3030
2846
3716
3434
3012
1648
4766
1689
2299
5079
38
4814
693
4096
1900
1168
3409
2020
348
184
103
558
6605
456
3963
2861
422
4017
258
600
11168
1265
1672
1278
2125
1453
401
769
48
50
314
302
3484
142
260
38
852
6436
3865
1632
1039
823
2653
6871
9046
8561
1695
7953
3222
2551
861
742
26
412
2542
898
398
4285
3791
206
2560
4250
1490
2989
16
560
208
1108
3853
1744
42
3653
2475
1005
5980
218
512
3459
331
26
839
4282
1807
5902
3166
2343
1747
6157
3518
908
2920
8826
3410
922
1105
14830
2973
651
1905
4028
1188
632
505
2945
5092
2308
250
788
691
244
4496
1467
679
2184
1989
2762
110
7590
6581
1208
590
3334
722
418
44
3488
823
3464
202
4028
1604
197
1223
2681
4392
409
4289
3529
4644
176
9176
3338
643
5603
5895
1120
266
4418
4098
2010
7524
1550
5517
1088
418
723
6837
304
5285
426
420
461
2060
2637
975
471
685
2306
513
477
666
1180
1749
2023
839
2430
6078
295
1832
645
2826
2375
1027
1196
1918
4471
1225
235
3172
1210
270
1297
1153
2515
690
1518
636
5939
27
8613
350
5300
127
561
456
2015
2075
3149
1713
7218
1807
507
1826
840
95
537
3645
3322
1429
1907
3002
1969
810
848
1412
5529
2128
2145
10377
643
2376
2573
1519
5114
1122
461
264
5656
1021
1144
87
2733
69
8484
1690
5359
1679
1297
21
920
1520
1647
1345
7765
291
134
1909
1135
977
158
5876
465
1735
207
829
4888
1094
1096
4871
1820
2224
4012
4542
1260
475
1155
1707
12
322
416
1759
70
950
1757
51
3383
145
3231
2333
361
1362
254
2101
2847
1770
3412
3672
1605
8353
2406
347
4124
5326
925
9436
328
3049
4358
2073
344
4817
5970
5675
4381
6
1100
1927
4677
5245
241
436
129
4429
2260
3580
199
3702
233
170
6241
71
4690
13
3119
172
152
1541
908
495
393
791
1842
9284
693
483
59
3285
313
4232
2319
5079
2784
1782
5125
3192
9533
660
1402
367
6046
6009
495
1125
1878
1818
1384
569
6696
864
1419
1045
3968
601
4642
4329
3275
2188
3034
5293
1576
9620
1078
4913
335
5152
5748
3166
6090
1774
3884
5573
749
2556
89
1397
3056
6213
639
9771
715
951
995
374
2755
1071
1755
77
998
1254
5328
1012
134
26
531
1319
10484
2949
15025
3494
1461
5202
2501
6399
961
4114
3177
2276
167
1994
2065
10753
20
1633
4458
89
4627
1276
4819
11000
45
384
4673
2871
993
525
5083
4802
134
2274
3301
7299
8403
10460
490
1570
4695
7673
3453
901
6974
285
1220
1555
461
3438
31
51
1264
2432
4672
567
4254
1998
1482
5382
970
4159
647
2872
6269
4173
6631
2237
1032
1690
5301
1825
1862
922
2347
1461
189
68
393
2445
613
209
654
996
1418
4670
780
287
2807
2031
2938
11082
1066
8539
2476
6468
3575
405
265
9160
1790
680
2460
966
1434
783
352
30
433
134
335
2349
4279
4941
2851
261
1680
1488
4066
4776
1992
5147
8674
933
4112
1138
1610
4250
37
4069
2064
186
1222
441
183
719
3653
9149
1315
3288
2471
3861
2965
3604
1700
379
2318
6624
1906
30
1526
2001
3310
61
367
4092
2076
4974
1086
3183
2977
4828
2909
2456
1160
2126
866
9113
73
1465
293
1934
1329
1183
284
7807
1121
681
365
1124
754
5837
361
4327
4071
255
504
1085
478
3403
1139
5655
1890
2538
74
814
1420
5389
473
976
242
271
384
132
6430
218
2964
1883
5254
1226
703
2074
93
584
1234
5240
1542
550
388
4931
8068
10028
1134
4475
1736
5410
8243
460
932
1678
367
1694
196
4132
6462
49
6388
244
2049
474
73
8585
4181
2820
3407
296
439
8018
67
1671
594
6468
7282
1065
4359
408
8489
2714
1708
5213
1716
152
833
3864
1683
362
3589
1828
272
5537
7882
710
4619
2542
358
2965
2868
1471
2266
1119
1400
7666
2114
3233
2752
717
13606
11423
3693
1010
1564
667
1016
5524
1799
3080
1985
2151
61
2604
5653
1226
528
7151
5563
1099
1094
4343
1566
5942
682
5329
2792
4589
6679
1376
546
775
289
336
890
4536
1981
1983
3573
8209
631
1694
577
789
1736
1347
14539
1058
3176
2273
170
870
447
244
1735
1188
3751
779
691
58
6011
565
3727
4090
272
440
357
73
1463
1170
522
3478
6040
429
3489
396
774
3648
1442
248
5766
789
1620
5236
2367
5229
799
374
1920
814
1038
581
436
3406
377
5288
1645
4707
1083
5258
256
4380
1386
266
2802
1015
495
853
10940
450
2725
3507
977
276
4125
327
3687
3911
4283
1176
123
83
