UVWXYZABCDEFGHIJKLMNOPQRST
MY DARLING BINGXIANG, I CANOT EXIST WITHOUT YOU~
MY HEART IS WITH YOU
6+KYtB9`c]}62Aq^K-={Q?\o+)1#I+6oS?A0CE2j]OO<Gam2P_8<E=L?`3S+wh)~~Ssh,F5 I*?cK~^MY25Uc]Ks6WJU~;?w&}e23G~=+6i99d`2<+MEHC~>QA66<]6Uj`?u)5kGCgXYD mqY-6
y36+z8SGe.]XhA&<>O)=O^z(]S2}<sO!:}K6wgLe$|J^y8<O$}[)u~oY\yvkSHk(N|]~28O\~|`S]z2]Qu~2?s2eEUQKYfQ[c~?g%v|?wZ-K*O$IK61~e*O<ReCS6~S~BsiWJhSKGhRV224|2p2
PhG>)qz/:cR6/:=oCUoT;gj~o~c]sC296A!AmSS{gCX~O~9NG=LZG2$C*}27kF4^$KNo+E()AoSrYUaJSgs]1~|Ert+[GSNz ggM2~_+Y?mA{~%=S+_/w~|[O+CxKg5C~*S+:Vu9AoKTOU:>6+.
KSg^wY,IKIwA9q*(VGDA+>asbBx6g/ZaC?46KRd~?wo?WlSk5`9BC**x?U*C{YOi~k}sj=c0dO]Z~$`G^YEOS=A6<rEGiSqU2())~$eY<TeOAS?tmkwAgeskg=t9c]wMCH8)ySm~],fg&|2H*K<
?*EdhzT2,+qg5;+=<]A~EU~eS2qTzCE~cwIS$W~u^?Cg*fWwC0??Cm~PWY*K*mo{~+Mn42i?(5tY6>t<+^z![coQs}UAUgM4vE)<a]}/rc<S?Su>2k<sw<CY9/~].W+UFsSc9aKoG~%G]QA5T+o
UmWfgw$9ES^BcH|K:~<~G2*KOM#4Fsw0A//]vY$OE6B<)<h]`Gy3DG]Eueo3;]|duXQlKoc+AV1:!]oeg|cx2&i}K~fKuwIQ=~*Ooift* e)#>5$$?Q9g$[AgG=*Swwi&ok]<ne~9n2Dw4g)|KL
g=?2i~f9GbdEr+gZ~GsUkN<<sJT/<`CgF~?cOEAY`<$:SIOCsM6+Ot+u:qo6mKdF+T9L$xIRS$zs^vM+]acj`&ii`Uo7I:-!^\mQ*sC[k[sx9dLq=k :esEMSe~QUE}]#+A}/yG:s&M66AG? ?}
|,Jok+O!OqSf<2r4x\[k7g{_`s~=dm#i}e[o~akI<)iIsKr14h}(IO|A]q{6YlU}6vqCw7 M>e}y8o8A2mG>=<yJ.<6L?W:aY^<=5~8pA^2J|}+UgSk$+^#`|+E}~~0tG_eKG~o*ea6;U;?i5]j
dykAz`b|3Qm5 DsSA^6e~qQROg+cj2Aj`MoSHj8]A~xBvMcpWiBCgk]2Y><t?:~I-w~q9U]G)\T^cB<y~2S}=!?}Cfa+IA~6w4=O}a]%aHadE6EG6A2Hio|0:ab|?S$cB+~yUXlsLo/|J]-+uwa
A?s8/GD$V+O}dg6+gk4k6k~Q<$S](6u<?)ckwh|W$2^v(Ao|3|G6,a=$?gcRE~O#/?s4UAO8QkA=/ewKeWgrq,02<w+pI|]J|g%|M[KI~Ok:oSU<9T~kr$2^U|TAOs5iEYFeFoS%12 ==/Y-;Od
+97C?C^+<Ok);j?o:yeS]W:*/U^4;~Skf4v<u-)9^#^6MK!CSI*oI+i~SAWPv~;q`sO4/$/|o*<4390\WwdGwt~TKU$9S]{wo?^F~h~c0LwWp$s_8/m~Gg<\~/lGoh/5?>w<*Vo~c`m2_w1ZQ:U
Q~oH<<2Ug!I}YQ6#6RLcKG0dSWU?IE|A<,q]==(UL}%s-]~~PBNpKG2][Gw$auOw-0=jg.$o]<sk2FCOWpYQ!AB?GOL??A/%<cp|SIM:yWxI~6K*Wc8`<`A*dgKq=~cx0iX~2%sC%AM*Ck}cp]~
\5n]~\+g]Os~spgKUXh1~eUZoO=;igF8iwesO?&w7wcarPs1kw?~/f~Cc~PZ+{CUz+w*#`$iA>IvOJ~f<2o~?m:p=<)E*{|I5O%CIi<Y2r*Km>~~;6*26]+goAqm24AI7|kA(~+}Q~QYvOk??<g
636$esf#_u*IewsUuCK3dy?OdH7O6vqeFAoOAuPY_2*~oYTeqSsQo2?8BNd~$*L6WKi~A+:QI*_k]6c]E+c`cS?8ck}w!sR<cb*=~H%j<Oj0fojCQoE_U~Eg*m]6~gGbdf|pw6t*~5T$]2{\C?n
<}5o4$QISE$V9n7SJ6skGKN8~]e<rk^&acW|IFO]|Vkc%<)Y*WwYI~{`$bS+/4AG|JYseBErr$A;2^7uB/{wC|*g2SCcO/A<c>GwA|L,s}c$WeMwi6Z]?<*}WP^l/&*:ez]ry(,|o~S0<6bx5Lo
5_>/~f2wH=-+3h]KgAz8AVr|Y2$dGw}j)y:>p+*O]A?kg~co>?$]#;?$s+3mOr~IsOkU)KCS[G.Fa~r8G]C2uY<YFsCCSC]]*$;cE$)Vl~i3<}ogG26ko~;L6WWYGycJITdK,?*g~Hv]+*ko:4~
2CE?YIgQwoh#uwwfI&Y|8Kw{|C]kvy]js~aY?gjOQ=:\^G6K%keklY/g*9]Cwd`|gWJWUVc`Q$bC)|5*=t^+}DZ2dio2C.+p]e>cU|KSC6A%vm2A}OQ~C3gadmwCnYH6hR]Mw~Po<w6fMO~?ME,
d:Cixs$wY6N>~0*&[9zfUsqK<1wrRTVN)O#SQJ|622=?CUC-OIg~GUq$*O~}+q+$0CT*ekG|.Pg}w#s|[-6ou:wx)mk?YDZ3~xCU+|Gw.35VGu~GbwICaMdhYK1SK>U9m$w<4c;Q]dZmR~s :O7
IK2O+C~,0t~gk+\s:o$<gF8yI+np*Y6?g][c/0`]?mjwY~id]Oc2yk{|at0*2oGkx=NI 0skzUs?K&r<koZXk<i/ 2j#K*k=<ZUd*g|:gKdvi=|O2]?*{_oO$cw~m;JSd+S~6PK^G6gj5U4>#[F
AEQ?~G?wiAw^zZ~0$kU;]u|ClOxl7wY~Uo#<MU2eg%G%wAN6ShJTle]*gmzAg?S+dxA&2{sGZ!mUDA~m7a*f3A\+)e*|odU4mJ7YacRQ~[sOCk$vTM<UD}G[*>iYA6(S*m$e?)4lo=:z]m~Y~^)
Oo,:o:x?)hK~cv28My+-X:rs<aj_ArSS`^Sg4Gu^~qU&UC*th)P?O?8FSyOnG:aC)r((wk3_/8W2KPSs~siw|K.o2b?a(~$|?*1B_+~p*K}w2/O>I<ohwunYRK/E)iUwC;cyQMV<ctjqcqb?~d4
2O<8oQ~oOg?~c~9:wU\o8Wi52A)]`OU;~<e=|*gxtkQRGAOgYyX7d2|OsWYZ6A9uG|w^4a}q I%S$~K~2~2wPR]aE:$IwO~A ]ssQ}K+/S/~gmaoDA~>fK3fUn4cDMf:)gOh\o.|K$rw2~YU0se
~8]kwp4|w?5U%*Iwgm+]=s>uaooHCE?aLCk=J?U2J~Jp*|I?~UA2$wUK~>Y*+Yg.7yLu+cW0m$ZWG Y6C]UGIC2ncYc/?)wsC6:OM[n#^M*6g`\I5iY9~sYAEiAs~g~tsmUsx|gBY>!|x6TB`v]
(4/!e|<U05yl2Y]Q|~Qj))FCGO0~C+!$4vG2osA(wU]q8}w+A9=C]RcR`m7:Swg0QyTAbg0.%N$6|=$;](8noR?-UY]UHo~>s~+Ce=6S~+pBUOKTAe<*pc8Mi3w]<W2YoP?+_h6#2D<sNK=~Wsm
I=(78eAmM*c8orzGc1~N</X/sM$N+~`L!a~zmL$ /7sgSkw/o#\9k08k/^[YyoKg1+dg}$qKsZ;ka2aCRxelUs~z5*+|BqkfgO-0jUPpM<8)o?k$Abc2<A|=mE4\wkM.*CI|6KAK0~SwM*K*csd
~wyMW|O58W~<g]b<A;|W;|JRi=IEE0icjIig }$JZY]<:BoA$b;y4<Q/*ghDNqkkcrkiw~E(m<6a)Ra_*<_!D|d}Jgc4c=6goQk$2]*a?i8Y|0QKoy<+wC\oCTKT?f}dr/(6y!KGO+E|ilKUQN]
?;IS}~H0>Vb|W_~>WzMY>~E6:$MWzpc9guwO~:n/KJ]Qsd+o^K`Y6>UskDg?oP6/dPE=<~~V~~S]|G2?vO:/A`2STgYL|$Sd+}A,O?wggqlE0sz*Au3kCoMl<<]<~^4^a;||Q[DgK]<aEzI61k+
w<CZc|*>|D_s|G|k$+/wY/C>)4IaNe3DxaSGw}*m#~I_<-x6}Aut#Ks.~48Y+xS]A?Pyek^e4G)r]8AA9C:dc|LMGC86k#S0IgSN$<6<3\k;osdA>+3hev~~tou$iYY6OY&^*8sQK*s|MW]Q:WO
BO}Qg$beV=IQ~4:M#J/~~;Uoai.xp2)B%6do~<~4RA*G]CYcNCiw!KC{q_4s6:Kt|MUU2U5!U>+?ajH^(]c3/+W~B<>Yshqy!n)~$T]*oY<A/<CaUO_xERoWlOWwS?*8qt?*s][X;k~]Gw\/4)8
~o*!+wgH%yf soQOws+eH<`kj3&|$c}J+;pw~{<k3m)~Uyxs?Uh&kiU?D5~q]+u`GkBAw`)s8fkE[PY<Sik^=$cs<q)}A2O$K?6U$+?6sKo6YM~y`3joG$a<Guc^jPaHCHAWK*S( \<s8SS~]1Y
MP:nRaAm}wkS]Adn:oQo<^=I~}wS#w$][AOb|~jQSg]:/N/]?\3SMO}A\-(2$sv8fG^.&Cuw?g:6{F0]$do9*qCC]8;UcI[wc]Os*~O1o~q~~{|$:G<~7 wscrw`l3H~gV|Y(w4*_fg2IOP+w,w
~4M*}n?gGmooiuu6e\CKkRqm6$O~A^0?~c47n]2A*+ek~Ud~+u)<~$;-wgzyn6NeIAM+uGk]=+/GmwC20O6|0xs~?cv39S~]}VKs%~G$0E82~{%6Pc2W}oGic|GDcKWqkq*HodJF5yn/Cg]T.E/
?!w 7cAK1(/IQL)soq]R<1~c*~n$iIY~Kg]N<<c~8DoU6T8YUcYnla7/i2pICi^CSLK(|`cU|dwT)Cps*E*qgY~Xq~~KXNK5KOk$8o2h+gxps#~~JGk6$.!:%c~~P?+}ckS.`u}S0Q*& e~qO4~
dWx$*d2em?()~bmewKU~84GSw:|6?^2hs*uiY~o7u|v)}1kk~8Ic8*2dwKnd]du-\NMed~2<wY2/%7G?8Ko{3WOJsR ~a=anTf+s >&61uG=6G9Gu/AskMJ$ko8A+S$|`$gW[B^Gg3cNi6?t0y*
Kc>aGOOS28S=fo.IJ$Oy(.JjqY\M*oFkDo`)=^gNZosSSOXk<ykA*OmuZYK>;C|<Eyg$a~^Sa8L^ZwCg>|g~Q$/Eru+<>+H<qrKgw*Y*2:rh,1$GzWy?$$o#<dq}VS*<oY~UJY{K>=>HSk2sUCC
u0?nK>3+g^]*~s7A?AHS6L6R[wqFc0&t%_2w~|UGklBOG6~0!7,Kg:G9Ycc~NAKUE~9N?KzLOg?ogQH~]S<wceSSsMtSBKV~QH+:Y6qswslAkF6s~dX^]Q$~d!dU<UCP$w 22<[;BoYuyK,~&wA
YQV~OE~\\Vzi+ZsngY$|UsI~z]&||2v>G666me[sQ0KK)Ik~6a+6TS~=gqCs:DcmK<GATsigU+=R:C:+Us|Ck*y2**WEY<$CUdY+<q&:ugw<&G6`ucG~{cq?|: <|p`K$KPcaK?$F*)C~DA)A|F
MOuo1yC~wSe*{k/O:hNMnaw9c6TYSCiLU<VKoE=_6 Uj6K2=/UJcwQce*G+KYkc0kR]noK?p+~Nb>|Bgm*Oqr0/?FI,+AlS|ggpH2wK~KOopm=]7Y]Tk>&+xAY;teSk{|{Y2VOGU?W%$k]3AjF/
*W]8</r]:e2df<s0]U{~E*w1DWG)gF<?idKgoZ,?JMD~i!G>JF4U:mg}%p~]M-ewd~<|-fK6s\*+U-K~Cocw~*#:IMc<(OC) B`a6]0~~UAa~M~6]?maWSUi<6B>iw^\|H|fsAd%tC<;GKF9FUI
KU&dGOXOAaFCYQE:wEAke~<AgE,iYnYLkU5yM<)~:W+Ky,Q+CVk)jsYo~qe=23ctG)M|om*eqPkhW8S`d*<~o-<~X2m8MYaSU20M<K/c]~\7<`kA]LZ2sl2<g6Q}o|}><OL]^8~] G_:ccM2WQc
?n<mA|0+~M]*Swys:9Arx$2Prk*Sml~)*6~Su5^2Cg)rXDcv`s6<(C!*>|ga:RG44UqG?CvsEISkYL3t$eUIxG2UOS$uHKg6GQ|Yg}P7|`^~?f|~WhA<?gQ_z;?xWYSa=rC2==gU6?Sco6~$ag4
s?lo]lwAdz/&SC]?Yw0iwSnSnyc-*$;=D6fZ?O_~NewUGo/Kweh7E0~Gb8tH;K^m(GC>r)sKc+]ooOo8yxO[gA$u$]+w~[:_?~6+f$C?2]ynC?Fqc|++A4Ok{8oikI]|O6[){6sC<|*G^Vp*^G>
>PY^?QKtQ=2Y>ej9pUo3Sk$ggy?j~:kzUX{iscgVA$ok]W2l>|pYyN(~Go:+w4GI*$AdLPwf;C~\~W?>M5eK$*g>8S?|2~dLsC2#)KG~/O!O<%MIa29)O[5C64B|1A~sYk53~eEgWOdmlo.+dGc
S70Kd&d7)niJag-S>~w^%Ry~?UkCE~fk~UcOQYogSNf|4cf~<~!jg01R6<k2*2no&<7cK~KMIo/*e~gJh]Y}c<OAmaU+gUxdg]~UxWXC~/xjAsU&6]4WPdcC~2S8q;*)*IJ`=2~QMkq+QNkck9;
#(Y^+ .zqrwki<];A7vnrg/cJG%;gjS]VrX-co~W?+MIi=,qC4\2?*~F$/A86?~GgCP=:w]fqkK+)G8K+a|fC+8]aPK=gSUu~KgN(*s?nsV+laucW6!_wC*mO$d$q0_8Gd+~S:zm5G0vH],K$IE
exu\/X fO{0zqqCU0_%GK~=$sOE8IU#k:=i<_6d0o|b]W]K|GIm$OC|4T/>2cH6;2*aqD6`?>{^{UZ7IQGT)~ZOH<<nSAAo07gSdCAg~b$8AWid+O]|`7Uo^gc<Z?6~d(~K+CCC~<-?cr2jU~~$
v$X~u|BC=l8wG/B{b,CO`6yd}HuC$>e[02PNI|3.YPc? w6$3yTvyE(Ogg#*< sGesg6D2=6W[=)sO}OUKOYs0y<8SoD]Q4TLAIQ?A}Ca+/v%~~32uW4U/iy^K~cWGs,AoY|O$`ho2$*|]*dUUH
:m4]u!s!G<rak~!M<cWOP+Md%EY8NP4dK`Jk-iy*(|2=yZ{[4lg|m8kM|:X74q6Xk\ck^Pryhd<<O/?]IGExGbb|.6|sY86m+LI`~):Of*|)C:#7dy2Z_g|I<+(m<AQ>u$l&B-ZU2gC/+W8C;~A
vAw5O+bwd2P,GUI~s}a^*kVk>G2gAUl<qZA:}6?s0M0p2=;u^Wx4_ll|=cc1A,y?SK{4B~ug!xSU]evo9JG?~k8(8>6`9:|]G~&!c&R\YGQU0?Y>~-U#cc$:J1/Bs+0kDU0GdwSG96UUS$=~^wr
~K!o?cg|eQB3<UKu2]m0GsyY7{RwQS<LsUtg%n|{mC%mss\4VU*U~ge)ZY[6AGm$GRJ.EKd}6gGWc~qO}B 6EMU{00i$s+c>~QwFY,WpKC|MSqJH4SAUROm+YWoU-2O^WFEYgo(~dFrdcd$C$S<
2+W6Ulq2o+uq~K2xr><|oU[?UEsnBs2JE/[>CIp~]`Cg)]VA~w.:n4{]$~g*YA,+>LfColeK<$42OA<64g_<QKcA|)&)1GWy+F]*?wc{s5*o65m|sVY<]<k<DUQE4?|o=$.?olS3N}<Q|4dL<A`
?SW:I$mGi;ie0vAd[wYtLlGkS_A*?j]G[<~[KaOb{+dk~zO]o8x%yQdA7rg=U=CNenZLIUa**+{U}kY4LWQ2Y2wK>;/t6OmX4DGgqx<j&QS$`Lc`$|E#fTzkG)vjW?|waOoVYa~~M:g=UOl?^C*
)uFS*d|W+K^6VSGsw+S?S6+]=,~w]EN$gD4jjyN-kKdWSo!6YZA~USdoSf;yQSEqBv*|F{g*}Q+gCK<0EG%w2Kdk<P<U*~ki6=s*LH4UIO4~u-AN*b`SS46jk)%]2Gy_X}?s?>X<?=YDGG2c ~8
gxPK~k*>w~kY)o60UUE6]*?G%Ss]J~_MjF*&XAK;]SIitXM>38ksS~m88fSG`UY3*Ysk|)A*o|TZ^*:?SA[aAY:?]~G6(*Ls~|eGCO&*soc-wF$?Gsza7Hic>6!~zmA+cKR&-:m4gJy/kGb=~C%
w<AK^AkK*a0OkkA}}c4OK>7QSoagA|+=2!kCGu~-Gs~Sx~~3?~:~Gwe!~}I?bGW~g7W6w6p0~$=Cg0~S|;i]2o;EHF*U \Tk2l~]YJ5wgAs=kMa]yQC*|sAs8+C{$qQ<|_V~M[C[+<G?~SAG7O<
%/}9/G%L:mUTsukd$D(sOK6UQHSMYOgqOwH{PyB~O3n`%|c|e;uDt20Kem?OYw~dc~<~|o2YfBZdA*OFcCY6N5iVHOCOY*Qq|&ic]|*L*O~qo}c6wG1~:SL`~iifKJC\b+Fk+W?!c`Mxjgof==b
;u2tG~(?.KycA3<Asi^XzO~Hm1s~[wQIxqyo_2>ks0kSssOR5;I|?|K|2200AAd~FYy\u|QWam8L%^Ec2Y|IS6ss&x?|UrvQkAU4]xWm<W+7SwGnOzJ:~m+mokAScae~?+]}~n;c]+!O%b=5<AX
U~wwK-?0K)efPZ]yv}g]Asy*S CGqE$5}Kd||X{MaCW8AC6gw|sgw#H)$H?2?<\7g>?C^~E+w^\CG<5oK{1OOc!*^\Ge|SSjzYQ+Aw;P~kwW~!6220/{[>R~2Z$2pE=ioY*:OohbvS6UdL>L%+.
*ag0|_Oi1pC2[*]4;RFUsG*Unqjt`cau^Eks9?-E[_zz8a<<:*|I~VGX2W<2U~W]k~i!$jI{+C9`K<C97f0kK?<5KS2p?2wkLrOSc$E|PuSmGoMXPX6#K+I^o$yM/6<C4c2ywum=E*C01lOy\|c
B_]/dK,))=G|UUO`uCPte`AsJSCq]eY0Lg$mn{KO2U2GWE4~IKUmO-~QoGcqR*Swsdco?4!sKkw0)d/`2kUipM18\;Cq*E|gUwg9gK=sm<qsbus6A*VSQ YK+k6LcG~G22kd|~d>9/WsS}46_sA
!GopO&,K{+Q}>]<g]5]A~GN;wYuyg|K8-~]gtooG+]S~]2E?4#|_0u~c6+t,$tKGqw=q]z~G#CKEg)~dK:~m^gHSK$O0Y9ww<?m?dFUu6g*+`?w:$IWk$Y|`yI|YeWK=kA2\ac$co|id<Ulkw&U
~K:pjU~gSK/>K|E)s/eL4WSeVYNYC m4SAwDwc2tFZCO<`Y86s~;OSr<~Hbl]4Ym]<!Xs[s|)2\X=Bf]~*=UM]Xx/m+oSwKUE]~Ki<k=*Sy?;Ab*2s`G0oH*n]7le,_Ce*^UsKFc~~0Cd;{Nn<M
d:#sLJ/=c,#at`K]Q?~];R`SdoIe2^9G*~Y)!KG$PKgz!>+:+3gO:U]Yh+2 i/?2^&&g\Q|xPw=<Xu>%|Fo~~~RY$C$cgdcG2cQ=K$w]y-!Joj~a9>tQFSSO<k~>+,K?H7Y6=s`xN[~gUk<TEOM
Mdj<S/S>U^k-s`cA;G}^Q}U^rY)m+o?l~<1U]U\zsw8e]$K&7+4KQ:EwEW/TCsSiHmou!ESq~ u};a#sRg$86cYS\,_SJ%$cHY.:]~B-wak4]^]0cC+YG<a$CoY6gC^yC!\]BCSbeG<gOkou?cc
U_$r\F#|GKmA6#Z?]HrSU|bpSdW,CiKyZz~Pc:CP<&#K$m*kH?E.S<}o~(s,P(O.^C\u4\,IscG ,sF2Kgmo?]Gy\#$p7||TZO?aI4*XB=KL&#dv|KG2_)y:i+iGnk}X)~6{~z0;=c*#$HYn+~(
h][,|Gg6k>StGZOzLBgbUDwMS^seG2ooy<fbA;A2/oa`iko/1=9AG$obF)~OTG`uG~2GGgKCG.v;UZQ->0`~8+vd6;j.u?GU$[slKWSA26+D0hq6c+J~LS<??gUZ*XU~~=h~kN%wq>C\r=k2:t~
$A~]`0ykkwS9I:WdwC/kGWAF8e~~/Q~rxEKCeO]6JG2CdyEg-uD_?E<cYcw62^s?6G5Kmo<?.WtE7OvIk4GC~Q6+W2O9*q|1=Au]ohic<j*OFOagVsx+OKk|6d#]KCwu$~4PKsgOm?Gc:H]U$g]
|<~~yykn)qq(A+C?egk8ggLS?5gAGq4Y~gK80U:o{=K-OyGKP^89qLA?*A?1S*ZP];a2o~^kwGCN#|g~6?6jCHSP|V*KA$w?+PY]~Uo_A~[KW*\508MM||gr<jc4^}$^Y#qA<>m4O~c~m<kcwk$
CD1s2}]RGmG}<CG?$+AmiMy254*|KkG8lSd85]4<~ghkY6GL4=~/q0<FQ#26CsSe~5*1,OCW$vgBSBV(%].G~Fq=4?~honi_aOQ~Ys**$#sU?Yww+`<sqkm!]EA~.IA|Zr|d8{-W6kF[OpGOC}H
}~<NQCe{ndqmKA<TI~~+OU-o/C~2dzkl%s,s6$[D$?).1ah3*UssL)6+4AY04lTbvO~$2G*NUn?YU=4|i;T$Dqc8)W2iT+<G$|cgCbIoeGCg_AO/k~t1?^tg$~aGS*TqiSUaA*O}6Y#;SjSpaab
EC|~s(|MCpCOYOiSCkmXm]~7vg~=s#7gQK!2kL*0]C>Z~}w)CcmI~iY+V?DyI{~ooaoyZ/zqu(oO2(oIaS%>z6KKG$<}*p8)}kJ#KgB|$ivi6sF*Y]]YOl(wQ{ka7i]T.?+?:w0!EYc\*c|e&{o
cFC<~<h`CT^N*~`~Gr~6)8+/|gU$*R6/Jm*_d~,/dklI~C6g?Yck+DAI)UU&$~9+aJFKSM4ss_~?6%K<S)~WgXMvfY~b:p4v2Ik*VIAwOl0%YAY<Wg1cps$WWW/ZrF:B0oqa8.gcUO<gnK$!/rO
z2n>[ch0GTG>H<F|k?$:esIdG*5KsOrp20~6?<4C8)|~>e<u6_?d*xs>w1Ma&G~O?0\d~U!d0ZC&iP?oYgsGFf3AV4=6U%lUylEYul.W+~>A)$Y>smB]Xstolf:I6a>C7s[+g*RJY|_sC/|t]/*
Y7|2{>^ys?Me/~YyGeqmmEcsY>4 YG4ui~f#IkW+[KTPCqk=s;KC/s2 fS*=)MqIPQz3AA|KUC_Q~*!h6n#A<KKuKsog.i^=/>t]qr:*Gq>3SC \b]ccs-BCoKOuSMG9Qfeqd5^}|U<|4}=BkgV
4p~wW6|mK8v=b&h4$*)S~~*9+sKjm.ZgU]!A]~A{/q`F=<i+%{UB>2o~`+w*~BYUKAgShj)6>o]]!o 0L^SQ6-6=~\~KCU6cA~]O:})v8b>+MwI?g-~c]eY[UE:~gS7<nbwkdp;0~S/}!]o2Jw)
GYu;+,Rk2D|KU}sx<=?SU=x<ODcBudlcka*~|{Y-]lnGs]u+~H0N]o|ze=%GBOwxl#ioC]44-$26upUo$md(**<6-4+!~I!>l}S?=oCg_b6YN~K5Wmz?q|g5$=*Bwke9ko~6|QGPY-}|D3%?X~H
27d~cp/<~KHT?w(+*!~]>|MyimlU.o!sY|xaEMSk2odoAED$[$q3CY|aOLa+/st.aXXSY)e+g^?L]/=oQUUc2BW:f ?+<|sKCiK6[S&{`Gr43)~T{l6ANe U86yYw]eG!S~|k]G~*S7D4d?wwAI
||B$Au$OAQ<os>|UOK0CgeoG8S<m6c7S|*$A*%KS)F{?Ie?adONAJiGyZigfcUIkS*FO6|*P-E>^$o^1l&|dY29w6C+`wG+uUc~?~Kf|c}!E~nHC$\EuSyY%tL4]Y?QG>ONU<Y}?F02$E~oq2}$
<Nse{dp~5bbG1K[,g.L?|V|:g~g#]UZYR=(Gg~SiUGu_A</`YA|sFuKK\ehZ,?QQO\m<Xfj|*b(~?qA!cr60]IcSs]c2C|S&>A~IZp$`AYC2S+4AjSo]e~igQ&As\I$-U*_e+oM$3:~c/sl6ggK
]*$OJ_kgC~\gwk4O3AuBc2~fsXs*|4]Dg]8o~&36V=9MEgsGToCdAwCkQCQ6]gKc>thOgd6Sh2dN23l+O7;esqSke.L{m2~<Ud2=GQs#Sg~y82T0B3CsaiVbrkkw8Y>c~?wySUIC[SU*{geu`c*
=-$`#?U4*:iSW6U*1O}*:;d/=As~7?/GE7-*eil`$ee^XAo4#]Qk?oS[UTk~2f-H<b(wk]omE~4Ku[}]T|QjS6>kpcAkYTCQ{eBw=3PfKe?Wn/Q,4=0+n*C+A+2~HgI8CU+~esI$:+]gQ?p)~>|
aM%w|IzcZA2?MN #?+u`&gi:04oUy\jsO+HB+ssCwO,LAe6K~++SzsULMEe2X2cU7SY2(%oYKY6D4eaD^EY|:mdwcQ4W7UwAgd2kK2\o*Ks6YG+#G|fm?O ra4wzO`GYRgHGuKY?i?ijAhIM!ka
N]hJ0l+ZA6q^SoEyUux)Y)~< o~?6U$4dL9UcI<xYDY?|~cGgMh2]1]y~kU)A]~~YL~KT$OLiK^lLc=<ucX)1~k*yuU#as} ]j_Hs\?|22|/S0h =Y8g*z]Igw*? i^oO2b6o*.I{Ck7f*t~Pg6
/+WI`xG{{YYcCsI =4Qs,H$]?wgio.M;OH]I$;Gm[Y/6b|~iDpR`suw76~4$AbFcC)Bk6YgG|:uoUIm8)k/t72;w3e4Shs$Qg~U]TzUNWRNQK~caFKpT9ek%2K5bcAZDOP*+~ CQ}Cg$s|4EmAO
ngU8*Ky0^eIC{2/~,9O)65~o0wk*#c8?IkCv}/A~oA~t,;4}GOy41w+g^yuH2s~,kATwAesU6!^*y4CSU,GQ^M?~g+*Sg4A6Og~fd><Ng0*5$dgQm~%gFA|]68A=YM?+4$s>{+z1K]~Go%A6kxP
4koU; 6zO =6M]SSy48,O+*>c6awes`|~|W>:~B?9Tgi[2,Bkk[2xg!F0AGN%Dobq=+PInN*OuMRqwko$SqlmGA^e<kwLgU.wc~h]Ol~s$|s*u:i|6gS6C0[gAYDs-*Kw>Y<]**WcG6NOSKgSn|
gdg<EwAN}NY7u:ZLbCtcF$5k]`UVo=f;~W-Aco44{$U$*|R*Xs2c>|~PrSeC(k~<kIqkw2>`2}Gqp+gJ/k;I404~?oK~;^)oO$$~cgKaNRcAp6GL*w-v81Ukn* XKQfuf.NE*w~w8K$HsF<S6~V
MA$k*U~wqOPKOW?o)t9srOzRG/{YUOP1Ut#K|2+O<ChET8:n?.$Aj$?&c(?Ki|~!?egHS*%UEywsO+x#4<9yd6.Q]wgoC~wkm;yWwRliWa>Kc8$pu`#~|5Oss41Mc<sV<~:QCjM{)-FO,p4Q}oj
oG/4k.Coc0<KAH~O-W|_6*wXsqE8g:FGSO2!(Nt$ZKOK~oA6$|Sl/K66uol?O|Q4+?u|U?VbEk+9iA<PG~Mq>Hio?5$eGSy(AHL$<)wbGvUid?s*U:+V>`rUW%L~8O6~|6Z]Kvj-1~}/:5XW[}k
Sjsu~?cgO }0JY-U|y1ZGkT?k+;-=CltdakcO*sd$g:ct<?~s8tg*G|U^giWU=a$$,smC6I~/cS~Y>gCy~m4,EQ|U3^UI)gvx4S?>+Ao;SS+yON<{:sgg=S*o%K8?]$.4Jfx=N?$~Usds$Kg<#U
ToKuhGg[U~y!oVubd<*2>gIk;VEegSzYVFs*YP~}A+9a+Uj~isUk^oc|n~+_CS~cc_1=KQI]~?5UC24mC?z=yK3?|wcW/}OEn;8E~2S0Ci*C%ea/:tXwY=2j6avO+K7m~A0EA|CwcaGp``S}w&T
+gf<`+2~0<rK/6*}|C|f~]+-%Ue]i*Y2~=6Htu$%q$4wEqzg*n<~,wSG+eE^~!:Kd[U~~gCQwy]-k~c#{+c3d)}|[t.xckW`>d0GkAwoX*|oYSAOcQKU]CZiMQeUagAySow?]8M4C)PA]d_~*_M
c;5~~Gaw]U6#xVYOYO$$UCJ1OI~vI!>YA)Q?Ky`2D+JA<?B&kw9G>:YG>][!|-S(sQ+^skIYdAskS%*kZYC*XU22&2<Aqv~o?d~U+ARMfNy~67$6Q0\I2Ms?S6?2eg!]\|of6D?_~A?!d)/k[$~
D=.A2t~^Rgq`wC$ji?X%kcD]CEsF~k$e>:gC]Y9g6CDg>T~!Bu,]L]Cd~L$dWRiYJ]HD4h*]mYZA{#og1~uAR>s>~>bgAk2o+cTw]u?{Ra?UNkgUQ=a2C+A6wgr`UqeO8+:eCXtg)Ig}q]y6}mB
s~]~gma7k+e?3O^|W%OW1!E<y/USDSdS~C~q~~VWgrmu{IK~EdA:OWZc(/Bg/ I`GvA7`,?`||ykUW~mHs<CGkCX1U\J3ZpW~1+h>mK*Uu$ukK<YOg2D02c,mgS#8B^zAKY5PSj4<EoU:4dws[Y
 +~*u6wCL8U5ScA|^~OYSiXY*~.7SkgB+CAW|48X)S~pzL~Si|;TD*B,goeK2F^5rhkEjhHido<:&aQ!K=j\i?86GUc/?2I!EOg/U\e<~i~oNN2S;[S$iw3ys?/I[?ksg\$Cig^8<,oEpU~MEj[
Y\6O8o2+?/gAcFw)|W4lrY;So_$g<kwcKbY?~Oko?-4Z^7+<mu$~WG6w\?L?(<AYJ6D?Uk46~~#GjwQCu|SU:c*%cAYm%6~Pc.Ws~oA~8=yWVS6O~6TkeOUsYW2YknHS}~^2c`%2pO?A<r6e~nO
vnAEwQ]Z*b0?C*mcGocd~guLw;UH}]4/K+K]2{Y -om=S?-ED;AF-NloQKGYKG6+~$6i/SOa|GrScWU?~w2ci:M$+~s,u+o9PcE~SA]gj/coS?;07w^<GGhPE12sAkw^i4>6kA?+K}+Yg*t/xUw
lPw$_|Y*<I}xp6CzKwog$SggUwG~$VOuoyU2YGt$`kOxO<Eza:,u)Yy]tOeGcfVK}~yf>7&+C}+2uOKus$mo6U/O~L]wO*!]~O~2mSKMg~cfa!I;=O2su?:SuAkr/Em~OA)U6N]YhSE8]bi6/Rs
mI)B)6C`_F6$k+vg><c\~Gc?[~aSM<=4!K*Y+vUJp]`oE,w=wr#O%[|I`7RQ0c,wvkE$Knj/?HU[Sq!:]Wy6oCYt%dbIM$o-UiC$sQ+-^4a}K/~UOpag_+~o}c4H+=mm+]eyu]i|K?MM$Wk`^ow
22m?2+O<0~,c${2q:U<;~M`EoM<OF6hK~_KCS]_kF/Z$dK&u>K3*#So+O0Sra#wdcw6G]?k=M?E]KO1$C}8M=]A?2U|+8~Cdc77^VKI3GUd;(t#S]2k8+<gW~`Y*u+SBda~s,Yru|=:sqSMGpo~
,?WkCO)o=BKQk8OzI022<c2t}\_b %d$4a#$o]`l22Gs8]~S]X~|Hs?,]KgeGB>=QA[ R$~?~,s?]XWS4jSCsh,H+`<[YiHe^3?2~k`A-|!eiWt`wYeh*G^c]GAm,?<x~Ip-H^ick&^zc+IkQwe
L?,O+~GwQS]kOlOMw2??AIs.3cY:+$*=e/U(WAg?~s>FCOiaVW$`^Ug.2Y}|Ps:0<A+^g|zU[viU}KPDe$[KhMs)W<+.|={x]Oo29Y_$G5w3_a0*cIc4O^f*VOL~/~Y-<PU3XA*Y`P+#[:TPfoo
(:}<k^{yk?G>/qMMoDGHS.~yC~8AcV?r2*~iUm9s]*Ld)qCMO}6giy~G4yRQIYGL1s&2+k}{CAgGc8OGQC<`c,&}a~KSKy+iQc5[CSr4dGmYts>2#S}cq.wA:%oxC<g4~7.[YI=G_6?s+V6a]${
SG$gg(w#DBUd=Idu$}S`?]P}9}wXwM+KS2S[gO4LQf<m$GXed*)CI>oIqTaqG<<u]U6\K?2E?}28~Ecnw/Ok<\F$4t$5EOO:*6TM6ewC~AQ];(U5w/o2GjU*VIk_:ocyAwk=U[c2UiS8ChxWi%6
-c%?I^IcY]=yfk1aOLy~+,o[g<n=OCY)GY0E2wzNSe~SGty?s.V%)w~_~~A~AO~~>68*O?g0~|]}_>~tKO+?o+)x9jcI|F6Wo$?]|IPYqA.S#Y)GMJOu?62a>a(AlK/*+AIZ6dbe7[w#M`i?oMv
<Ob*2OI<OAOxNkq<UAR<G}<W*w&2Y:g4j~a65;D0[?CK]%~+_mQmk)!HG?L+]*Gw1gyC6\khsC~Z>?~u~qbgYS=NKTUZu36))*i5M+]PBch2G~9#|K/,]kKk$Dpki;0<~#*~nQoXY^ak~XwM0+[
mSO:g51wAIg0&2aAK~CMImA|[K)Gws=U>C2Os3Cz)+J9.{66tI^g$8G+~h~OGO/~wOBASO0H3sdm<}/kA}/$H|*tIW1kCPIAOa]z$%cQgcebP<A?}o!`GS,]~~u<A+qKC+S6\Yu)]Mq+Q*<k2<o
wW}S$;onL6[|KYg;%oPc2:KO}}6M?M=uQ%xdtc5>E+Oj<YsM2eE8gHa;*~Qa%*o;8 2E3`-`{]]8!KN||k<<:t6+9mmw?b`3Ff2V5Q~yi?4w=Zk6fAEhSKUh>c3~w?~\G)d8$kGoG5cY5$6O6mi
Y6vAiK&<Yv6S^f~YnY5k.*G~fG\*~SS+uSDM-gk+g+r~Kk.wC{2\dS`.wU*l\1[$ss?Sw<yAe?U<EhG.GcSgzo;UA+Y[}B+JNAsj4~I#h_}M?AO*$~`U]b~/8d]s~Ed/+8<QA 2b7&GsaSP2wlc
AUyis\Es?&2:!<G+Yg5UOuI4gkDdOoLS+qyI|ku*axul6++ A:w]05~e6oU,E)5V\]$dAC:O>cCiC6#m?<c+~]4cC]w+>qC2fl?724iAt4GmKS/5MS%?-F}g6+P*K>k.}ml~c97<~8|A:8A~TSs
=k^]g==zD>^y{PYYf }Z~/<yc2&~C7wSw^<726B]|#<CEAs)mksgfqI)[Q+~frK2~?~8]?<}$qRwG3+I][oj+rgsU09$u~k*2OS])p<$dS]g+DuOv|JStUO|SI$<Yg2WXOSe&F/<Dd1+iXBiLCf
*O(4|coAB~.z*rf2d(~Wa1+FeY=+*UIKJ|wsGh`>s\GCEEO*2?Sd$C?b]++nW~sZl||E)+UWL>*tO$g~D3~8?K~o0~?=/bk,EO6NG88O^N*$UY)0C6O?4x2UmY00F2;w=g}~s5[V34kw2k~KCGr
*Pk+-o$sW:*SY8]:|W*~|2\aGwY1p?yw~kc,`gf_$ceJG~`Z6W$omvtMw0-j!k?x`gD^JQRGcHY2[2kdEe6<)]#U[cd`F6~*w+ /l~t|7SA*\h<,i07M?e60\ld<6cJ*s^8)cCS4uIwqk648~*~
1:>~8Yq8ANbG?<7*+K|IPgV:*xFG\zcspCCs10ss%M~iCcpi]a<k8EWeY_4w)~^kas/Af/&RI*ZA?{e IPOg)i=C7<sk~]-<d*EAr}LW6^nGECN:2A^3f}Cw*CKdfWA1:+q4d)G!SU04x#Q+g)w
=?!EHn6;ZaWvJ8iKIJOC/K?]G}E/g%??(:i,]2og\q5>Hw)LW$}K4IcAGH~#)G^}~o|<[6jmgk ~28G|y[)SMb!jO)M6$5~}G]fm|E|sOS]-m6g*kU~{oqmQoxA~w-6sX/:<z+7itZ~]e?=k`c|
_Qw+AfmbyoeogUH:H2~kdSkM(~aD8ce~qigoI+D**OMGO~$nM7D$Hggy31~GK+&.$s^2UGD<~O!)~k?wnI*~o2c[d2v]6aEA|/RS<|W`o<SY~2MFC]z+ncnw9s/^fw$#,YrlSo9/?qMS&~6<|Y$
sAOk]Tgp]*Sp~$~6_^E8GO)6wu*s:G+~vk#<?GeIv2woC[]OSWx?ogi2t-AY~upesXzSxPI:`<H,Gr-C}+wcU=cgOw62CG6od!)~~$!O/)GG<^A{KS{=6y8mvg_OhNaC$r0;z`moBs~gs<OKdYG
6#;C2SoYo?_:3KKvY+A2*ARDKeOf41i^`^5ezok<|?Dxw2U=O:3uSMRD2SwwkARi[3g>~I+s?o8Uj~*:kEy,$*Tj7=YccGr+U~SU]~NYGyMS]]]oAA:hcT)}%]4Y$chU62/m(weQ]MiG*\$j6o<
aBt(~20$~X3~&[t;<K)>-+A\2mx3A11{wYB4$AcC~COCCN,uM<k2Qy-d-Y.[~UN|]mo)Ste7)wqFwh7c6mt2{G]`vUY]*q2i^+2h4A>S?a+~A2sAS82U;x~3Gx|24U4kAXSAD8CI;cCg|SLyOU6
C:jS:e+{YUm PEcC~~A)ZGzEQq/]Y1F[CkCCsnXQA~2cYc<??mV*0:/Ia~SSDy~Ocs!C/Ns+?C~5egU2`y6qyg=zS8G8S)1^2U&j2xS4KQ$3N~Uw~G6c}0G<tA4:wE~$?ClE(Q>V}x`Ga~Ype*S
rAo0GSk:4*j_=H`G1\oY|}<60LDLss~I*~BdyL[sKva:Kl2$]+gsS;&QM0]~+G+GWG146G|]kySO{OAOP*Yda6uUYs|Ds+S^9KGSj(~A*|asx[SSJBGSP~yoJUw{&UG6\AS|G~]~+.F)?<z:eGi
_sz>i2~1+Y^~?HCrorl:?c$6.IwnUSoy$o2VWCy%IoAYg0g<0e2mC,6=?t?d-$YBO<s)NM1GKwS[]<^Gr)MZ2csS5KGSI?8i`7R|udEk`Ej6:f0|AlNwWV0B!iC6Ysq~gi6kKHp+i$zh*YA+s?~
h/<k/|}-+GWqS6kbK;X1EYYk~w~A $slA]61<6G6MRefS.+$UdY*|SF+]CJtgAKe~c}o +R\P`gV`sxA&8Mk~zu=iI\~K,R]dc|U/2~?+`!I$\4UMg6Y?,b?eougG1koUG*26OZw;~l~$ox:}~=
#+d|u|2SGFsoO62KeWUwAU`2vSg4|go&9uO=/ec2}ww:JFuU1e)K2O\nwgqh$~XJSz6|]w6e(%<SM6Is~b6SGfBAO9Cwnak&glcWQ+2cs~h7~i`U9wG/~+~sk]$!cw+<zc}]C;lc/m6>ii5Z]c}
aK`TRM<dyK^,]MZCDTM-20+Qy/2qsduzkS]C)4.|{=?~.AE6|uErCOWK2U_]/iBqo]4{?L^F*q?4YQ|0QKGc+N~O:`ydo4qk+A<hMc0c{u/qRB4`U2(O22x~~)Qf+0J7]yQ\3o|k~O:P(}snGI]
dpFTF]g?$U*]K|aqwU-()p+cCU<2A2X|UA]N?-olOYhX]^9oic>Z~I6hIC)g<wG\<[]U$OG62wH8?|^B4H?SU;2Ka^[+hIAtI3cgm\)6y>NbOC~Y?cO/P]cwC?g|5w26A?,x~pOW14|<EY`*~I$
)oL}h]YIqG<?cw||7n+}:2~>bN+&e9+K$v`*%V6?ag>+$Gky?,$s{%1aO5wCUgqwrY!7sx6/6*6-aAHegMMxyeg~&&=f2wes(Uws>/<+ny~GLOC~w~wKYa]GuEjY{]|ukB6O_<h$\iOI]cdYa)s
],A|Yn[z1cHPs6o*c+&7c=TETz$^d\ddJy4BCg~!*%~~e5~l4HG[k`yPOq];sU`*|)hfWn)2Q3s+ykD:OrDs=pT]?S`k]OYg69Y2A`C~CNF|k+,WB|X:4.Pq29dd!A+i_-(xBB+iFUW|K|1Iw06
e:)^uX2bA702Yz<w`k);zOkOuo~OZ<g$:<C?=OEGEX*>A]2%+<zso|^Y+\?k$~[OBD|]/CA/46c/XgE~d~+R]*sMksk\Ka|qAU]c~Aju8myIg*6eohrh6,Ow6=Oo2y0DB9a\,`G_CcA~~>*c=E8
MgboTaeuK{wq*<+AK[>}O)G~<18};?yzmPA$] <GdSsXUeY6wQfoJ+O2^7.<-ZBcq27|AB<S5mgIytkCfw_1]6i6JIk?o?)F|i^rYItx,6SSb6OCFGkHEUOo\A{U?)[G<Eg&==]U]*~6~FYudx+
Fc^<ApTk}*HzJUI*{EO(Y?>+cm-39y{VG/N<*~g!oAU{a?~S2GMK|n|*36OSJ=fC5RSy^]>i%=K]<kwIuO+s&s8]<AeX+k<W~A3S^Y={aK0sGQK5gA]ww~*`R~WKh6=3Bc^}OoGu|<)cvc0=?2>
Y%%QY?<~<MOG}|ccpQIaC{k`Gy[z6dyA~uRA?wOg2aSmccgS><Yx~a1Eg]?Ki0KlFSNu|+7<<*C]|~m<s(]I+x+*M`wOCACPGS]wZsSo$m<AsCT\cgOS~iQikz{U7~wjWA~co*G`e]/oYSURl.v
_2EX/S]YdA18)|3\6w^np]+wh$=zwp$~WbWfxQ~YGE/$F~0~2Y:a7Yr<<SwHtY)gvccL<U^M#6cg=iio$CScN+gLMO6<,[X/_D\e2gn>sxoD<*k3+<$I$k=NUwAs^YOc6N,gc~gkkgGOs2LF:&5
Cqw>Y&mk<cG(zCY(asd]RPo]k~Io_w~kS+0GMg-A-]X9}+6y?iw<[:T+D*>*2~[{KigSs*vsW*2Q.86w)/jSsOd+\VRs6av~C,OJUGM=I4&]g*2|*Ydc~~r0~kY$r~ooSW68S*QPA}]+I6o*U>A
O/+8g$Sg?+Ii^6\S~h~r6*$n+0~uk=8wVAc+[Q+5J$<O)]wCDsW%s:wC36siD|;M8/wZ?4U[+;y$G??5oZ5*7Y%_]Y<~)~?Y_:S+gKoO0r9-4]H^+c~s.:~Y^SdM+k[w6M/IY#SU#/8g^2?{po\
obgjsOi!~zqopC!+Dw`Y(R||4)~\g[y]<]/su/+Q6Xc]G~+X uxuOx??TCADC|$uvCKG?|Nk>+p**C5zjTOXcmN\<6*s|MaaG^|io a#) Y]n$7BQyh67:+Ki?~KO9XeooO?>g>jc2X)z.+sO46
C2s|S~]py6sKCAG0*`UBu?~2gaSSec!fb^=>b\s]2vK~-- |e?/yEiHGO0v+7cfOiC$&JQD+K0|1o3GGg(G,YbeEq%~WYy:*J>UEHOxY|3s}Ic[)yt2g?1{`54Y~F?o>G/ewSDfW22wTI}Ogg&*
P?DHAqGguV=K6g]B|Co]M]<2gU<E*E>m~I<YcAK~>^E*#useNv]cf%BkcEJ~k|U_ocw)O~ekgq4W&O~~?<~DMZKiYcU0aq+Dos?g$bc%S$0SmH-~*SA6em*7)]cU{]~c+)M9B[,~6Z~y=-A)sj7
Yfs\8<gY>?Km(8`K_1m+NM*Y?>,CA_vJs>efw:~0OnY:6wxwToZ~2Ag6\ 8O6Y%CUY8:pMa2MAg*UOtA2.|:2G!M\u?aSCwbg*O~6IMp<$O<+w#iOG~+K%Ym4w*~OzOv6V&=lBUcN.S]wJoZK<K
RUowc~6GSkNrQF*}uo0gOYC8]?o<iGwgs2SG|kC*SX{oue2f?^Y h.SgAbKGhSo6:PwCOSzQ1KU6GDsSO]h%+k!Yi}1$`:64~Ggi~Wck#E6\<_MyM`)s8$x[MYobxGFT{r^2Adm6Pd1XYsa{25c
SESa/esRomG)6=?A+Kk_AM?*xkJ3cCo2i1+~t2)eUTjod*k9?o~clwuCGoM(`Y}6kO)CY0SdCajClm<Ee*|gjQA5$l5N-G?ej2cQUdw]pA$]dG|>{eB4*R%1_I?qKq>4A|IA5L6M=1pL57(_u<w
0&ldx|yk5qEot\a:2]U>aW~I$~h UjoSAQoGg?Uma?$UE/S;)~5g?+L|xG|]zYI^}*TB|f1}7Y2J;:,*|zA+Ug&dack#G`|s[Moqf#Y6f2$]}Wz<]12$|+s}!+=LS$|:<|cAwH?wQc};W]*:BV6
a4^sh=S#+DA[wmwjF~GW6Qo~as >ZOsU_Y\~=V|G?o)wIGPOhfC<yA0>D|..M9|W#1+v)*iaK/s(8sUP?NWm%oVmI|&`O~KoOAI$KSw2!LAiC]$j6Vgo6-%~c_60<,6nwQu~+||U-SL<nLim#Yo
h1*:]A<g~-^IwqND~5es)<QI}^kYwU2\h=n+yK}UUo/CraMRoXgys/W?S+ku\$jKUKG^?r_~sw=^QM5Q}UM6itGBeI)dUAU!1gvk[U2+IG<U^Q?y)iM<6YOg56*E4GogUd)|s|<6qpy44V3S]$?
[g6GscGKcKm5mIEKv6wuU~l\%Jp$ES?Os8g**0-UvwU&~_26i! = y^AOso2;}o&ltt~+ywCUW=Ditwgr$^S~</CF]}SC*]ZCw`WgocgIw4?k>c0?-eb2s~2(a5Y)]:g*`~~hs-m5&sY]g6<+;F
g$G?)]~~MCCsk*/+6VCzKYd*r|yvo;dkGJ2Kwut 6:Sg/_u!<+}<+F|d?+40Lcz}SVV~K+;#SCsY$Ub=6YS$m$SGK*S*3>Z+6G$Y{(5cG4Vn+~F~3;wuAwsIR<-Kcl$E[OZt|so6v>]wjSd+YiY
~r2><1~~u2|x?~ywN9;CaG*cM[?6pK? OQ*o\H|90vw|A*+,`dqZCUL[PZ<A]{w-+87K<<6m)/+Ck-oH?*T?*Rwgs~{])%A2Cp%W3G=:)K$8k2\G`*]28~1oAw=gW]N/|4kwevO<uuG%X*E`jId
`BJC6Y+k<{SK^NsY;OOyd$Q~ijl/oG;ak<e/s^0G!gIT*vL}4Y]kO&$Cg74c`5os+=DiAWGw2G2UU+v?2~XE<eO2YyG^\kY^S~Gg6z`|2=ww~cm^dtj*Y~u3!u*?<&6~olm!I<<W4(b$I8Ql`K3
IUTGVGwdAk$h6c<:Sm?$fWE0[%sgsgAC27OQ:K2+s$RKOGggcw[22k8\Ko$6S~qS2TaO]cFdl-nW4$1dC.?ESa<Qgf+s<M-_GudOW-+YwIEw}ywQzi|kLLVi`:e54UK*KF%)0w?S4w>`~8*AYHw
G_kIV<~+$|oo2$=/W0<w^%+eAwEIG~yc+|i++UoC-Noo\~8MG&XOs]ci~v!>b+D>;`7CJa$,:)UG5?jAQA+EMOBsZ$g:}O604*}<pcEeH[gu(6DCUzt(1kYM| Ycept*B`*U*ykY?sK\~sz!;+~
EOMao]~Fk[YD}6r8>||u+[6E]+e|=S}s6+o~~<gp.kc|G$;Ie]:c~>n%y_GgoAdaqnc|i0?~I$gcS$AK+`i}syKgn6Mm`o$Sj$8ms~~+O~OoA?=;<`~mc<UkX$+K?GQCZeU7*IX$gx+2J/V~OAO
<O?s/3B4qBcVzc~K~o]j~KwW#daL/}6\m=||+)bIt:N<UgKo<wo?6CGL&Q*naUG1jG&G4|P1&BSM 2s;xcY.j&~6*(Uu/A?hE,dOckS]cSG`vzbHqKdn+v?J~OJ|]e2=^cgY2YCUw\5ko~o~{py
AjU;p/Y9MOY^LAYTKU2/66~?+YWa&UP5$mIkSQk+)ZSyU/<%dpA*m]+C~2o})5bk~n/sywGPe+yK5sw~D=eoY<AkO/CIA<*se``]`0$yISw!=[m^?`b#6SK3)fAv/$G(AB8J|C_g~$TgU~e+jAa
FEA??;+*_6};6Ow~U+akwAIwC=/``]GG e?}whOtU\C2G~Qk|.EmKG~ChwU]~c~2?$7v6)#~-#/^V=ehbG|~4UB=Vd$TC/6gYAu*SE:QmIJhT!2ws*2O^9~wAMCR$QCaX~K6Cm+|22v)\iW`0M~
g*GkS0]NE?N_wYUX+4/estKsr]5ZMI^*Sa|+/Sgg]]qMC6o*s.4B.wD!)^2jz{oy~(B><Q~E$$VIO/Ac;_U:uyTaGKS24w98k)ev!%agY+*KSja/3g:M<if*kswcPm~?)t7Gg/m90+qoNl<Q?gO
EYVU>gC|dge8Bj:}ck2~jOO7]+6YRu<G1=<]>mgSGo6,KSL?o^5c6m6Gw*?g+G !k*%OsUA})^P7i$~sZO*&369yq{B<Wn_7+UM4oS46;OWYX<gQmO*c6Xc|IioE>oSWS0)Yz~?0C=IGN]/Iqs3
=Y\+q<L?B]xg^9QGe?O*gwCkt(S.KmCUe^:UgnU/Ue?6:+v+*|4*e=VJw?x<GWs#dUS`UGD94-KmGAN|-%O~]+R0IqM}op|kM|~K3S.{8\i%+gD,wO(z^c;>ww;8`dMSNvY ]1$cn^~Y0m$*u$g
#*qq[~G+KH$$$w2A8*)NKA~gf~aTW]<]vGCl+*Oy^c<8Iw2]4c$Mz<M+M~*8&R9kwi_D?d=*]zC~k-6c|y S2gge,^qy+d ~bkk8YVeCK}rmC|w~\8%vov^2|CWe||iOY>Ig(k$~6yS~+~:GD/$
 B^<2{2}gswdA9<PCwfZ[FA$AwWm#^*a+zE2IGP`Y`ga|6]C*oIK~F<~o~a~2G$;o-s~cqS\<$C5U0+:_SJV|LjEw^qKUcMiR?J|=kq8SFyT68WK4~]Ko*>iwsA.`j3M+w*aS]|US}zgqf/L:;i
E~?~GgY*$?a_|~F?Ed>6]cwcOAY&OO6]6$FY)~Y\~y$O)UcEix bOcc5wgQ7<|$g3YU&~26C G]s_22BT/3AS?swS--0$kS>*+ec6s%kd-~|~c,|<<S)71j>c|Qk06f^`>z]U~OnFA/:)wB]~+y
+w_#8W2j5{|s6_I<$S|cbYU&kYC m2Z9A&O*Q2:Q|)*6KGz|OuIH]~n$*.iO/qsAcSQ!++(gOG|#<.SabWY3Yd^.<MYKCW2}V23|Pa]G\0`oyv~}85}Ctk|Gy4<1$rM\w|D*~gY6FqOyTU|?l:C
|}?m;!+DYcw$CSUU-}*|t%1K`VK0gGaA^/h!(%w~S#kOQm^Ymdq{)<>1p=I]245$w7x$_$GoR/:+~~yk;]spi2\i$0f;|%;A(~&qSa6U\|:R~~2*wyFg>/e28ne8?#G*BGU1g]+F%;GEVc$fV6[
b%Uws>Ys707|<AIYKQ}/U|BUV2aE6WgcEE+``OAA+s~C~NZ.x>=[p*?o/g=G^YKK*YO/G36gOY%e]qE<5G<Z8/oGQ|oUOCS|W)U:~A2?HWG<c0y?Y\KI<SSOrYsy0oi=c$U)%u$w~oY ]IT<])K
t]|R~go<q)}iAe]YUu<$e|?6++SQ?}k-Eq9/Qne22b225HahSZNZgzDWkK5cu2~SblbUoQ~=6/GYC/YAG*ec?u*<e|aC|c QZad{~?O`]6[pH\cXdO):2uA]&QwK^Yc~`.\E8<D`0%SPsIYt?[1
=aSiuS$Cs>?)O]jk|QEomz6Yk%$]6<**|G<^~+IY?2~5CQlzo~wo6KuzB>fg$ppS^/bke.Slic1gYc|s])42jH U:8^6|h&SL\$yK*A:|iv$K1+b0!6Ie4II~YIYdJ~3rD$fF^q4c]S|]+~9&~>
swK*w[kc*O<0ow<sO$EiCVkI=A(cNO:xn+^$oi~J>x<:kSG;gDSSwU?u_ JK%%]?MY2/2&s~uA~8oyF~|+gGGG+xH$]9NWC[}2m~c/WR$ q.Yok*62I6O|2~]v+sG~MlMLzO]A|jOwgoVRk)9yO
Y)$:~uyFA5<Fcq2CW)eOzJ Y|26uooSc$a=]2%5wFO??cYA%G^g]HMA::{=CT.K]le~G|MSo[r)\U<=gSatpYkd.8?2kw6=si~g~2w=g89Ruy<YYkzDe?uEY=r7<+Ognr6>mnKiAAFUGSQcNA_v
i8GQ?TY`g#~GqwMj|iUw44Dt2?KSGg|GqGukw>kw=m>g/< .Y~`hB6q4O2uy]dLO+cZ)o]o]YkC-Y-PUw]Y%v>2+*CA$9Mmkwyte3BYKDf2$tGWScgQ&LO5Hh[OY5Uw+gC[Y]Qi~<%TjYC|,oO|
s?3so*=6(Q%%K[yO*2Y?YP?*Ua o=9ssk*0:qI30+SXU+0G$M<}3[|$d*|{=:uh+]o\[bt$,+I:(gs0;9YK]M~}wGsfxo%`io_A[(wkMWS`QdW=)OH/A6MWpAqYz=]K}w.SlAO:OoCr2CoqSHsV
IYHoOk|wSOCj>}cG}A]?-eKgs2iYe^fSU^pC;C9Dfp6Ue6%(]6#|Djuy)|z*|*Y7{F<*xM*S|PgU1?y4B!8CX<uBabvdcSy>`>siA0ogk]YU<|Tcg)As?&UK=ha#ggzAl1~cJ#I.Ki,.ed+UQ};
URAK~G~|?M/EO|g|Y=^qh]p0)YvY],MuM)0U6wUPY>r[A9S9UM6GN,|%qtO;ozZC2~OOGc6khkKm?aHf%O|o2CI]&wfQk7o?dHsIS5+~w\-NvMUcMgFs+C)Gg}okcim=G~Y2H<kp?BfekA)4$IR
C 2?|tw:C`*4!4FZ6w0ncd,~B=gkR*wKDcwzcr|=G{53bLC~WcyMmSPk8)+:c+R!A$.sgyAgkU2si{NUILg/YFFOYg+wKpsQct~dOGIUK{8:_fWM4Ogg]?:k?eP:$C|o0DCa2<;!<kzOn`dU0%c
E<*\A<2G2YabH+F2sKS~o`V5 MkY>*]h6U=^)0]Yg|UF={+GCDQGAO-xa$kw~]*mAoU<~(GGxUo >P$`9TgK`06QD|{`Aio0?gg]]oE4kmz*C|3]M+*rwA1Sg}:}8A2A{yMnLg~;~srC.*|?oJ$
<4pQN7VG<Oa#~S`g+s3OC$07R$CY~KL/)??1$)O=PDfgs}t}ONx|t\s=+8&dgoSna:g\qx6K{U))$!CUZ~zN~Wwu$.jh)cw8qKJP5MZJrYc2r<]g2cWr90}6~Y`BK+]HbB*cXPk,?A(EfoXgRe~
QS $`Q8OCo>Y$BemOHY26/468SoRU$2CU]oJ24}wsxct.y~~_}dOq*A.cdQ(?+ki$+jcxY6Mlp]s=ZncCS=fr~npF?SoYC^~O<)AAcAU*z*jKIGcKvH]^9gd|q~2SY~wg0vN4CKm]K]6o!9{I+6
8~azr0ZeiolEwSse#REU<p)g?~-K*2E(`w*mPQ^]gg!$MZtO;5Ss+%gQKc/>^Wr~4??<k({cX/k4gh~`OOEjKrw,U\}?<<zZaeEwZ|2*28|OGAMKO7^dG<5\U6Q+g$PEg`3GCA= |:tuM+yx$U,
~wO>%2<O3s8ApH,cYaAaxu^w]$z6S}8|CZP\GGS?xss6Z{~+H`2S~h$`$LAx~(D?o[smT<KGjc$b2kUmY3z~1OgUK<V8oKsc~^*F}<`j~_ls1JY9`euU4iidwkzDy`dk4g:WbI<cEC|4pC*?}8w
A)KHQ~?U2~<Lk1z3agAD$0u<\ugl|]ka~/c4OCPizR7?2oL=r<)ysikc/uJp^W(VwKnEqIT<AWAO}$Y2}UK~3h$_h8{s2G~G\\Y*WS]1eCDSk8mmU20[)S)$u.^|!MaEOn*;M6RA`/>n#d*>o{k
MUg6D*E=~6+?&KA~e05E?kT=/gKG:C+=HJgUA/Oq,e6DsUcM2|JC[C<^ZSJKKL>12M]E8Kac$E;SwSs?6c;b**cZKT}d+A`~-I~w*AZK!s~aC`P!V5oq6l7Km/w4?>AN~S\#?,sDkSUr*K%4dwk
i2gGA*?IsKEO+8kAg-JIGkFQ>$T\6SOz>hO6&i2sy|~|f,SJKo%~bu2Sdg$Yl9YKX=ksKUc4Rkz*ko{6qt^I:w+:E+O$YDA+^+y~(~uaw`c}rl2Ma9?~]?<Fc*9www~n_Y-+zG#2E?E5*rO<cx\
KoQo2UgqmKo~n~O~:wQ2*D||o#O<g7C?kp]6B|fQg5~*{qSt6A5%vK):~?~KshUWc|)GQW.2y2OC|o*S2gn:60woK|ri.%sbe=U?41+v$Ed~O]o\9#2~0o`whC]]K66_8Ck2g4Q/xc=SBq|OwsP
AES<Is1U~sW*Vu4U*o!U]cC_+6G0+O*8w#YaD_XUw<]fqcVgOs1ClMkgdQG<?B|8!_/u7oe*~ymo<>-<* YJ>^FmdCg-2>c.qmm)/2(Y~K+Qzo>l<KwC<Fv59i(*E~0k;%|S+L\/?du,|Q[%e$]
~ -Y~~cTeCm~3u*A~oyw&sG\B0|IzYh52skW+G)n)t+c*-GSG}YY$w+SY/]|YNSJmL6hq7>o^<wga8UJSQ6s!s&~m\WN+C=Ois~ORcK*K)iI|0~A|zs>mYu*wH*.Vso(-+$s?~jZ4IgkoKCnw6K
Np?$d?A<~GTF1$w`*JUxQr6AYF ~KIUO8*!NioYUusVmqWo#$/Wo*OTe~R;{T$wcdcE8]G_<|lsS`e>OwR^MU6)hva*o?Xn9Q2?X2%w*KT6DArffcH~O~r %nA=;2M6|cK-A4Aq]*g^2Jd(~EJO
{0*K?l:wZ.w2q<U&8S,[: g~+I`]iGkU6k2n_|~Yl]ur&}r)6o4Fz.B&)~KKWEUE+4s:/cU8ba5O#0e]oc~TAr^$mMs_QYQ+a?k`Nj|}~{yKY6+Gt&?}K+T=d&B~*Gma{];IkuOk}RE?ePAQ*Rt
]QCBJJ|M>ZiU0gc|GYKiO$KHU.CK<Q6e1NkG!?`AyY607t?k~cYc[MkRdO$$<?u~<V`c6XSM2q!Y&Wu~k6kGo~G]?_ kG*!wQs~As&vsSL/6UL~R-AmNC:Q$GdTPxI`KRkkFT]<*G??sn}-<>U(
G&0a~Oaj>e+#C9b:2o+]NVuU|YOP($gI]J4C[6WkKm.t^d|AgAYghuSn]&6]Kkc`x-s~FX2*M*6U$IG%I*osqAS;ce+\ImK0qAw*yy$($/U<ko&<`${}D&oe0[y~YT<D0U)hKO]YDu|UhN#O)QU
IkwG}uAa$02.yS0</nOC:k<kw:s3,q7EyIUWi>W*~~dp-Eu~6*oVTl<e[(}*<sl-+{~Aa<>~k=$ruK=[}SSUDq~zk+J~Gy_wW6b0zY9/ch0$c/A2Q=mU[q/gdVnr/t}8SOz2CdF+AR1I+|2P-n+
*A\,f=LDgk|JSngwtgKaD1HkId]wk7]L$cGOaq?4C#Xaf*eD SwKKaOYyt,g)G_-qDlLP|XoXo4.]]Oo6ldUs/7<\G?`6#)/~$/w9F0nf>6zg|6)r!{6Kc 2>OmOroB~+aAxqO1OxKU+d]w-)y/
aG]2?K?]goz>Es%6!~i#}AUoQ$se4|CELg?Y-Ck)g$&rCi0awcg-/oUWg$p/p1+<]&v]Yp/QCcO*2 EwSM|g\_h2<^Yj*}Jc/Cuy<Y$oY2mN[:e}$s=|PgN$hgf(8_ogVpIJM60wFCyEOqq$\|1
>}}AcKpg<8NuMM5Y6?iwk~Y`&)k~~O8_qcNkA`n+dO>Y +k~w+s1s2a~g)`$<S8x~5j?/~k<PYeYoA~]:T::$8uanzk0v[PU2o7}0z_sCrGC2d6VE(S*:6Nsw>`WA~-]2=iwV0,]ExttA$1ng|F
8z0WKfn=A:<SG<R$gSAiM~kV^Wu:gcKYUI^~$>erG!KNjO5fkqUg~<K&:~<2Oi#S4wk*oF:nkcZ>x]H6^~q]]gCO.4C<VAqUKZ)rm|sd<tY:kAAe~`ISgCCKesk=2])xsA9i0B+jU=`/V<Cz+KO
xoS?C*)gY}kIvK6/SE)s6^+,~2KX=:eO$?S?s6~~qkcUK]EK;-_%FKwGY8{]V9]%U8I6cz6sR]]O]C+;/kmWCC+?sQw=adq:EC?esCo_+a/xw:6CCjbW+Ggw(ScXG+mUs+RCs4BGYK2qo)bs4l~
u6A[A<.ozO*s#4*5sp)kpS}}sH$?2$|R0?CK|6)/.~C f2cyU~|{w?w~*>\EUuGA,?}Kl.~UW>q$Ab]P6]ICS~kGa*Km$fk9~lQcsKS!*}CMWmR+Ry5)c3OQ8+UUN;4~uxUs=c=mz$Jp^g4$ef#
}4}sg-cfaegc}wU<>i]<]suw-|d.m?d$O^}*3tG1|AMhUe~_Cy<?]IAs1622|~gC?E+]]Y[MOwpAn~lwHgy|A&8oWU|wCIY%$]=Hde2~oA;M}OATW~iSL_CQ?iIO]b?$2sK8][?AG;Rf0qYw<$H
sAli`hs}Y/i*~EQyO>S7~bWabC-~oAQ6oiiAoqI:w?T$)TVOfNw:]gP|$FlAu`m*)\w6cys&\+IvCU*| *kjHkK>~:9,<xe>x;bo<]os0G~uc4Foo.~ei*d< >Ooauw+2Ok~*`*&ZOH,cuQ]CrK
Fy*K^s>otXVk?U|=A6oifc8||c(*i2)ZUEE!sqb42ko)wv6n2YNyk*#78<4%Y}ckyp-sw$YE8TAB=i~r$Gbm$+UeC|U+$DsO *$<]6MyO)JA]`kVK+O?|*?2ME_+*v+Qk(hUs<aCz$k+G$Xew=?
pkOx<kG!!q=t*4o<A4JGg64x;-<wSa6_6hzi+7u+Z5y<OaWum,]|2S?,CN*)1OS]A?\mQ|usU0+5DJsEA*eAF)E?Y`T/~`wOsaH-\>{*kdvCH|C]G~K]sKS]pUuq8Op4|ikaV!8I})]sS:O]qR|
i,O?+nOII,ukKQwMc^O- i~9Coi0/8=\|~a~g~~AWJUuG_0jUOgu]Y//xn$9cN.4)~*d~:<~y3uY:=<<B0YNNO*?C=T~CV4GpU^VSiE|+4$2`g&Sw>aTM~m?Y`clMK$Y?Go*c*I~QYo221~a}^G
A~$rK1q0\g~UHj~4JO|$U]j2vYgCoaew2fW,wgYs0QB*64Pa3/X(i;]*K~oAosS4<4a.:OYaywcM>*HY<yI;:W}cq$<SOs$n$iGUq~tE`a$USo?s*UhNI1b?gc +?i*I[c1GcAmgFeR+QYYzSDK
62=vss |4meysO1*/gXYd`k/k-IYFQq7rg~LUqUYB42md|IjUHTY|Kb%ADdwZhx~~k|A]]/O0w!il*)||gg=NM~w(5UQMs]/C+Z<`2CW>K?z*xQj<$V4{~~u*|X+pBsKAeA9^.~Kw2s|n|\K27G
 8$g<K?uSSe6:o8g$YK??GaT6)mZ|$sKps<`wEn+O1sGa6]2EGq.dX~rUeWX|SA<2$>AO]M<?ic?~!BG&Pw+zd8]Y_U2B8<s4YY-CE*Uyw+,[So*|~+?s$}:RY&/<Eu*_Q2o+4g8kaIWboG?d]O
4_u*6P\IU|b~B]dkDI5?(du-GaWg]ASk2K~oUEB|?+Kc`Uw*=6KKk(V)}S<y0<~Xk;$q?c:KQEw?kG<KS<?M#FaUK.:G.EAQ~_]69q3?]*w}<<|jmcWYqO~Q6x2dYo4cgQG/K-gcWs~A:<O5w^n
?|*k}:EiemW+dUcygO\.HKP sY.2L+~~2+d?g-8Q(gF~wC4MkkPx`0khsKCr6#lG~w?KaOY#0VkUK8}p{?G,w>n^^<?A*2`CP4kwA~`2=({}]*H)|y0Y;aTE6GXwv>bg)-GUaAMO^c^IqAsR~)m
+kwsTIC$&Y4w#s+iOqkG1Gr*y ?9g7zoK.~kwd2+t2OAuj1=B0{a6KM0)R}aYdgw=>~< KcVcqzULYTfGvO_jnvoG*q9O93F~/+d^2aHi*20]_sy~SVc}1[yy/r]|tO3uG~yP?vQp]8#w/wfi#4
Uo]x\q9]7ms7?sugUeS&s$(O?(L|aH+AQ*>6c|)o]93SK3UV:!;6N$CP]5AZ`4,J|2|<PCe!6vU>|wo?.~cY*Wi<<T~d6vUKe%Pym_~Oc}(CC]5+:i/qi~k6/cg??*vLG-iGsCws6UAg<Mi{`a*
a:0.0#Z*j~oSJ_N)*WA3ZQddB~NGP=Cc)s7kM228 p]vMS}sq]4]VL)ai$%Y&m~v}*y!tVUx+-<i+::U+mfk4 5Ya2|V~*>$(=W6ae)6<Y~AQg]YA,Yx2gPc<O*g*wr5-MRG|~:+S}W?k*0O]GO
s/Mmt!~~:WLW?O2wRbCEcH^erW~+sYp^A8[o~KS~?Y]%aE9R$iK?k%0A/8dg1^Mb<Te|gOGyYg+`h1AadWeKM]OA+w~K1~Kq_/U4oBRv$tUo/GM?*&Ysg&DKd?U*I?M=CG#1ZgG<s6kO$T-*]h|
KHlU/XQ~eELg6k$>~2<C_#_U2gX <6$KKg<aOG>~tdGEb%]$eUWK2:s]>egS<C<./<o~$aMhBIKJmOvU~\d4`2*OBkY0~j0<Y u6E~ sAEg]Ui)<-$$R]P<iKS=/WAo tST=1G+]/(v%?oCSl!o
lM=oGhH9S+8wkS*q%*nV22Q2qR;|~jO^sK=*V/~UoiAEt2Kcx6+u1U+{<YdBwcK*>TfC4*m^2c/G8QG$[P7YG6=`>6?+|]^&oCj|_Yl/2%UOoO|H*4kG2<C8ki*A4`~,VmZ]w~ZK+ps|nkd`6&o
]`~F|05w4?S+ZBh$o*zjEsk*:PgAATDM=OTC6f/XM<#\*7?VJZ)0K|K6w|$RGa+}vJsLH2O&V~&*c0Eswg}A.<j+7=G~d>KUCCUAS| Lo*ntQ6+RDGo*]/\+>o6_G==~CWocAQ#uj-A5WKsd6 c
+U~~>k2Hk2c`.SHS|n}s~i|Agf]$=2xK*mk>iGCoEI~iY+A2F{^ku<K.`sXUqSz?8c(U:0~jxHXu|mq%C~g+m~+*66/y~A|/S$po2!yC8GS Lnt~o*=BK~abj~dJkE+O+04|dew=^MnQ7Zj~*G]
/%)Ud5A4}I4g~CM?=u:N+c^OK&KAfE<U2*C5asw<?+y):Ia#wgq9Oc%w*KAggu]0.f6kE-(gH|s<*e+c<1cdJ~MU$cEU?fbQ[yka|\weZ$VeK=w8C<)Y8,?~oZ=IRb~O|}AfCmU*SG});ZdAe|#
U)s]ksY(s)!4Q?o&A/?s=#qC?*QsS3/ &kAM|W|4_n<5Wodu*kAn+Eq?oyw+YT#qsze>-Y.doM=:`$+Dk>9tg+wd4w+Sq,ggMcY}Gkx~(Swkuz*~3:q`ej<$+e3d)o$*Xw,2gxR}M8fioY$s>-A
=u)zs6*H$sMSU|Ya`PK$vhSVgU3g~K3)<85JA#MYG_<g2A[~SYs~$KVm|)cDCW/[XIf>Z_+bNEAAPivGg=Yd$)dp$EC;Y]6|M\EkK/C`UyBd)wGTIZ6?j>aWsAoE2k~6|<D|<M6+}-}*UO3gU*4
?6k+)l]Ozo`GYoSO]gvc\JLCTXIQUsg~3<o*SW>~}ousX|?Z~HQ]o4$K~N<G]8?K*co2$rs54:FNg~Khfp_o/>>hlKax]qyXq~6]du+~[)]+m:N\*8}MS|N*4x*|(Ugn|S[d/?yl!=~\|-Z]PNq
6z|?q-*kmlE]L0J(u*~>$<S8^0cus`GC+OVY2)+kOA*{_A+~|)-Y<o8%$:O%~-+9aBS?KAd^ ks9owgYo$EA$O7nhcIq6~*GS*uUI68mG2*U\~O{aOwQ|=LsGqzxKsCuHW`6uchK0JXKn:A~:<c
^cGz0/mV$*oC3~4&oR<d|{iutWYG]1$U`FV|~Hm<os4}A||e|*A~p~4H~Uw-YG>c~TA]*A:2~.:rJ,Ox$kn8cKKGk}Cuwb~MChf-T6/~>~sYEC<C\8*<OuKg]wg7KmEUIC$OkkqkM$K2+K:ootT
ra^GcalU<+SeK0?}m[c<~U:<Y~n*0YF1NG4<wc+m$*N7PMP|$oe2`rrmrO1H?lo~xy}6*J$22UGo>U*3^[+YwrP?Ed{HWd90wC~~Mu0]~]]|8:<K+qu0kH?{XkO\]4USk[W<A/xoYs~_OYswePg
PE<C?CQgo]UA~wor^mAoQv]A~ZU(Q1C7CB$]~z$#6f#{<+*Z)O=mS}=6=D8a~~)Z/TUoK+(?~tOwUc2o<]oMM~+AsSAcpP}/~i?sI#UoUI0*`^co26o]sEI?]J2ouzocK%Oa*9w~sl:kGwB|F|Y
5+~Je:a4l<`sU|*Om?`<EI 2guKOS$kW<+~U3dfuQbv{:+2InN22CYqko$BdW/StVJJ]-YBM6U~{C2]S~~8E:O~i|~Fs_f~+yeZ+|0xiIo1`/T~?:]SM`624)gYYU 2i~DUmB?~~pNEkskY?C$O
y6O2UwQLw^I].O?YkSS6~ky=JfO*S0^w~E?9/!ci|>mIAFS^*ESaeh&~6II)~*KgUe0I^8~|<P:2KQ*OwFC44Q?cIAcSJ3jmK2*qM:*Z=Y<8L+2Dsso6=d=cFtKY<ON8cm)$d+Xel/w+gsgw4jE
$k?AkocAqYIKASkAc{rf%0Ed=Wo,PncOcQH+~6/IA*!^*8T^$6o%4tkkCS~miHP=6kK0]Y-wR=~Dm$T(Y0<?})Q?8]?dI^s+s|!!hmu*b9K)~O6HO[ $0dek~4Iw/~0?g=M[O!IOA(UEu):c<oc
ycyyX*8s**~pmII()\oKW??E;$Md#]Sa8vP|E]E`*ijo*Sc6?]$|fVx$)3oKkmzY*NdS`w[?wzW~*U);~=~q?tcKUH/PKUm_|oa}3oqs~)eYu-mucGn|!eA|*/4eU~CG*A1/U$g]sc~<ko)-?PO
:`I0rWCGd]J*)as{aw](u*y^Y&GqAs*Wi6YMIOK=`+rsc!O~+ss`JssvyK?$d~G0Z8~q>EHk{gKK|)s]Uw|<z{yvD~jS|Y0S(w:|dSY:+9wFl.]inGiM;Zn?GMSI(TwP\^kg{YA%HYykCEmMBkw
2kK2 2^34y4|<*\?c|kh3avook3:08MAC%zYSwK)8{CbW?Gwr&|AR}:?qAa|,d<ury%>Dm7|*~_O]6Zk#8HvY<~TH6;R$]iAsJsq.Ko|edtiwS$|.um^sk))W:If]se?XhO)#5l>g$~<+v61u><
klkFTS_Uof*X`$o*%~06do?*~5K=F+6jOckc</cf8zg$`U~~Ym6:)mYm?I1U$+/1Ac7a?GSgdtUXc8O!h=<c`)dq6~]wH0F qgUIB>&tck0<?eDUM2;$9?~S6m|5QK)c:<|oer(+aC%7YK2FcCr
]tAQB<]x,C:!^GIwdVGuOsBKA}s=Ss9?vSu6ia~~Voo*kWYG3vUusi]L*U;8G28*r$Ah*r]~K+M}Eg~O9wyOGu]d)~Y=K^I*+K^0i~] ><:L,C)fuQMwfnW3s*FOOFS~]2~OAkYmr>)FkUi6o`|
`gw8bYMZ$]s-U~os0cT?<+/=Gi }d;EjIeGg<E`22{sc:lji-Yw6Y~O^o~cnnkPW*wrKo[Oq~UcO$:+:MY$AkAenGx6fGyg6Csk:k6q25wyb+?AAqO(~eeoOe WpYqB*|`+skW0S<|:QL6&o:CT
|<gUo|+of?g4H^?Uk?k=$O`5Y eu}6]rUYU)U>O~gN+)g?cwS~KGwKyZO2Ym+|QkbooB*wE2XiC6irweceW1:.0sM~<ECwYnK.$$e B6*6str:=>>w~I~<s`[O$auGg)< e<7]<W|?cM?mY<Q~<
sGfAWhC\wW6mt7Y?;i<qO`>?gK9gE~U~uC|o:om/0k~A$dCSo7AkU&6sXb*MSc`3O\y)-:06oMAwYSw>8!?6`=:`:u<<ckk6^O>Ry+?IL}U:~kAa(o ~Mwysw~~|)oY~-+^K-qaZ=:~{oQ2I\sK
t.xiM)ga;\O_g(D*B?}DABq)$Fe5AUYgG:]o-sY]Wu8~m/k<w}]U~Q+]ig)KOw*2=YbK2a||~AAP.`C*jzCAH2Y:g1^52_)~ Og?K4b+[%uKVKgY~K}4Y|`gOmUC46m=KhOoN?6GoOR]qVQ]B|+
YwPQAW,JMQ*C8`}~.%-]*<sIcq?I2*1qyC4a0[08-)=NC+k~=60ul6oSz+:5j9Ys]+w<WsiOKB<n[B~tnKWhPqkd|fD=c}K$ifoi2moGSEOPOUd-KwGi)0`zOWd\mk6C?$g+?:83d~+~:23]^QA
ofU/6KoXaUSYEChS$~oZCA AqcWGi<<+Nse+w|U`N/NS<.`KIUc<s4+}cqy#l`bR?J?AYwI+kGn#>?lSE$s5+~eZcA8E:<O<amGKy4U-6E:~-Q?AC*<}}OP8g RG^oN>R`%|r4G6Chls1UzlMBu
6Wudk~s#y8G^yKk>sk6oqAS_?Ov?k:YUw.*,{yuc$HORUokTgxnK(VB6a.:yII]e~.<diS;|Q+G8WyK06QGY3Sho$&i`$4`y058?3,G p~O#Ua4.c8$|v[}U77<ot6F<!q.D4]4URw~cc~C]=i^
auPe`)KkA7?K$GN-UMY2WmA2<U9kZR`R=kQk5L}(v2I+<O=KZ2dK:MsaMy=A?Ud,h%]<^.ADz[>rWIdUxw/cO=8`G2oq>w$C/G8SZw~BHE=XAR\kd\Y+snse:]KP|Y{xG?O$0|gK|X~L>:`6>|O
co~U%tg%%*kUFet?p6]0}6v^UxhaYEcS&KF[A5RCr$6DK/P6sUwDkGd~YAO+&GOq:wE?Go/aQNdg4tf**ijwi\OGfwYG<Lw6|U1:/|.b&,e8*4gYCqi>6p$QkkYtfS|x;C~s2Z~G$Klk06kyc~k
C6G}MsE}UkAI]x|rSeoO<~k$l#aVA=-0J|!?</-|2YU_t2~,6[o$jK\:-3`]/C<:CK]Yyfn:2xTYpr0FW5%sMKE|sA*wWkUj++MIuh}<v?wpqi%36LcwU]4YSETD|gd&>T5GWc/mAwAgEGf]kc]
3OSQ+Yh2(P<PPS\smqC1ygpjx+^)QC]YlGPU/aP$\O%/?nA-Ck,W$S^e|iI>akX|akmEUeRSw]=g~R_BwCCwq6Ch]sNNMO]~ofi+$~:f$e8~8mEca$6~]P~8|s\T*PYq1$2Sc~~u3O?-<HA0~}R
mIoO+6Y4k~ jki+COS2u$$CQ]hMSzweF.h2:~91Dgob9_!AK~c[eZcRwIS(<$pc3wl{kGY9USo2Km&T;UK$4$-JAtHxswcgG~Fq|0MDsUUUw=~QB4]+=?x4AT~<hC2coDq]2XcIV&O%)CgUwc=9
<k$2r1m)$6cc_SY,hI SJ+=~}~K9`gQ1m^6Xbeb$4srI~k%GpTyCsUU<m6/~AYR7~K2:d6w16U~66$$I2fG06uO0K~}7.o?`O/d`5p`K*` s[Ra<+G\cUPA)w!6#9cOs92|KCs|}o3QyX]kI~||
~w*-6O~nOyJYAOSogz`)XsG=y >)?ace~+g1cU<~Kyz}koKW{_.?O*OO<Kh?+SJ|iU:UQd]~eYxUAzmW~|^a~Sn~m|`E?5,ijs~g$Hc]QpkLU)[EnciwyBmxc)<[E$~^ix/-$8!]cSauoP|GTsQ
Cpu82Yg|kYjPesg*KYRgevkIDm)5:woW5}KcQKS]LAY9WHsw~w!GC~g~O6owUWt]~m\SviN3nCxyOXAO{I$]*O+G*KGTE6i26Rm]xe6&<Ox~RUEa6-xqkwA`U$}:Y+MAI]93~~!M9mg}byp`##a
/<)KckAMIO<gqI=)`Og6~4ewFds*dY6ZaU[\S?C|{WUd:0kMe~KC#js+Ae~|]6r>_gqADJAkc~Iew(KyT?~2RY:IwKuKY<IDE6XKkMoK<~Y$+$>KYUyoo0k~I6%Gl]v*iq)~l)\qH+kw<.!.SvG
S4aP]5=`kG6U(m+t~~s+%Ngk42{?h+sSaQwx:~vdIh~#WF-5v-~|6k6>JE2*&+8=CMyi>4I)u:~SK`+uc+Bm48u6*gCi2ER`qKKsw?OG#JUQ~CA^5PYi8iAYT26G~Ca6S2Y$Urs2SsU]y~M|uo2
0a<m7U~Mk~}sae7<wG6~?y6iF*+d$oOCoyC)*m4A*+sEYwUlN |2S|G69)~KklB%s2?=Kg6~Y SCO}jgU8sx\A^>u3Z^~YK/$,c^+1E~S>|K|<iXGs?g~|<w~:K,$+%~r=>o06I~ocUo>]~750i
$2tr*~K4<o<XMN${I:SGWUkI28~]k6k}6/w162o;wus$wctK}bWs_og}xG6l$]\e&aE<s=<DrkCKdprcw_Cr[GEc=Y]w^W2+ZptyO.`1k\s=Ks**e?2c(QF1&~6`g-|a+S]l#C[>*?wB?k~K~}Q
-+Roca~S~$*YkQy|)Ef2cIX~E,SspfFU~uMn~~W?a=sC&Gs2=CD7?w+VyQO~%6Gm?I2>SgC?h~^$S5+A<MUmM3(A}2+jQc#Ye`-im-|u;gU3~|Y?|M6oG~J<KBN=5*<E2DM8Y}0kEf?pwK2sKCS
ccK]sc3Ih0ryqW>]cTKAu1~H:kGe+0G3Y~s~[6+Kk_y.wX{(C:YYo8s7Y]wG/Q-8z7\ocQYS}_:wo*~\.V~i=SKf8{mX4ggE9Sg4I]esdm?z5!mqq=O~+9`+kYNsm0WeOgdK!<IVN+Xh/ejO2ai
+A w#~\H~{SI~$QK^6<?<-Kfuk+$c4*6C~O0*G~|dV27`w?A~X`ClgUg?WQ*CiYs^<yG-$~d^?~o+|3SGpusQZ]TQ!]<UI~h)C$Ef6$8wJjSy||4US[9H~6jWca{f!v0?$ka]e2|$8VuYu<GM}f
w4Ocgc1~+*euaS?6q]$Stoi+x,YgE&`l]!~G}:(g~p~~K|hH|6spM4EDZcchq=i=+*>oC2gsY0n?-2=ICiS~~Ck]w!EZ[R~6T~+^r*sWY.IcTy#5dZ*+*l9r&$K+(A;NW~|s:80LJ~>{~g~*w$2
6?o_-(=KrGlKsYlIUwY;62&_w/~<G+\o<?!)ww<DA%\*]K2oj2*01OEU0=a|s;a|KuUdWsU~ulumQ|QW3/yY{6mFkrEO-.n9QA`S*C=/j~:=uDm6Y?]]OQ~~<z6gkNU?$?aiC<Y?)]?:gcI&rvP
6w+=igL8Ma+e0$zgLzZ]W/wkf6mSOVi+*6DbO$|G`ies*Cn>F+u2=}oKGUYzTq9kwIe#+gOg<ii4m]h#G~z)0XnSqYS-?^2EcTd?h#0*$3!|Ko^sGk+{OucG\^s6Yi,~uY-~K/0ycDG]%nD>|0~
w?/$CPtnU0CiOr\O]oICqUUsie4?fAA[f~Aqimw(BY?zA2iOL<}G]InoHCT`2O*``SE=6sPa2~dMR~O2K}-6?oG|;s?C`MYKKs<GJ7|e]>K1}:2+^e0+GC+\]o~c^6C~-S2~6+QSb*G+GDg<C>=
6UA/y`Y<wkpzJ*euA_}AAF*9,[e`+8( <EAk09OcQ*?]q?<xAY|xGT~nquj7w+o)`Oj\GXYc^4~A/l2g*dYtdY.i_5gW:*Go~c^~JmAjG2Mw_%I261kMyO?iU4~~>2$US0g>kG|}<M+<1`<7C$L
|EgrD5w?q\XUCL`]K=~%-s<DI ~)3k2C$N^+>$TC:\Ok5?+R+uwgU>`C.ngC/j~$~JwGsv?U+-sbGKAyw:2GsJ9$U~06+jM/bOycO=18=2o:I|6m(CYk$\}~wG=B?8K8\x~`M#-8:s2f4[$~\$?
>sSgCdS+Y*w:Fw|S56$KZI0G~T~U,^&CYsoxIEuM6M$6rQm$srBae=XO>]30Y*4w\/(s:TM2F$4cW&!e4gm<GqD/51Qy]C~c6,;~Y2E~9|~+k2CouwRK5f|?A~g<8Qo+Nd+A[na>P*7a<MxK1AA
:~~pK2S~]_c|2So=+]6**2yVJ}$VwoM\2GU~<g)E2~kx4|^$k0c8:C+h}wGgl4fkAo$}i]il?}* ?Y&YI2W6]v<WvS;?qU<O$OrRYG0AE)m<cgCJH}Y=vKkI}]YojB`0SksG(}[q~jZ^PYkkCA[
]aGkXxkAjk/<1~s[i|4rfs0+u|hE:pV~gvjh]r=cX<~ZwAl~sm6dxWC$#+0CA02>m8rc-^3mDSD>~S>F46pUK^GJ0ky<4g>wG2s=#8;KoGeS<G\M~W%u|~BQt)$$$g(36eQS8c:Ca/])#!dyE-s
SYQMcgaYS1gUMc#IhYwMg$);<^w~$2s[XK<CzSF|InO}|dW2(]:/OuK^lUYOz~k4L<Y*6s=]IwXcAG~EGs*zbo2=LgDm1jo~41YBNKIgc!|YWCwA#-YqK-vk_FdqUgz[x~4Us?vsc2Ug2d`I]Yc
~K|/V<mayDS$>aMIgnGQ?~S_SGdU:?bEc/0k~^skA&0|c)vKYS$6T^PskrNO$)~6]z#%8B8gDU>Yq#A?n]sGk26<j*uDZQ?[OpRadKosy:]2L~=$b<+V2WoUy+gkd<]xKg~$$)k`|*TB$dMOoei
ug=0y](wbwA!Sc~P*MYOB2|<c+/EAd5><*?z+!gwZ\&*o`i)<EOx+6,-SV?2|52Qy62s,%]:6(AgH:0AE$m0_k|V-+Q4wGOmqr)]~sf3s2f\v|S.`Ec\O2VcCA9+4YoPIW|]~J1KI=6+]7~s~GX
~)WgG>kODEOY{cXKoEAZ:.0~]kT6-q<sU.S+:(I|ES_kvl|g*oU8`|xwS?n|w{wY2GCIe5=gRa\~AjE|kBidGsa)E+O!Me,:*nL8~*wMy]+GgI?0+1E}ssVi|g$=OHHP](dCo$P?$g3?V)w<]~v
~O3~}~}ExgMw<Psw~sWs>G$:QCigC7D/x]?%$Ss6mBZ$Qs~+.*Qg/Z`gs:{phQW)oc}4S-*_cFs$//^S~=2YDRucGaJi3)gpsg< V6kS^.~+e|QMw1Jg<|ok]>e6j(%G2~>|D2ukdIn>#|swtj^
>cs2i7]ASPvAYMw^S/o#oKE(/J~M<.3 $/s|[SqI|YIWtg#~?mg33$SO<tOUb,O~SK]KCunUg%6<REcT]S?MWrK}ocKc,w0-|y~mdO2lYcvlko-2IHf8o?2^QM.>h?^kukC<A$%|SH6]~|<sSOQ
t|(?kl62Y0;s`l$qK6OjFyV^hg02c]QO9S\40*CF$~23k10D)orU6U;n|w6QmSggMc<66NK6y1+>*:lOms<u[.egAG+W?2oaas~5~mc+|B%(:MYAo>=~>~s)yY0$0s8cg_|v~+g~H).Os~iGyj<
_twS~SGKaC/~QK2X2z>K?o*[8:W!(*~$A<|3=KVjK<<m?EM2K/2ASo0*_Bs$toHuaYqs$JK\]C7u|c~)tLmA(PCCu7Y*UKE~<^S< G<~Z.KoGCPOA+M]?TP36*=2fIO<<$N|KuE~A<|YO?noA<]
Wf6So~IeSA^{ug<MHs/E4a\c~wAWI6&kx?=OcS7 =9?~6YdnCDK%Q]GYY`GoCA*vY2`8!6I{o5]8^?x~<A`KA%K/GXzs<~mC0?^l+oCc0HoN<<GYr3<6b;hF%NT$<Fb?D|7Cyc|4w?]Z?p$cCQU
~S6oUWpYDu]~GmH,u]?SXUousYc/c3]S6Cfo2?$U=UwdFkZIKAXAi}W+`$XkK?m[K+.Z1ByTA|BI_yYb2M+cCwO~)YDGx|swAloH]^Iv|M$>q`N^XwOuYS2M(qsRyAJ)umk_0$}6e_uS7|-]YOs
4wQ:uYO~W:2wCJEY2MC)*]522wL?(!Q4U]6ggM +So*oyS~8>8*poQhWS~]s2qG>Yx[MikK$+U[*FuK.$YQV<~0mC+&o_d<xuYc*$L|K{C$GB<s6kYEwS?s|+w4dCE$eIK<c6QC}DY-}$=$zS?r
M8VR?A<,3|nCHA?u0|i:$)Y?}dUWWoCAk*Ci~~o6o$A=Vu?ukAG~o~Y+_StYO>dR~GRCk*.+_U60C#|gc=dv,<<y?O~Gzi}UdoUCkAUd!%<]6U|ZxSI6]u76M3E~$2BFeI[}:CtO?eE?A4go26l
/(:^bkC; A~kss[>q1SL~*C+gY2m wSAr**Kbplge4S*\+;^LM(LGcsoeo]/?_O!)gqGK~8K8#]GAA=7Q?U/ax+8kuO+i,8GA6~2{8.+-wr^?XA~G7)+wUU*WC%+S~cD+k{%&~]QO5&S*SD~>uu
a[YGWc0S&6-Cak]~5ik|*cSR2kQ&IDg4woe`k]WoE~WAtHkeQ6ze~wf+CURe5AyI8~(kns9iRXi=2|m+Xq4s2FTvOtY`]TS=g~$I$\Jr*UKCt<Y*zvZwvobGUvYY?Ao[AOw.I:3.K?kukLG|A>8
gMwOX?6s$uWXweFW<Nl~YAwd2Z]]JGMd6^09*gg}EGCcwWS.Kn~2O<*$G8Q $U}69l]?aGTcYDZ8UO*`De~yw34^]ZwK?Mn<kh4KMI]KwsdB?~G8%Y~8F%U1`?B$wDOfo*NgRe2=$`4$BE.U8!C
L6r<ZIl|{U>~UfzzSC`GCaoo4G+WpoeSs$I~ocM+;U|gKYMI<`m]?waw|HgW:~b[!=kI<]hD/?dvK6qC~%a::9<]?sBaw](Mg=|fCk}2s=G+~]e{+A6+>HOjk+2I6dw N/Yk~~H~|<OW4:?+)n<
uy? S<~ddP\2+n_Y?~q~G3U~G?2v]|u~scS+*N)s-26cwQ=mff2HgdcJ=AqX <YM*k(Rk$~Wg4rpSW%C#+S3h]k0>|$EKq<#cx\%&s?~suU+260CSQpo9$Ys<)?(2+YJ~S~C)6x/^(=8cAZ4E5e
zcwadI9:c2^dx07+~Q2C]\G6=~2TLd0S./~+8M7Y4+|mM$2$aWeP+|*`0<yF9^*q~NF/2WKj-oesY(h*|wp|$cm_c2~AU*I%}GbK~Q<vBo{^[ecwOao3]UouUGC^B%~]c`^caygw~s6.|G$4Tgd
$GS`$UlbkAs6~x^E!PQ}3cG*8O_/ccYYd~Iq*6$K?*~OMk?# 1$/eOAP~17~K<CMHqC~I_[wGqCwt60uNag4w=QZ}1*^Ci2Ae^4glOHI_Ugpwk]`knk?VSTNg7$XAY~G#5*)CUsMw|v0?HS$?/=
kA}b<G|~i^cW<{W2~`c<~u!*&CIhIG$HuZ*]oEy6u!\U/Mo22Kx+d>O2^sIs0E6cCYD/yk^T~:~osC]Zw2c?]{wm|8E4w!obh~S/gC=5>%wRk$9Mw^bdG8`Zgk0M/s46+=]lScoqVV,wq854)wK
C(GCG%kMr^nDwuyqE-?>~UnLKGCGFiGI/XRAs90+*?I^]c<Ck]?Cg>A:f)XDi2AE2w:x<+>eTGXeO&m(M,S2/:=mbs*=/]6Eoy4=aU~k]$+PU{=sU~~6cfadaCCg9Y2gO`G~`G>Y?>(+lWS]9}*
-#=62k8NipWg+cc+j~YY>~VUSUe*~~6A8_dy4IUR]UKQC6s/])ycoS~EcoU\wSQ`5}62?ifZ^~+l;7ODqJ~s*%,*bQzC^Q+Y%Y~CwocO[*Qt2+]gF&G^U3AK$k==W;m2~`WKI(c+(~~nUG:]GT-
IO}}>Gc~osVU\?$SW q~&C~o<\<\+9+=6*[)dHW)~1AueEGCC)$AYAp,)wEvUS<>?K}D.ym2a~`Gg7QskSA=o%~s}}8SW~?$]e4e_K*+Sa~b)EsgxNTtXx<lHC}?kg#L?)R~MC]FoKB6~do56}C
K=N42b`SugcdV=e3YRg?;^>+ IKpV7rD.a^SY>|^:s!c$6w~S06Q6~Mw<3-$A(+keUc*QR:?K+%V/24$wyjRZ}-~SLqA(FY]+Y)O>E;q(cC|Wu<~WrAGiu]0O\;d.COOySwZ*]c5Mk~yBAi`w|[
%I~=*Ug*)yOwA]e`YQA+w]?0_n|6O}i\Q.4LlQS0=k6iU?ok8$SHm~o|kx}cL*c8c6[G}*d?Igk2+,4~{)JIkJwQ.Gk\:|6*0G,AYmAi^O]g#CwCYc?a5}]7N+|Uje-ocg6ULuSQ6,|g$:<2S62
6~MGY^8S6<Os)ISp2+ta=oqOSdMcW>oSS#sTUeMQS0u?;&|<<<+~GGi<Y#6sv2?+G+GXSBK)9O{<A?M~w4OoC^?+;Q9$c|+;<BU6mssc7t2vSTcHS,Ws2GkmVoowsx$);:s*G>*cCWf+]e*s1sT
^Mo*A:u:g/Ggc~UoQ[o];?*^E$~#Vy:=}r|+d6noCe_OuU+$TeS~?RA?G+IJg]wSUG0gabEPmd)Uw6J|SnYw9*gd)Y~(MLgvqxy< u^&G=fEcan9S2+4+SpkHF~i+ kHJyqU-}A+Bo<]kMm~y6X
g$N7SYEzPs~v2Skd`1MG?S]78uc.|GJP*anchU*n E//*3?GwA6s0]S~w$k9SGcgLodR-27pO?WUGv~O6>||TVu4A`G]8k+g?]|SY8>6~w~8$:#KN:s)W16~~ykS0!k&SToi`~w}S~y-{\Fun|!
Ogg6*`gtsPe$yjG9z,N+vGG)giMg(~E~*Fg<eOg.i=GwiNRS(Y:bS$/F|BGL~C$+~`|EG23=b2~~Uw<q#D:<]865C6c5n}2yK0>%\]3K>(92|xSborm~:oo)2~,~M?osAb[Ck2&}{&y$~)qz=Uq
a0c:-2~C6?CA)5d~KS2+?AE?dh~w.um+02u]O~GUqNVOd_23qAS?}]>6Dy||^C0g9SMw|:wL~6pKN.Y8SA~?)|sO+>:;cqrsHCzKZo??$#DD?*8$y|k`/QSN_x.|1t<AK]\Z#>9/M*YYY|2Ae<S
[_}4n+o^[Y#uSs)4g<E}sAU~t?v~s/OW|P~c++6:SiAq==<pmK2U?~p5{<YAdKcKRgpq!BwXgX*gOACYz+iIO!ruzj$6MgT8g<sW+EqHW\~:2Qy`wK|1O|<pC*i1LTm<fn4fx\}$kp+g~|W>E|p
*Hz>Bg+mku/2A*&hFpaC*CA]G4kA8]OKXTw)|so2a%g=s^CVEvkASPG~~vk}*nU2g6$wI]33S=gGyzo#+Y$U~g]$p>g*~NVKB<Io`$yKp}<.~>~$og^GY\S??g~KbGO/SVy-E6y|^$2!kw~*eAP
*\6){XT,uSp?{,<SCOYKsOP[6*2tZawk++o#}U{c4sqA8/4+<gk|VwH`KC]Q23$Aq0AQ<o}UiQW==A]oLr]S2WSZ~<7=}kF+8R]-F?OWK*H7^ML$3gu^d;u+R+C~d$~ACIG40ow^u?ASW0q*,)M
1w8$<GYeyZ2~G_Al]~GA+SJPkv>?|g* G0iSLA*CM/JscsiYw#I/+$uoO<kM2}%=<NEIf||OG4Y3!U0n<qAmjYOc?wa0?gWd0]~q(~yNKYew*CK6>vgC$uHy2kY=co]{0p`c~m~C4{E)OEQ?o*Y
XeHEk`-wQW]nJ\uv*V6k$\$OrcK~qc]fslx*6>>qY]MMuiG7n<=UKcA)$4p(w]}cUs1Da_qsYasw>_~:]<SP]dd]YI:=UmK-=fd?-?|$N|s}u]~Kw8UEUs`AsvOrV|^<Vx<c|Ws~<AscS:&gb`G
ncTqoAwa}CwTa2]LEU6jkky:MAtiC,ykgi<=Ga|QOf+N*6>KbJAQ~SYsqcg+G3K|~{F0&h=|g<Qge`EpCCg=SMw0U$`` )k`t CkQshO-O0ocy2!`eP?7C[L;2?\us$\c/ssOEzs/iG$02N;oc$
? *vmIe0?~:Uucce))4~[6|A~=DU^2Y=sz2{?)~6IB6]O3AY}i`C4~+WwAdgeo)h(*$Y2]o^SzQ&NZQwAw?|s~P0o2[)+=gUIs6Yx=D=$|AU3#Kuc(~Eok~gg6~hl~l|:S|,-wS*S.~726z]cC?
k6svIoGzi?|:utCkoYjVDg6<gA<C:]2i~2gU+0KSFutS4`yVYj5l?4Og?KP]$sx+KoIY*q*;6CSR$VP JK>*mG A^||A~Q5u8q.A$s!va3cW>wq/jU4$Y=u<]Y$,J2$~-Y*sK^hQ*otcS,/Y7jX
21k-]U7pq2+:|3+^Y]7_*0av]N<EKOkICqL-|gwx1BSqEg&<x2scCMbl&MA+3a6]scGoSScrnr=6uugZCYEkur=]J4m6|9w$khG:w|^~$f$+Wk6tJU<d{BZkg%Ug2^,~YcNk9Y5KUs:Gc}Xw|]2
^+GM+d78yc=+iSRkF6LG.$W}6 i2jC0e|62K~]o/o}8RU`cYX*CeogtsqG+4mA~#]upYns/_|=M|G&v/7`9P~V|wfs<M1$yC+jK]St=*c~=s6y2N2C2|.ij/JDUdBSG`k]_)mkAT*6=Q\AYg<u`
AdY(w6nH`x-EeR+D#c.E.A]{]2yc*Y}Gs[8U.~oU=g~]oz~Yy40$G2iCCZGSYw$GO<kko^~}{~&m$u2?Z:Aj+HSz}SZ-e?`j?G\)cQ4S0:oUo6Y::|68:Ya.qkd|);vIvdML><+g]UO6KN*Gw\?
^?~=w2O>YZ+n==2>WGas~GYWWA|E#?o).OWdyLUwS!*|wsY~~umFs~m~sU=HK*Dz~g~Jw3]8?D,V#E-}6/|M][S<SAmC~bAD}owCZvd^Ks/sUgdsYG2!*S){<enYk/dO.ka1>i{o/!*gev9CSp_
6uM<sok$zP6MY/pow;+vh8);GGIwg~AA!DaGn=~SKd3I]+mcbKw|?wlAsq_2d~|4Us%ecwKu*1r06*~Ka7g8U/=wOr+h!EIk9CC?cuie]~$C|KWQ/>}m~7~t_Udo#:KKUEAGAIy?*AKFuW_mAHa
d/|GQ^7wg+<Eoq1+ZccW6cMQW<UVUuwYc+=$t)=KTg|UsQ$|6+kZ]S^n*cI83Ap6KYD]uk]7.OeCYQ=q+d:$0+vISk+lc/?2<?|~eql]N8LYkf^k>CC]dobOhuIyUv~C+C6XiZ<)?f0>k[gy[/Y
2C$BQos$zQ:)I9T^k~>qt?KX;\I;92SyQb+*jIMc 7?<yyH]{, Cnd)gYG~Vbpk]iWsIGRJA)GkC8KcYzj<(<A~</w:R34mi&?2p`ccGk?~m`F|yKd%Y$S,]%6{~<ismUy=]S+~Z]~}OgcCW6yO
Mww+<K`p|;Cs95LO_/+KU~-!K}K|Y~~HDMVFA~yIow+p2WE~dS.>g>L~9x~qFQ+S]M~?mY$<Gfh62ISkGwG\kCUf<d2;+|*?~Y+IaMAmcT]#A~2GmOGWG*9ZPS4?A:kU^OoO7dG9a}=OzYOdiGC
-Qc8:+,S~vIqDIwa6e6d*<>RCIyceKqceMw+sU=w^|?QMa ]$6f&0si*Q:7F$k=1yg*>eC~?F]a]MeI2DvE0/Ou~<okugwi5dbI~-$k|Ic~,??~aw+Y)gT_6K,+$:SK3:KiW]rKse~?b)WySuCK
Gg&Kk7aD$*q=k!u|h^&acmUy?QX>Qc~w~0| gU|<eF;c:]<z/o|Coo`MWX!%~u]Q= f#wf]wy2dA)o>vU2h1qZcogtc-A#Sl*a+6joz?=y_C+4EU}Cf<a(}G<+~+Q6cEGG>y+Ogz>r~U#Kt~]~<
vPM|M^~g#M~!v>,a/Em4K4}uAG~]<f~Oa~2lR2,~?~g:q_<G2\<AQK6<*s1=cec8ytQ7_AGyb<k8a54+?ek[hJcEU23HiX5>uyy~3WY5vkC!*iOhU~tSE0.bT4}<uG|Yv;s,?9b?<Y^ga]w<eG*
gkU?Q2^+WOrHo~g%>C?z02Y0o)<<q~CR`6 21B;)qZ*c^Sa+/Jgl^)2hWy:tyB<CB6]$Y]86kcRw::z]Y=n?L}y-)qqSS9gCWtCKKgwWO7#~-G]2WOCUU2Knju:$Tx+M*v!Q%]AS2>z4=WKJSks
SNEgGSn?K6] cg>dP]w#o|n34_pNs]u2<QUAgVUGCyGI$/9yTrCpEX*2}6zG|q>Y6<|<msSwuk^&3n&)_ll)c}4SS$S2w`PuceY^~w<v6&5:Ok+/)kUs2GGy~K<^?~uk2`~sew,UsQ-<[h]~_~G
|ADCoA|x6tc7|8e}uOn+q2$|]cfGx8Ag\6db2H22%;$M>2U7=O<J)SNKD**`u-~U}_?mA$YYk6M{?]ORe:*?2Y~:]>|%s9$GEuN|]&<u$2L:gsyE/,>/y*v3<U$sIc|4?O0~M`~~2s%P=eX$U=+
^S:wG]~B:6>*2?+$ S$sgBGje1SQ\Gr~Ed$>:Uh[HXUS$|~AkI3C|2iW=a.SxY8L4*zgl+KG$4kxwKnAyW?~]ZLI\AywOv6wF~~~$y,L6B(;Y%G/saUw]KCssP,#wOK~j/Axk2<JMgSb$6c]+~%
~a~YEPsk&|W2g+8D7GY<6&Fz~bG]u]SHm]6}+}6Iy)V+kdSQ[Ud:SYY644Yg(+P*Mu)n^g|+lK/V`n`|6i0]cM?R8(El~[F*ueU^~~C=27|PUKddEC40wkiEMU%/~=OEIAm:?*EB$4Ukg`sRG0o
%rE*uf6$DdC2>=V4^prz*DgGiv$c=IAqo+~DG`K*>R3l~OYRwO~Y24^_<1C#S-~d/%C$eFoc=6A]]OU{ =]>OSF[QT1KYY8~W<H#Q~oEcY0~<}zcHQ<&ni+)yi*ly*~nkYp<CqrYYk1x$,h(WC?
kj-w{}k75<];ua60YY a]8$N?:b<7|uWw~stNC_csnS4F?~_GhCtCX<.1q.kU8L)w dwI81K4|oCn=~`s%56~tc~C6E+28\gGMdus6y>8(v&3V,U$]H]AkS%2:Ks6kGs*O{~|6O=*Ai$*C2Rsog
~5Y<$s~/VKHkay$9~[KEcSx/o|9tPC#as(]UmwJoJ9Uao&Ok<qtCoUS?]i^oCsw2?<I~xgsskYGL]~0]rR{ ;sJy=MgS>]E|JdG}:iBj/?$rOSwS*]fgmAq+c2MgG1MsF4=IqcS1}}[]ks$S>zg
w|X2S(]2C+~<2pc6(*AKLB)1i~G|UY<2:!RO$?cE*<D?Og=6|GY$gWo~oL~ICgJ7~d|+-$o(v!|6>Sc?+|c/wr6|A~!gIzMIC\wn+~~kPIs`(FU=S2Yc5?Go c^lO)Xku~Q1Y8|FpNAEtK+?2s*
Ce`4h2Bd*Ob2q$GVhc2m:coCm^~K46$?Uk)qSc$?(Yk#}?t2cq22$w~ggkA+jI2sQQgC2c~}0A!=w[Ka-SU24{K~6AGaKqI~o~isS6~2kw$rR2$ST{\!~Il:+6KyYBA~?^*`K?~c/*:Aohp2SGo
<A~QYqYUKs0w|p+99K&MS #s5jQVSO~$o!AAkEJ*#>=g5G(+r)0]n<~ms6Z_1Yj*Ao(}8^4MB\k[=,I$Ed?msW%T/>q6aU}S/bO0+$/e={eRE.jH<~78kgY!IS\kuY]EO4kdK!2KA0c:}]3sOue
c2]~R\C:h?|#$D<^.S+YYVAPwS]?4Aa#V|*~w?g6~gO^6``V|!4dktu]2+k~;6,806+N?J O+gQ\o]*wX(~Y>qlMsu{O<pr5 w:URGD`Vs2}Uo^<OnsQ?+\LC;ytg.`<4C*~=N~o|T$a/AZ6KGk
3=*l+J>UM}{=GtmNsUas2Bs+>c-C.nYfUm]scoE> s8UhwMjC]J:W?ce2K0XA%7q+K0]aEK!]KAl<Z1xo?]oY4B$Z5QQZ9ws*<wAQ}dyde/m`C*20*X2Eqg>swRKgu*z|Q~g|P^AqK|e~Gc~a^^
.SKa5}U*4huSsY|+5m+$a!,H*\26nY,qSRkg+K!?Gq]gS]O2XO~cugG,G|?A+_|0~K8V]wdwqLK|GkKu%f|;2;0AyIU<WYEn~5s>Y=hUh>{*t~UvM4QPUKQcc$fTRG<*)9k<A~Y~kDlB]-u#?I\
$Lm?U gfa<y(0Mf+zYdx2NKNWwZ~]c{CB|I:~g-~.TX^edkCk.G+#0{>POq~xcD*g<:*Wsg6U`vGb7|:hcg<k*WwbEGT)]$UK|~D0gOb$K25CBL=R:K|`Q;KIG)3`KN)|K+|n9KmKMtSa>><`AY
s&o+y[cAn$g=k*wSs~v?*YI)\OSROAry_a8-wKsg Qgu7?S)6S~)ackC[&Z(+/t[k}P26jB&6gseYxC\`S]E$/Aq.E<~^se2s$~h<`Y`HoY*c}AS -<tM+~<4uuU*=OvQA9Im*+fU_W\Pj*!^gd
suAcI<U2$=*cQ{Y>3tgg6T~2`yUVW~<G#6*|]AcKd$+XEG:?OcML>lufy<A]~I\$(<$el+aY?6W}_]Yim2~5L7MO(cFXOWgg)U9Ai^A/0~Bg4odsb5<:O#k]k_g]gB?$m*|K:ugu0/F6<y0ydAC
~`|?G)*]S)u*$kms6dYI5eMeQY0vt2*WqH21oh]AC95m}C}<Th$]^<{pz8KE~<n;4wZq/X|zGG=U3y6PO9S)~s+VNs>$/A**-4COVs>?s%Y6*{o/|Q*-oC]7OE,Y=Z&fkiw.Y]O,7/Qgyc6GQ<u
c2ckAteRTKy~iF6G|tPb#D~#Tqwegc^wJC2]yOu~oWmSOmc!U~afbrKmkv~/K4e%iS*cG+ C|]`k6&<ST3GglGi:OfW5oG:2g7UXg.3TgAdgcU]~[&}:\|SC6A<L$J4bgG*AY[C<~ O<:ha/]SG
PCOOUc89G?g<t*upl[YF5gU|hg]dUIQm*]`^*ogqe&O0?0%~kCIaZ+Rk#*g3.,`s4}2MtXZA?Q*??VM52^a}c|4Hw~Cagw6St80ckbavk?]GSsA~]*wBeA6wwK:2*<~a0cm:?<:xK#1\Y9p^*SY
2|HqQ2j=a8+5wwqKol$+64(g|~u2}gMXg4~<g)EZsGGb-|UgJ(1Ccm]7O3*^A+KAgBuq*]IVa~2(k}?yw&*8tcUc[)]wKK-V7gwp:?C6Rn~c2$wk2KuCC.`ceOsO$~|?]PW$s|SAy++osuY|4CY
!oCW~.cA|*OGtCr-,eA`zN(W||Y+X$]Kww7~~0#7Ah{&<V>ga|AGaw?;Q}C|/cQs+okg~?C]L~?^|+Af+mU8~G]^|IO:boC+o|p$42m#,]#h_C,AE^S~,he~a+Y{IYc*/H~B!ATW*fdKucKfge9
<M+O sN!yrgAy/O3*0yAwKochg*I&qG%_E09guc\o=+-,$=oYdgWU!is|~aK3 oYmg%\;~`eorgG:+b:c=~k$eY2O)e$Y+~I+K?]<0UO%WCcTOSNpPU~acMgrb-Sgj?Yp-$(W~q1K=<U$%fKqA`
Ghm~lCZ*,)`622s`5Oy=V~U6UM~At+HDJki;K-~6B]+Ccu+<S?Rt~.FQ-)GaR$D~o_cL_r:~!saW/LU2</Y~eE6<]4|Y|2A>y%b<kcZ?~A~C+pNy)||u2#ia+=?sw%FqI]O~~E)S<<4~>JC6_iO
-}A%]+;cK>2diG$1Z]2Eg`8T8?)UKWKm;_UyAZx0s#4?eXw~`+2<MFUSc?SS(>A1)S+/MdzDyMC<gadumSU$UPCfqi~$S82!=Y+>y2)~2YCef$V8STcm|+uM$kdZW[YICO:c?/GaA4wa=GG2g$w
~;32ce$:go~J.~P36&|(``Y\ESh5oJXW>5kGeRE$|W6~Ecl2~9`!fVo X.K3ecKBcESZ?0UA?nw;ew~o!t_05d:WCn2s.;A/]Y)<qK)2EA/0?[+Ad]ucIKm$?s*owoy~U+)?3C6#wAKP:qgQ*Kb
U]IcKfGkC?|ydmC }+v6]\e0O~]5$+J=i0BC:#|Ll%+~uC~YbFg6nKI$c]`Yq 2[&%n<KxSLlOJE{uaOU^kUAQ6,EWd)]~G=UEYWH2bu*?E<SY8+L+9$f*t0Y~|<^$/N>q?C^6pOfto}E,*)ae1
8Eq{kX\Jw$w&M0|~#uB]|H6C#OgpIy<Vg$sGQU,u6?](Gw~+/&coN<coS?uhwoa~(++uEC YVk>2Sc>Cdz6 QKYc=2}c8s7GGg~?I*IAo_:6KS_~S]#!0$}ag/*~cl*N*A:+`H2=yYA,8>e]s-I
Jk.m>v)gJ*G&swAU~`:*r7*?y;~ge5wwh6K*Mg40goam|>[aMei]w$~<O]cgC2M2g]oE2N`)Ck#S[<~]uw1|Wiu*^+:s2YlmPSIXWKo*Q!UyzrOg2?~<.w4+a.~1H8O~*od:Y#~?*AKG76~^*S+
2*bCoQVc/poD]<~2?>)o`>|G4Okg8c:*K|o<e=5=]R~V*||aVA<hxp_<doOdJ]ZmAHwkoK`Q$Y~K~M)qw&uc?U0UOrAxuE|+<B=~<U$4UE+CkO;h6_bO|$go1Km6+`JuI$8M}5~6-WAci]o}gtz
~6eK&i?CcHu2~OUIL0HA6cyMrY>YKYSQ$,Y=**joKh^GsBhfkwwWo6NLN$]Xk?A!(KA*Qa_3J8$~5~6Nm|}C|+}*-Ki](JB&|+STFCPcg~X~/o+$)=|6lkU7cYUf^yz6{W0yy`S6tzec%+|UPK3
isOwcuO&&)[~ce6yGK3w?]GS!:kUTLM%c(5!~|ICx$4?|Ob/=*c1*SsK2uc*soO2K$6]>>Ad}P+|eb\wuOJk~Q$G9*t+}b8|iO+K.])O8go|9YW*+24o+0<+uO<gm%pd21}<VL/O<S}3W-lBC<K
,&$/P$Nla?YTu-]W]~YyyYMGI(_W*+*=|o^G|2GP}$kFlC!Jq?eG]m>KEm4(XS3632`n:mg?OGK$2]1J$C\hG3o3Us}%`i8yCpi>W=?yk+EYxO8}nOJ\A|u?q]8_Y6jx*~G3Qc~6U|pxK;0<G&S
<6Ye,u82EC]4<wwKsGguq+$]U7(<`~v!|<*)7C40+<$~/SCG`~uZIkUB+^G>p$CWgcuA}K~ooDs?Mc+6>Em=SGC><S/7A3WWeT:c`}-Y*L*(g_h<YY12$isok+Ece,b{[Om2W&aq$&^Cq*[%O6s
uf>8rA^+q*~UC]n;oo$Ab,a26O`+Z(0H/,/.0s8cMK]*(;6?eiZlok>]c=<JF.c:d!Aiq2w4nm2?g0kUmg27y|2f|x=&w,g$S*E%|`/AmX]]mA~7+$39d<`$Y$2<+~^}~C60r)$:T}l%<a`?w6g
*Yhg~A9iWtbsYK6M&}}VrC~yYsQ12kmr~;E*YwEkwUk0>5W~d5I]m~<o0z=<wkSC.W8S+C<G$O`nbGwd$uK|F_ok][cmmArgYi[UkZaU-sf]$4$UkbPs$|\|^x7qC$*yE6SE(e*?]*6,{YyQ$7R
2q*,Y<a2vtzC$-w4ZP>Es:<gia60Hozs|?]|g6^ +`Id<t*OrZ~-~dKg8sajxr$nFKY|6E2*a[d2ANXUIm:o]~RyC0R}o+,k<092624eUwSgkeOavO-nC0AVwcHS=s]$V~pp 1C<^9wQA|MxO8G
WG~lK]$^Iy)]0#|6O>+~.fwsEOp+U<C1Su/,G7F.n+d)z<Y7s#Ayt6O~$oO+|<Y=A?4~}|bg?qYO8G!*2w[]]HTojrmAiY$_keSg/23]~+w:|0hIS_9f6yYBj6t6sUNf`Kk)w`YT~bM2D5#w?O!
NK2u4fB}(GdGd 0Yr=+Ui)I~=c$~:ja|U4.g~GnrG<g^c~K|~cKFk0=/mJYCS* *]I\wObNysCsqU5>c$Q]U~ u~^K`-56$+~?(~Wu?AUw2hQ0*Z0tQ~q);Sw+8Smu0M>s?&|~A+`||cQ~klWGm
)w-~2|$aGiEqwPYlgEG{w7O?Ao^S)4>Ke~d/W6?4+][b$~/+>w=+a=cdS~CCY4w3U>Am>*dn|$NuQ:Cy<m!n^hOgSc`+^Y?~6)?MZ|;eiU}`YGKPcCCD)K?*a<{Y/q]?$jgao?Y6Y6C^t[/w&A5
oYg2/<+oYj(rQ2[<<sHjKQc^]=Kf8O]l>CXMO4g_].U>EqhKX(]D6~kVtd6hQU|S>o6okbi:~+J?>*6s4<Yqc22MOMJq6KK]{gxLB\CkMKpq[~ZkI3;Mh*UAc4GK8TO$auF^0aO4+?$UsMqFPWt
=AYG24)QBYOw2w~YUB2=6yM$S_Eqn21jPU0~<yp~~]AG~xC`VQ%*>|siKA<E-)cgwY]9}MO=QgkYo*w<bYOC!hZEgK>$Md~?2U!vv/0e<nQ$=gE~=QW)sa:Ygs$~0f$4+Cm|)sR*~Pd*+?|Y$K;
_n\zK~O?8$++*4Uw~c?Us=|h^6su|cl=wM*UYwUqSCUNg6~/M$5!**YM~e)MskLM!SKiOGDIw$d#L0i]6~PzGGC8Q/4?wOyi8US*f~cQC6`/Cc6*^/q~CoU]KAK]&Q>0<*A(:g`kcU<OX*`okz$
OEWI_>US9g~UNU4GAHsM`*oID?ri*PS~$/YjWO.M*?Z~o)Z?~sj6cn,]>YGA~PU+9}MUC0]P(70s.{?`=>K)YnO0^<IKacOQoo+|o+oMSM<-sINmY>|~ok+]=ckMBG-Ucdn^)*~1k%6Wou)+-8(
aa4Dw$Cs0q/oo~agL]~*oM?NYy&$ulstwL%N4+K6J&qo*U|?OYKAkYm><JgU$CeUU73skO]ya|lcc^e:#Swv]m+iyw]G<X<CTrc*c:So{5X~6|G0eK~nOf?Y0?C>|$A>g;+$Y>oAI~OC?~6}oKC
^ugY:&k>;iWAq+G~$sC/2g989#]RC)sYAAt/[<)kwmvGBA{c$g7?$B`0<QMc]2W`1am)bbK6b]pD^|2&d+~.w|Am=s]mg>ie2DoEoen1q,0UmQhwwI~?{i?OE/|jn=co,`0qP|vS+<c^#bd4!A~
2AnUoai$CNo&A6Y?Ug>3`]~^x3OdkTwJwvFk9v2JuCwSyg#A2DY$N~M=-~Xz4Cvd0]7-kBM\|-#4q%i2?dKMm>1sF~e>0m6Si|]f8tddA|o5gOYU%A~aI.gZulaon?=7AL+||~wwCc~P8_k2gS0
#~+`Z`s<3$WYGyKbOdi<sgS*ia7|)O:Y30f}rO|CUw,q/]2G%4g~9[w[sC>cHc1EmG0Ja%O]>7gA!;a~6626gS+ve*0h|o<s 4UAAaE.$K$%U:`^45EQo6/A^~qH1PU44Ys<g~aC{mrG:66|pg~
x2KI-CQcYh2\hsP]O(e%6sp4y~w+>Gs]hYS?~!k~m<Z6.2IMB6?7WA4lp6Hysu=]MW0<wOCsdk)<SYXdQ*/1~Nsk.+KUs2k/f-{<;</OU~+w1(uoiYvI`(*]>GU$yA)uw=k7]U:O|A&x$zwFwC]
5ch&G8cXK5w)*\AxGsr<a:t]6>k]QJ{$=MuwEKw{U2|CR}4S7~AAc8cMSXOpOSM1d>~KY+a~MkU(~YHE^.|kC\nj\KCoU2K?b|G=M6`<06s8fc`Ql|p^?K>8UzikceX?elYsE2kSJ2cA=~d|4{K
tCx6>wc~~A,A=uk=K4&~w]ls|DgI~d k-HGS4o*:UL2gYys\UBWOxn.(m|Y?,Cpy9?c<~4UM<++XCK^=MW$9`e>4Us2Y~k\s)UgiyGi26_xAW.=pY]^Rz/6A5WY3Gg66]`&hSpPAYin,92Wmtd{
EC|dq#64xuLMw esM]2YC>kYc<2fgA96~?zIdK]++2twO2~~Fc=g-d*KKCwKY]$/OUcZS8Kp6A)8Ca|Qu`U*}U>KI?v/<.cA^O:6U5aZ]Om<CTNYi~A0*0I,~2M/\_o<]KK3|)S[~w`a>H+~?8I
oRG*/Adc$&W}}1>RkEgJcf>ki5_$<AD$`2m6gd3~*~EQ:2[9-DSwXOo#4~4\c=<O s!WPb<66LaL/H<=>FcA:)F0][Cyk=H4<]]4#cJeO1KyoEK~`ih/sUO<<2Tb]a8cUAAQ~$gC!O4H:-koSyk
84_YcAP6iG`^`]m=+*CJo*Kz^xYB<S*8vKQ~[]08EW\~w0LvUS~wLya6I~\:iunGOSY0c6Q ZkOCOo],)5gL7Pz2|*K[-}O&L2=A|r. cg6=g\s U5~Ss<I<K7sUOWJ<O3CDnGKrNFgr_)*|ocA
Y9EgGo,4FFMfH^=u657|y!b9U~_8]~-U0XU^K\wOCl-?YkKYVlgCUCZ<WKw|y)yDwq/1dw$rB$4<6k2s}$A[-UE&*3{g|5*QsC~c~)Vgf$sC~aK|OS?c+~*s|~j<K<+?~EoI6_C08sg?]SY2ekB
44AGr^2Sgmd~b~<-K-g?*o-*AOohw~eSih~F`_x~S~88{c|wjg(6Hima} 2neg+$Y%i})D/os4kBcss+?TMSAK8&s.Rgyb=Gsra$^2+c?$Uk=8Wusgm$sGm|<5M`YoU2kGC:reU~gs|dQ?cw]$2
sWY;.H~~ovI]wY~*2\Y`u`mm:?)0V&YwSi+0bkArh|`ks4%~(S^u<s?F*G<$\ao?a?A+$6dUrC6E8(s^?d.6O]]]s#7cwi[Gm6e`~t3bEj8w`wGW|b)J-<k!~W-yX>cc?5}YOhwEK#Y65Gt$)YT
=%|6e}`/A9ca2]Gcr/y]-guuG=Gl{g`?hk9Y<&Qc+>ag5GG0+|s~~.OUd2]fGKKck_SaY~$<)Yg=UY~D.=ukS]QhEOH~s0k9do2\*7*Z]?a:*Gk`G^$XqESvB9!cTKJoso0C^:K+{~~+tscoa]*
isCS+gjuLokK~bqG!n~O$k{Or24Fh~q|YG?{~6+,KI&3j2i<e|DADu$>*sIb(U|8<$4W>g7I?m]?2?+xqd]gH?]+QAfq1>gMMM0i2wWf bUGQau2Gau0CklKEeaAkK2~c6#4m,+#V}I=cKlPOos
MwY|!h2=lO*w?kJKd!:>Q9uTA~&ok%*T~/[yOco$iO}80c6$+9gk]2#8g|_m|<OAGM62ra!>$2q|+^A> .<WsmYfg/>MS4)m63G#KA2]P=%]i|5]2mfm];1*!*QC$r/U4\&yC|.(k%$7V?)B^/#
hCm*]qSV`w|+!:cO~Y96wYqb?*YBo*%|SSwK;]CH~jCp8A~6(6^K|kn0+KCg,d*(%+Sp}3s0}N$eid|<+UV)hEmCs~$7:G~Ix|m~<dY*sAY~W~Nl~%}od+G-SK~K)M`O%Sc/sJVOcSo?Lke|i+k
mUe+~$t~Al5OUzawD^$Isx>|<]Y+|E/]R:K)]~6}Co~~k:CgwG|(4|(n8`q~Y.6>w^$=3w&Q6]{}e|Z?K^d~6g2C/)q8kN~vsgEep:|Wq2#6MargE?]04GkW$!&U~c?UX`Ss:~6GoC)5gCgKO_|
~XRGb%s<im_=gg]C^o^Jp6kq$q4~>~KZS~Q4>Q Cwt9UY:1y$*+gQY|0q`$#)CCTks4}cK+IuJCKwGIoX=yF.ve\]8YDaCfJXeo|?*dI;Ygg?$:,$IqwY`gW-7]y||/SAuO)?w=KG+$AZUA#P~E
A}~3+Aq*4a=+U}Q>R+}D~BCS6*fZ2]42L\XEM2Tyqow]70ilb6#~c8x N6~SG6*<R*+)$S29~IY{KO9nCwO!gk9|+$)/}E<]K{]~]IOC*kKmoU62?D;>g<sMdXA}4+>dO58v~x9UZ]|j39W>;ae
tsk$}2x4YWS`UWY-U}WZBY8! 2L+Kk/?i8MYw*2z>BC8Y26cG|=2u6U+`n]km6Ao ~SeeK8eGYk?&gWC%+MQLC=s]c~Ck%i2|2? ~kw$[cI\wt~`2]+K0RC;C:cZ]]U0{+UUnsw{=oD>2kVKX?M
SOi|7.^+wU^Vz})A9?_/u>;~jb]C!6*\8GWC2CS7sYO~ghgzMUQ~G->E:r-cw]j;SsTi2a$kqT:O%<a=Bp!* *8>flL]iC9uC^~0uhmpO(vG:-(P$6Kg2A<P4Yr&<I!+K$2AoMsM{1~6C?A< KS
4W(GW/~8*r?]g=6guZg|<Yu3wG4YUOaYAaBBs0_I{]~*kF$W/v~k[]/Sig$ose~GZ.O~?Cc<]Ax[6dM~:M++s6`ec8PS|+^wK+$WV$*G61~o:~p\O_YQe#Wao_hH]of_8TT2?mEsz$G<i+~:yWk
AJGg,hw*5ke<,A:~]2O/A4`Am~J62n406:S]~I-s>CVnp,I2~|~^2G]gc/O)>C%~KA)]MAE3rc3#]!<^!PH}|>p>C/AS0:2UceidCUG:JmUq6A?OiPS|~IcF!Y&A\w_ ^:f~Sm*`C^mcnkCI`$_
ci&IK2l&QU_Hso4e0*d6M*:rsO<[]!/ps8Z]|EsT[,#][>1>w\<`-6?ak~N?<C)Oa8k+RS+A<Y~o~Kg.~_<ne=}:|=EuM+KcY{{( dH0oZ(<^OoqU.E~Y{d&K]aXSO}o4eyA=k083W/>>+>GCGb
d}<H?cki+<R+;*OGgA-%]Js~A8B|!6]nQA:_~iw$o*S02!K*2hC C<84u6}}NG)-cGpCo}C|`Ym%slh|,w6<2<CS*?d%>\fYGa2] qe5^<:R?cxSI^vM|YlR|wKKI0p+|Kw3D=m.]?O4%_2f<4o
kyc.cKHU!6U<WMM<|wB|W\{:WkPXSX6dvYN\c6UUWw&;`,U/)w~+.S4,0uiESw2$F$ Oiu??A<=s2|2io+o~2w~j\67|}2lC.W04#A,Y+Bb|Clky8]YI>k5~6QgB=Ay2]OsC`so1k+mzCq?.SG2
wUKG~_Q-Gi(U2*~DG0(i0>Lek?KA>[04q*F:7E*YaUGR&|d-Q~$<d50u sYm]bc=A<nkUndps<*}e$?rkvA:?]7GNwGaw|~FY?kussc>_SI5eU=]6u(o]}ST6>`CeE%}*yt`)NYd?A<_Md4?I/V
VY~2dg*BW7r$o`?YpC[*6NK;~_<ms%<eP?g8NNU+*qmUKSOw+CbM:G<6C]$Aw,9=~Ya=CkW7MA?+0k|7~<.|)`uA~YB=UOw?]|5*2w<aUM]iJCm`T6c:|^[om6nb0sRE3a-?]8wsc#,~dO[hH*0
oEk[b|gkkImq->UgkS2=Y>/}XG}R|z+Q6Uw)kSUx~Q3,,)U81T<JcO6}4g*7(Qs=KV$~q6~i|2oSS<;KDak]^G6s^|Y2k]OC=~4|\]iYJ~y[v+|)YY~h/c8]>iPL2]4sU~?awGq \GXu~nfh6~ 
AwGGk>97P|~Ioz<!UA7`:KoyFsg%qVo^Sh2sCwYz~S|LK*$!EUL|{ *1e;%<x<{wUqKK~|^3mu1FgSw/;ly Qw#r/|msKWJNAU=p2D]oSOQ]k|/6tcUI4~UTY&c$ScU^3<,:(I%Vo~GMIY2|0yn
wA~POJg?p\ONcAw}j]2O6Sf}/6sT4M*RrC:~I)w5 SG^oiE<U/uNDCo-3<lj6BK:2B$ckb6}<Osya9r\$|A+ds~U0yH<~2VE|R<I$gAY59?}K66nS}Sg(KXrgxF*I7}K5!lOk&dgcY$SDkT7dwK
8BQCEqX<k][~ORQ*g?gOY2U~?u~ASE-}]SKeS||A/+~6S6](*knk]CoO{kWGU)wNww_*8/2+6S$5)KS|o+mKy~yw`H+Sf8o09;5]4?{$?U|:k*kDK}*O8gSkQM?2?m)sNG62&*~?y]BS2O+s+aG
Q`![2`],m*dg`8+ ~+4cCmqa5AyeLLg1YK6C6Eo+[5dw3Qg+Y0VlAi]aYa{Wd~=y?W_~jI$W]#~I&D-k`L.2^mebc!s<`v%w~$o]?7wAxD9*4~CQA+)ng+}~IH;[zw?Ik?=SSiKu>Y24WF~CAk:
*C`aS%[*9 4NX{)W$a<S^kUC2A(f]b(6Y$*%~?6;$$w.c6z:hIJo*2r,6OM%GFB#geYdl?OA}UUW|+&s}g}]=2S{kLIlv<G?SR|$s)?.Cs9*AhT0DP)|SGE=k~?~Kdok]#$zU2]I~Eyy_HGKZ:&
4Yfb`Yv]|2=VGYb-ORZfIp6AAO~3m=?GE*cJM6|RQGU]EC-8GSO6+w,~<S+8|~]#G%L-~q#w<Y *GG#&kk}~wl`&Hw)J++&ogQ~8U/=aguUC7~*g|oG]~8~o2*+$^<.m_nUU(KT>,R-cW}9Uwmn
 u55IMyT~GOy?C4~[k~$Hw+)]~<YssUg>v2B~jS/]nAk+~/+~,H*HtksY{;8<RU)mg~p4,dq8o]G.oGOI`|Wrs Y~+CakUO#*-[c1MAX-bW[~*LjN~|M+YA}4ck#Q[Dw?FO|+6b8:kwa<]22&c-
sCm>4a}UKSM*}U+knddG)Mv9Y$L?%PlZdC?{`~vgW:$g]IW6C`K~}*:R+4iKCM*$dsF[k~kE%Gc}.#]$oM?6:W5(68pc*~mC~Jr0Oc0m8a/+KSJE9(cC#Mq*\WMw6?$fkF$2K]6=vKSCq^SS8\a
U`2X|z G$U*0q\&7z\66G^>`22^YU4tk!oG_C**UGOiP7~An+|(SWgA^Xch\=S~9|oA:C7*|=jndXo~U`:e5:YU*~3vOGO(|&~\!Vs2wD~$Kc_xK8j8_~+M^6qiaoc?+U;Y#CxO\O7xn<a$E~o_
2|ph;,7Iw:^I$60iKl3G\)~)y+Uzn~SQA.dA9+U2Gjk|^U=ssw,X)+kUS_w :aKEH]~<>A_^O8W|#w? gUOMcu|$/UWEMam2}y=\Cgyt}e?c*O*Yv\$N*(U?Co!k>gay~^7]lg+|6d<)~;g1FSq
6t$<mJMg$,;A$*t>iOP`WS2Uq$?wGyAW)c*zI$[??YYq!2~+fe6|$+*KW7/u+pMK[>>+o$=c[SU~6?*^fEs2A/YG=Eo8{0`90]zD8|y&S|D<g+$l;OI*O#s$Kmg0gCC8Ocro`sc+MJ4OxmZc*sN
d=(i6q:Y2U~MgU>d$uw8O<$d\h6!iY*qw}w[*/As~i~AYg?g2k{{A!`A9jQ6g5]xSowSyTtkiwAgZUA6O4,OCPUGo^^vGcOSudBy??P(DE*rcw#A6^+vL\1CtEgY+*}=ioerUo<~LC0w}avo[|*
Qo*`sO<E~|zo`VB~e2sUv\~QKXcQG<sYo^w+X>a~2Sr:uc2?s+Ge22X0I23siDk>Y*=Wg.ODKcm~eTJw$Tm&~gSh~~{{G?)G|$YQo:j?|$6W:G}0~NXok8qh:GK2B$<$8<,ugTuDLS]pHjU76sY
~?i1rh0\MUgGI}v]Ws?aUW8W~#~3i=o^6Trz2<9EhkGKuSUB}QmyzFa*c7qs(v|0?{cw2Lt<>)$~7k+)`yMZ!C?6/C6$I*8x>YBaHHk,iCNeOa<uU#6~ICgG!3GCdKv]Wv~h<0q=~s6|?_~PgOK
[Q5}so!yJ0Y6/Ml]Oc|EFA6lIJy]U<(CA?M=w]>cGD|ZE<<2BT?mA/sC2wh+XI~uK}S<PGG76yUmY$|*ZL}GLG$YiGgo!dD<`#O`x>UKO+VSm$gr+9|o~)mU6[OY0OS6G*/?IH)^S\A`I-DcQ>C
w?$_2)?|$=9yjB~E4\b1~-]lGA:{2mOU>-x2oS*q~Y*w$)YJ.dG6kgDS4saKC{T**sm6fgk6$k?~~)ZN(:_EP?O`QKRjgm2?4a&46S_)Sa$/G%4rzOQ}}s2*3=AHD~0\+CKIlO|cW$6mkSuLC|N
~-sS~i&1Oo-D\c`YCSk`Q~q2W`m?[CZqgS$<K-yb2]$;L|=+$Kc?:9ex+UPO]H?v*F}n_)O3|c|_kA?^xk?~~kP$D-,bGeL|W`(YKa2oZ]o)Ii{6dk6J}]-#GGg)SC`Yo|cW|?j2 :K^?Ww#=|w
wY%rAO|UuQ`L)g)n6K3[+*Y>Cf7KFbv~|Mlo~f9d]MUU]}~x~G3i|gCKK.\+{6w8ut|o$?mC<)k$E$$2WOwZoDO]4A|~k<!gOt*gec=O2e6^Q+~ySs#~{a]*);P8AS<K)J>UAEIal6m4~n!=?k+
*<Ua^A+bUW;K`~SU[2k5UAAeIoAK|kACxc]K{+~hCr6Kc6*qCU+j4]kOe+ys~iAeM};$A^_2KV*+oG;]Nm$|27q:6%~4(Sr)22+xY*2>A=f~?UAg08IHGMk$4?U>Gk]~kY=.~Y+Kd{|5|s4BKb~
Qa O~$wOp]>wM;o0Jki~$_>>oI4YA%k,]+*Pl* ~s^<]nS;Z*o|3`}*6p:~Qe<-&T],Yn]G3hq6mGcYYI?*U}AXmk?Hw~9u%kKGo?uc~~sHkU!A*2:~G!+wUO~Y8((G$l~MsXrk;9/8Lj} =*n4
A]i(?oK2\w}I]~GahAoUCk$oab^)PJXo<]KJ$<Ww])KkaY~Ykfpw*}ARHp~g`gT`NK<?c~A:H?sA8Ulrc~qqJ<vk6Ic4I#E|Cn8ko[M<&s29zOeAP1C2Ew YgO6+|4<26oE#26m[kaQgiQ?1=$S
s{Q`CG\Y6H,F2GiZs3T~GBH<ZS=[gvskEX~k=OsOTWIi[*W-~`]nG0DAyoD$d=%1^`7-mC)K]cE<+C4U<Rw^OjN<oeYuSw61wM$|]BQQ\G,sdhFyAusk0wWP:2$ogo,gs<me)sC<`2mK$m&5QX6
sQ`r;]D10?s2M~)6oYAc6[2UGcdQ)i|c/CW4k?~*I0Is*kxC~~cYc6`cdulLkC.nCC]Z+X]=6$M$}!oDcp$QEmAKd|>y?.Oca<w&]cCy|O~?|CFAxQ]<]TwPU~~dOuUDMgK~iPj<KXal~?>x*-Y
++iSAe5KHwsSg1~g`6~T<3<:h6<2Y<}O61coE%+S}x9i|O~?k\?a+LUUkW<4n\(~6*2A>cdKAs+<ck?ZYkFE7fHwza;;E>?hU!}ggcaaE*C}S8<Cd,o~=:yUlY|y6r-Ff~?QfW2oSUUsoJa,<CO
5Ig~C$C~o8wCOwg9u~mi0wC8~fmo*ki:arwywMx6rCaA22O6|4/wSag).Se+|g3mUcSn~6S>C]]ska/cYY+Q/bC3Y{O2?_6<*SK(GPn[O~<w2c*umm ~_s+<ao\{.W|?Kgb0CAwq~P0~o4Kog?<
Ox]a*]O=k]AP*2FMVjk?\?+C0p829YK$+oMX-8+YK~6A~}X?=]myA[~U5b$k22ioA<.t8Do*UA0>)DS8zaIk:pagota+KsZR8g=YOsG\w+eSg?ZPx~A*0*4~26f8+:%G+i<&~K_23Y$kY*Co4~`
)vH;)neB^3C,cjLf}CM~2F1*)M>^fYA|]`6s;}TGSy2G^;s)JG5{|U?D*I};y*qs0*Ih-`cL1+r2?O{A~U5kfX6q*UVQ+o([~|ogAmS#OMUms]C6w~{~\v26`AOdQy4Ui$^?eOAs~U!y~o*KyY$
c*<Aj3S~UmyUC}k+BF^qkML|BY.N]KUE<;}Gq!6S^[sK+}-9I\gU6R!|o?%+dtWe*jc>0Ku6)Y<;Q|ky$E+Y~RkI]?smUl>m\*GYy$W<?W<8YcIyw<gSn?|C$YFC]F<SK|ViQ~W0Ypkyw|DwAs$
JEpG*_)a0g`o$l]g`oCsS9Ku?<KDOsY+*}M[Cg|2swkCwU&eBks8g%we3o25k{gE$UC2<R|S0iY_#$bh|k9$ik~$;UCi+:(o~4E)cOX]u+OoCk?6su+?,sj5s?56S~k<d7|]K+F^UgkW]YVQ!~,
U7Y$vzYcG2S4<>A:2I|d;\Oe>qw\O<=Y):KOG.H$4g<e6~d]>cS4+?+G*g_~bsCkd{~{~o)#o$ASGUU%<:|VNS$c]|*+4Vk!Zs~sG+FnOCVej~dwEGt+MW?}(cVYG!~cJ6wO~c$3wC3VXV|3Y>2
,c6kl+Y|KP5}g^~uUyAO<LFCR.Kp;c]SASYs/ ccrkcA(~C2C9h!S$NAc2qs{)y*~=d/~*0COCr^iHKGCkS~9w<\omCg1]?G0iKU_|j?H?iC?O*CSV&o6MO*WMK|8k6J?0ZO)wa+wy%-Cxy66km
|oGuIOUK ^egEhA3{~~u1$(~~].U\iV~Wvlws1K[-A_w2YEeQA+E~Yn*eqpYI`^fM9O`2<yT04}~sGWK~w#ct?KU?Kzy~KsU*E*~<AY^~~6?G>C2{g*2Uo5]]gLEO+oACGCH(|~w=4/Y?+Y)r;M
QKjvjeOg1F~qe$CP3~7ZGWs.cm2gg:?2!Ys/yj h\r||By~-+Yuc}gI2S<s/oYgstwlEJ=3*m`<~kY<~Yi]l~$*mi7k~GUE30*~$]2g)oppm#8}R/)OS|2U6<7$/GISCjFY?[Nw6 mue?qkE}gC
 `65?uX/]<w4w<+|g|c6ZpOi<_cQM!H+o>5]+og*/BX;4KTk*u~MY` 5oH#sf&Z*{rY~d`0UA/U>8&gc?y4gW)k:drkLA~sR<Y6b~~k>nD;GvHwB%0lvJ+.yK~RdF8<:+g_MK0SPA+abo$Cl`;C
w7sA$0:~U}I56/t5DAO$mN>;6`gc `G<z;4G^6*b/zj^$UoL^NS6rIC]Cj#o+KNM?I2kbC*e{Mg*P7iOO~U4$6S/nB$n^Nue=K]?U2UR]5kARR.GgA?uYhdAUoA~.YoCZ$i=62+a8QX+A~]~}.s
zZ5E|BG8d~LO;Cc$[?FsA|:~|5?dsWU+0a~Pg*(ucOm6!2i|tpA~ap+a(+^ZUCaorkWwUCO0GOO4B{N_Q;~6_*KY)g,K$*UC8U|6XU~*+d`h$ii\~#:mN;i72{Q~2|sw)A&&[w 8$8kgN}VK:^e
Y8y y|O)YE8?A6SFSkV]~gopa~<`(kW42c g+$)>/ST^<~0cK:T:Gv<Z8H|2>ESNu|26|0S~/<kW><?-CcS~C*x?fnIY*MA5OGxx$ZQ23Cu~$%9|gxui7d=Fy4*+P<kGaEWtoZ6O~AMy:=Sgc|E
nqok]3YsBg*BsG(w_06W8:Ky]oQUqscwG1GWuo^ajGo){EKES2I?gGZ`R:0+k4<^c4c3N~AZee>P$xrY|AR6Y8>wm6}jc6*3+z+2Tohdp&Wumst22=gl2g_1nY&k61w<DC|lqc*w#cid.<G+E<m
*Q ?MKUcCg|]KATz0<gJwYW&~Wl2U* *6WkE2!<4d`*G6Fgshik0C**+zE{=`Y|*g1`gd6+sWwO&e]CVoi|FkY+|^$#V?w=c,//qnS 0vA6?Se>+dS~]G,:$K6~S24*l`![Cwge?Z{>+B|OgG-q
GoAj2M66=BomS>:cggU1$I,;$:c~G(U42COYfwO8]C<G6%opOki]IYw:qN?2S0jmOk8$?FS+L{G):+J4g~AU(YO ??9k*-:}ss/!8^<|c|UB}2smv#R%Ha-PM]f`F?>Icloo|WGL2Gpg~8<T&T<
g[Y~N5o(pSDo;= q):h4*++YmL/8~~YSo|4?2~6`?.uV-des. ~h]kYmb%uMD{+?x$x7c~$~>s!|jt~RBz?Osb\C}2so~a!e!u)ZCYkI]wq]eSA+Kx$O^o1%+~A$>+;:1:6[]q$z^C.+<0Ag<<J
5Oh$;~f<?<s16S4cGyY~.dUG*HbwK/}sF}c=6SAHCY~|K|u~~~p$<rSltcvCJSa2t<|/,!GsmJQ]O!+~(ikglo&W!)~ge$$(UWOeU*8od\UOdo~2<S0O?)|ASm<44IGO~sA8g`gsK7SoAc_IOf8
LS[xvzW>M>?/Yo]8kqUkePqsUOP*]3JAd#zcd=<Y~w]7)+6i:q,!<cQy]et,~l(366ZG*}Q?|^U]sFnw8K+=/A?gyy/|tX|K1H*s<552hk`wQ|kG]87$imEDcL+gc]oc2v]U+tkKSEEYcAlA$jO
Ywd<S+.|+E]~AS0uk /;sSU!?GQ0T40CsfZ~ E~t+kuA}\U?zC~_G+6AO}PIOljKQtq`AOQ2UAKpo=Bw:E~uocQOwst<X=s?d2wIwmO+ 4~Y2JcAZgW[y9+l*SYwE/$<ZYYr)~\Z!yqaU)}*w;2
wOG]8~G?y?k|2UlG/7#/p$|C~=6<B6)WbUA(DUo0cDc,.86[<KY?\k&C[1Uc*sCTQ?<C)oGv>Uc4/#O[U0P$ko1K/q=4w~qz=+WN=Ks2AwGe3$G+<<+IY~3Y|g.oq+$kSxO~}$d6Tl6*Q}w)^S*
MDA,my{|/~biOK~%Os\Qw<-W].S2b7~A+?KYM~*e;?qQS]*q|nycI?wkDtUaSUCwMG*5sy]Kwg(WGYCocg|j6IkExsOSeZ^o*tc5gC3gOk6kwcuo~*O?d!eY,2EY2w2^cZ|QKmXS/6c2]*cG7$W
>Kq`qQOo[gcYKU90]ma]O>Qw20V&SKo5cc+s$*6$Y|S#6s~~0Yw8tgBg~$kg$JCZM{J]^3,&c]w3K:+VoA\A+|u~wD,eYS=ovC!G0$m>_WR?dL7tPckssI*Jk>-ry$X4?usK~a~G:YKo]RC_D*?
cG*A0A]U0g~6kUW~)uKUlK`e_j^c2?~yXi(m{+Nk2YaOpUb|4wYq.`2sSwkt<cm<4im+|+kgGG?|z k~wq0U6kom)6# - >ClzOwC4So7o~V..$!E|U|$]YWrCp\?idZ|]-7g<n+>2Skeb$M22i
$Nu+*XM~o2e6*hvq.w8I=+eWc~>8[X<e>o61$l,Go*K$mwIkA|*F?^KSco$O$N=Uk<A?SA6?tyCs.&x6/_:g<om_$KYNY\z2~8:*6OM42wRg5k\awy445+Skn,O5kgR*wcdNs=`c~1CsU^Y$|he
qk>XH*/6S]r K~S;90A\!)aHzk)$]b]+~u-O?M7jqcKW?XK]p1]kEP50m`?c6dc~}s_Y*OMe.*9UtUA_~amE6mei g=isCU2~OAGUP$l|r2rm2$)~Yco=G`oKC&wU?cUN*YS<a|`u4<cGUvR}x~
M9QS#+kdo~\]oKY:oOsi;|C~g#W|U8:<,kH]uUU~kEg/+~o P#f`*]aE[iAqCKw^ooAg?o*7}})QfaSvMQk8/SX$B]+d~$)E!LUp~g5-{gC3OGmwQxS+Ek*CpU;d~o?]^s6lggXat?qC~8~uc$s
$KqXV6Y4}WB~++A~S]>cWcB$YUwcOGg0C}]wccq-Es jZ-SUW=6c~/og*JG$]ok`A}m&fmWC/UQ~CbKg4e$80?m2i?+TdYKm>n?SV*r}**V42hkw^:AYAQGc$]SCkYgqyUs/s6iBaC`N4C#y$yk
UgA*cc/m$Nof|v=w5c6,CY?wQg;$*t=Bt4k+oen^7S$u1g.oq*?<dkxWQIkYSKU =+<-Vc-: [(;_g~-a3]NX] ds]}ce0|~2US)eU|x/EOG!]w,^=OKKaz]0Xi6*gM|+]l%fSCC<DCS8k2A0Yp
FwU]GYo~vI*v$5I<AmY_C~*|1|5zc~yIEIK\1kgWAY)1ZQgiG/w~60I$w~(kzid&+2JQYv<|F=tx3K=*?<~|id^Y<q:~{GWt?3Wm.czY*)(UU*~?UhMzq]?&Eb(T$$I~s6O>&$Fe;Evt[|bYG*y
ffk]sf`AU=4022NDUckw~|?=A6s+KjKeDwo3,~Y7cC?`K{$.k*gtCm6Sj$sE~^W2]62 +gsvY)wgPRQ|*Yy+OdK{ook~cImu6EzG:$CU$/|+]2s| v3<vk~^ss>+Qc6Sn>/kU)66+c(!{GPv<*~
]VEo6~c*g-$0eY+}Rg)dWC6<$WtYCCA.Y*T<m0d/hg*]<UKq?S~km]~GK $cSM6Sc]1iY-22><Ksor$[)t2gw>{!Y~cB^cUmQS~+$AB<w>`hI,wA\AKGrS0xoxx8C:IAh~KRv8Y2$ziK|pO>C+E
_/kSXc8+Gw.6<W^mq~6S]/~YAkSUUG]G!(skcS}`E+jw?ZN8oXE^4()RU<+E>~*m~c*2CUI$mAGC/m<wAc~EpsEG:]j6A7gMA+<_~uM4qc]e?!G$z~o|mgGg-+*O*;CC|kg+SKscHXGGGyi]QaY
mKcc/r?]8Ruo~\o!eAoIw~gZ2}7.2EK|<V/{><afWmKMqs+Mo($I];W\WYUs!i|#=/~&qAM~??~?UYcA~)B<C}HG_qaNejgc]:OC?/a!:Yop*+~bq\]sM<Dk\+9e|~Dws*E2P1~<(6=K<So8de+
=K2u~.<p~M6~o)YC~+3y2]Lq?$ACAUUO/{?M7u:oa~UUpSKBkE6Kg)d^UI[GsmSC*4~/pGY~o{N3Kjqv2D0=<wSK0YDG[Z+c(U#*QBv`^pf]X2]iQm`gK*?T~w~oJy^7WEU)oU$q^c))?v^7CQ)
$,Au6&ddJYhKH+hO?~k~M<JZ-~GkMCCsQKvJ^WxAS|~6FU]y]w<K8|2#K:vb(pisKw6WS_5C2?5?sscWCGaIg,b$]?^_tpnsS~fT|g?pG(U+gXSM0&QE|]rS~$/i5/|/K?y)Co2WIL*RSJSAoGd
x\SmQQE:Oy|>c]Gwg#?d*&r)wA+loU]ao_s=/sGz?~BoKsKG$`sG~duAlY7/6J)gVH9o*+u)OK~Z}~+C+C63o2qES41ey)Qu>~Xm>ZKE>My)]MImc>.-*lQBUmug+|FlSS8gi/G ;ge}Uq<PAgy
l^Kiz:*kgKlW}yB!E,<jX]JkU+^WSg$:/euOG=cC#WP#{og2$8s|G6Ow+U+oQE*O%O)vU~MCgj?~Iw62gz;ac*2-$C^`lYk6C#u>{AC`,B~`e5b7~Ss0ofI*maYcgGKO{BEx6Uk0|HjVk2Iw~_S
N#+hM$\:y*=?KcPgqacno}<k~ e+]*q$G[*WAv)<GG?C~~0+70 ,Scw+qh`+gIJmu}yQS\Eg<vi^UUDgYGAvlA40^qGydn<k(;C,u7m>OATsYd|r,2A3||U6Fwms6!/X+4A<UQwCYAl~dO:X:A~
/zsA<SKs|||syvU~<yes]?{1?Sc*3Cs{A]}LseYI$ #b# *0$SQ=<Cquz~)S:0gSB2?HQmJGc=.M4gUM+j#!2COc|$(~G2~Y>m+0SU\Y+~<NEyE<vq73G6YDcOD^6/~mW|!4nx$z)S*Sg)UFd+i
u+C}? ~|q84*dCGYj~6w?|iO/*?y^obG1uEVQH_g~gm|]5AAU$W[6Y|s0OQ:|~~i~eoB*9}:2mtFo$~3ZWg}ygQS/>O}uq9K|aI`IGvUUszZwWqd/xWigUOL0H.46SwN[2C/kRK*)es)l{|rGI)
0Q$}`vwo;G~e<ha8_8>>&nywtl`q)*Q<Kt`b~C4~_:?CDgO|M1y<|FQ8e$/kmc,%Az}`\1 U+<$$B<`uKc O{c8?/1IA~,o]cL}kfA^OGSY7O92|UHG2~oy~ )*K~8>XC:*G6bc>hp|(kUKwa\X
l~85.~o~wSq&{G0imWOx~o#Uz/uEs%~`I=Z~K?)OSAr+m]H<*3`|s$w+G]0o~*0/<6~~K6o3Ok~U$OsTGyC)SLK]`OA2CO)odFW6`S:x~+?e+4</\qFkU{>]*S4|{T/3?vckM#.c$w2+KkmYCc}
Kd1~$I0SGa>K~o2SEEo,OqW+Gio??{SI8Q)s`(}MkNwe6*d1-YSO%2mwnhbgSgg|IgKS6k[g*+o`o#J*4~KAYOEcW6O>0e[&>g.s}cbG})Fw0=|>x}moKbde6w669gG:n?+g#6.2aCk`uwkyagG
z69g|Ywnvg/yuAw`jCs+%^*}~Ddgq|]sA;.w<V*j<%S=`]kd52hGm?se]-Ev*kmE/:<o$o<aAic+Fhu!~c,c5>Wqobw=R$S?+m?^m6n264UfG2/\o;E?=k8`p}c$`6?/FA,PUJWE-E|)8]&e^Oz
VR`Y8G9`=wI*g?gc<s?o0E=$)eqt]~6c?|oYD_Itjd4x+J2gN+~&*|0<YRw5$|Gmq!~~PD<zS<OMgrU/8d1(H~KuD+GYc$ok8*:U|+/M|C\c?o$R?+AKqA7IcQX#EIe+D$2EJ+>BYLRvQ(6t,k$
^*l|F~]|50Sw+OE||K~Ef/YZ$pwy$K)2;I>xu?mJk>S!{~cg~6sKcY6SA*KK|vZQ~t:CU*Uc*61uod<gMRCkC)AySwA~vUUSKwa:2.^&24^s8>~$q-Md|KR*ft~=Snof>Tg6\.Teg*c+<$GG/e<
GArKUJwk``.zGSomL#9$eHKo&4wi`qmS?!^UCS ESG9w*Aw[.]wN*|u~Ig2(:Ki\SQo?6a0O$}*?a |V$(G^Y4*<)PUUm|sK,)I~awJmE+>jP>3:JE,~%}?S~]]q]R2TA{8$|d2620>K``~C~?W
26;|]EOs~MI.Y*~=|1lU=:7s4y,6cQ0=Y[GAAB\am*I<M]Yq*sXG>KC68XU/~ys~I;s66[q<!EOJwsC`|*Aka)&-aKjYGG4Sh~y^RYYqX*18a3v}.OUz]%LK!81{`]y$?MqGOH/`sO?g]+<$IFa
G$TS*Y&w/86dcN6[KUO^%8`$~a*cY}Uc*DRWP?Yw}~zcjicG6U3F*bO0{807kHY]$1~$;AG|SJ+(~O~Ti]Zqo1Ur<8aq)/YzL$cHJbI*Q`CL4?<*+AbE9P*|>sKg.=iEI2%wk0S~zKz;u2)wZAk
^]s6a$SzOo]]3yd+PEhc`=Vr&PAocKv^w4sKaEdcg5W.4A~]}sOr~mkti6%?[c~At|)6\lcA%>YSC+<]!6W}MAk)Y<2]Ced*`o]^upYY1C>PK2.GC+A~w~V?01_/U+\$WGcmCM{qWw\Tb|o^{Mq
U.U)\+suO=c0_UTE}2[DU,~c}qb#|Mke7%gdc+RGs*1Y+*Ck~NuzwXs8`|4kgpY0Gw}l>2/KdsgOSqAj>=+G6IhcoA$G`>K|scc?O2VOC2 ?$c6w]sB$Ac$EA0ZUuSeRn,o^~S>qKO8mL(O$:{(
%~65?~1S`:|UlKfU~eo}h?+Uow6Ku+v/Te4~V|w}SIo}<?c8&6kw<0?asgcos+~)OGZ*B$qrQsE;!f}=[UXkN:*g+_Sk|i?ow+W?G/Vf<L>^{AY/;*YiPr^)z`<X*|cUKqK`{_&hmBS2y$~F6eG
wYf2wBKW?2g5wY:3Aq%YK??kUwoKd~g\~Sj2*ESvmGG/]/\kY(y]3$_[ C0EsO84CYaz?wy?6I?U.\MSKu?o~S*6{sS<C|~.KZn#4k6vY/~3bikYa?C2#;XZ*b5G9~RMeHY-y.70y)$&]+DJm8u
23~`kr$GcY;Ysmc+=g>~}Y*AY?fhWAsOd6|#kgM~`622+e_oDX?>/k^AkGU=]2bS+E~q*Y^=-8]qO-.^2d]<8A^:~EE|h;~Go]~cYz* {e/ye~|x/~wa2]26M|yKe^saK2M.#~sm1~r=|OK]%++
Ac9|`NOq+6wG/4GCOf6kAoTCK?l~Rc*/]^wD+w)+NKAT>~~I5Csm/m~;S6wx%y.w*~C%qt0?]=S:akCi6l,wK?kaU8+-ukDSEaju{W{[2+Ei3ck8CXcO4=oSbdwS+Doq~aQXc<wEBFj9fqy?U?F
)zJlT&Sq,m?1|yQ6c`UsK!=2]6OiYc6w|+ig}wo~LOOWyGx O$Y,*|13>]csIp<2kw$lx;AD*OW6$~{!n7a6~a\8$?C|;te}#u+?mRw^~02~!<6x C/?uP6*!YO]uG}i\ODI)wQbWc6~`M9c+Kk
NZ~SeY82\AX+K4Gk#}k8K3+kQ~6)ZOgZo<}~*}d|&wTKE$b)=~o[JMA2T#oaob-4n_ias+^Hmtam}S~|l5~K*se?wadFaOQC24o%zK.Q*y`-]o?$An_?]w5f/~~|UyE$Eg?AcJ%i<Y>=LSw=+Hm
7-pQY`Ig,8Ymc*)(`t)~_:~D5p(]IK4O,s8CkC{tS/030Ux3C<.c=K(~~1%crY~g<}AVe~]#{6kqn~^BCUIoABxocW{w~#$*|gGo(0}CG6KGKD+C<N0wO+w||ge1+y2;O~loAij$S2geD1+fSgK
NvG_^cUG?4~~gosCMnus};lC3uu+O&G]~f}|~Gc[-daqDbj2+g>L`YMo$Gk]!wM&?g.o>m0QNJ/A0 6u~Ea_+G*YAPSk/CbS[+2Sw?W!AgO]l40Z&oWGzgGDwo:k6W?~>~WK+ysz~i:J0|UG5=~
~y*M0x`0?G4S]Dx**,$OA$kG5P.OuW6$qd)*f*Qs~<*w?];w3U^]a=Ek?QlzMKOOcYiKi].?)0gUM4[i,a*~~Cl|aovm(/=J*8TcNGO=: n}dC:C9?M8=e]$Kww+AIl<OGOJOdW?^KgGusMGSoo
0xsoA]3Gg6FQq?/+X3E`~EU4~<km*EUkG+Ks?d(2hSAUO~*cZC`duimI`4$A>zWeej)*e2uy<Ag[/X<wM+Iw,o_<>fqwUY<O*`MO$Peo)`-])_:*xQTATR?b<7YNdOeyyGn~d>`0cEGsRYCjmEq
Y|E0hu]z>EiUkd~0i6<S:4<fGiQjafkG3U?]w$kGd~B<SdpN$U<S:.uZCre5k;=8=S3yM|COA:C|Y<y4dN]E]Po+wiLI~|~ha)oU}W:DA`/78r]Dy$X<<M|:]Og d*++wU<GK}&ro6bMF^[Br6c
obcQ]ZdwEFC-i!fpe)eig1~j9boG*arg/~6WcAn?HAg$seGd!?CU+WNHY;*Y)R/C?gbScRK~!sX`thc>2~AY?$KjKMsS$kYgSz>MYtaYgKs?seKW?IkeWm$C;2AUY]<E&kYAiIo/g~.EOxuNBGO
<*Y$<oNSgKlc~f-KO]<Jy*Y1tSC>cr4st(fG>S$J=?$>U{oo0|g,Y,Ee[ht?%~zaCg46au8$2O8MuYYcO?`$+Y8+<:u2vm*p)da#+Hb&H<s{?CM6Y4wt~8*f8upcC*GDUkp#0g[QYk/swU<o~G^
C$Nl<jWGwWK6[/i\8SU{iQgOo`E<we*V2K~%ib{POYY^E IUqUQs$6_)<&GSg> a0D62K{)<*Nceoew2tSC<X42KTQ}]c!GYU0m~~CYhUW$,xc)u}*KB]<&+``2wZ2U]*wDFa>Eio}C5kcRcgUk
S~bklP.kcQ$<q?JuG\QD7y~+6l\Os(?c2Mu-~u6$7]s}Cwku6jIkkGBsYVo);g8AO$ivC$oEKB+aoETb`-kq!sO<(!k&SgH`|4c4`YO]9~$Yiw]|w~6Ou~g<>,u*|C^F?dY~~wK*+X9&6AP4uK+
lH%uC9H*huQo*]5sG:Ui<=&)2YDIspsJ?|Y+mHc$4qo~zZ|]:E~j GtIydN)|+/]GAqdGsT[|a0T$u2<O~\~4?}orpYnY];~*USK2Yg!c$+wFRZK=OwWz\]]CaS6!I6IpdUFhAA<^KC+$(s]$&P
/Gi=g[~ T+~V+:3?wcaY%w=QtNgc~wHvMS`+~U}?n*^S]8s/oGN3y0kKiK~eO8^cK|s~c=)Ye4~`YEE*]g]6^]c7R8*]GQ0?C~/36 i3U$yACV.rwI?Wq^yfu~t~n&OwU6$6S*?%Ro4UkeY$+iw
m?j|cYR+*_0OR~^0GsfnX|Gf{0G4UkX3doq|JG#M|%Jq2AS<~6H_?`+deR8C4^E?%$cs\O)a~c8Wq[CQUWupUkYOO)h%<cARmY p-I?(=8d]s=N#Mwou-|u_cAYksYX~Uwoy8GSYoKnK6~F?68Q
?w]SkmWy2(bymw>*20U2V}:]G^C2dL]I,2rUFww+<kK?qkC}fA+8)ukmWg|Vi~m$nDJ8yCS{MaLC`mGcS:M.{>!*]O$y=kY8ypA=**8k4%+ #_&?fXa~^-LYR>.*7T:2]f-FsgdoI~*}N`/I$+<
[^G*G^yA*nO6U)2D0?CV|yyy<jt~Z#w>Lg~$6u?dUL6SW++xuHU0t]O~+]m)Q&SUkqXNo#~U}<]~wDW)Dl0[0uzc=IKp C3wK0d`+s>MQ7w6c8w<^R%O^Sak^H]L4}LSYgo;gk9+S6OY0<?$|Qg
Yau]Q soSg<:~d$kRk?bkiI~Cc?W2l:$/.U!YLvBKYhU6)q6~[dl~}*u+-pw|rc\VAYs$\Hr]?{?&A1SG~$Gz`2zU*=2\Q=y~w`o>0UQCwj/w8Sl`rS|U-o<2w`oOesEYMo<2Rq(Y\yC*Hlf#GG
Xcm]/E!g*6S*+# ~^~uANQ?6y|>IgcVUygDq~*~s=6Y)*?U$;Ud$]co=~A2~n?bGCOoaP8YN=~|SKqIoF /R$wrGkEE~y,Et|Cl`8c)<CqJmLM2k$(8o?=yOc|Y<_?~3)s~$IA8l<]*.ea U/_e
?jmo5(pXiywkm}|pX)OiiUd%1Wm6i#C>=y_s}8kM[B<m_D}OWU}Ul0:A`>U~e^~YTsB>Duw;+$qOocmQdKa/qKs7BCyOEETDd)Y*EdMS(QEaFT&*c]+0#:XoOUU7g6Y|b9P9s~H4NaS~u4OOUn?
bM6A5sKKaACs[<O*wUGCw6GGwA(~Q?o|IcgVE?~*}~{wCM:}g9k=wcAo`+)|CsqqU|Y4=6at}qkg_C~}e^X^8cYcqOlyKEEw!$A O~Muxc~cA)NEKgK{O$cq[6e*6/C~|*moS.49eG3#k,k2fAm
d2AO<dIqdEk<o&q3A#C<A<9C[|e|2<A^]i}oEY2_MR=2a(4Un_2sXA6^M|RkXoNU_u~VQeO2tTq+Is^6OZU?UTSU7aw/2HC)TxO*Sd}dCSZUso=o%w6kx*/#/sG=s0rJYcw^lvqq6gU W~=C5;S
MwE#]=C3)u|PJgr~p]O76*fj+y?k<StVAgc(6A;Oyk%[c~`v>`)%cKC`?4mw&]<]G)%*M|df6~}?UAC6CgwOs~4~~|~Wq?0~jK$ow5S-AR)]Tld|ep~MXv#0]Q>Xx*$b$oU&uMKGY}cK~K]AS$K
zk]_`P><r2S}GkOGww~\2MgdGs\~~$I~kw)dADc~Y2|$+c~H*d]2=2dSke)!cQRYgoU}GWqwg~*~,M^u1PysScWddccZ46?soKYW~G*A.]2gu6P0#oUAYQ++U*fE6?aUC8guM|A?uY_+nh*)D1k
}KS;a2$as}Gr*+e~SBB7$XKaG47WHK<w6YGFQwSq2KIAFGoGO>=l(l4csO7Ca2e8kY3:ci~g00EGZ7~UgK8_+||V~qA4U9ndu7Kqs~|5ACOUQ=AaSYk>6U~A6cqtm+ +27&Xbsq)2E0~o:O[W/|
];A^h~TA\Zq}/0_~~$*g1`C2D;sC++vkV%(O|$!S*?j<`Yogq:AiAs~;~/?+|GqC6>I1SnWc$MNqqg^|ob2ibgK<iAg]OQ3Ci+uwO28^&2tEy8:sk?*;xu]$k*xcGso<H|sSg~~FNp}k.0EC?yw
eFe?6Xg\ZC6|YxsWocko2(G2 }$5 ^A|~+:UMw]oGl! ~XZ6*#yg4+cRCO:I~G<oa=*i3VqqwXc}QQ5*Tqkx]2~?z+Ob#g]|v~bK|?0WJ;42KCU*pkd}%:-Qm~dc*x_7T<RK#c2V6|QOg3bwsAq
o`]q_i~<A*$cA)>zR^~UjC48(#wg19w>g>oE#CJat+K)WS6M,`g}E[ 4sk>E2~OSAkq=HV=scm-|5ae\HR]u0JwI~C-Zk6OmW]*(Is}c5o~A)|g0*>sBSi$/l[(cgw3VJ~n8Y$ocD~!5FjW/+Nu
HH~f|^3\RlkE)|S*w<Y*9GS~/6gE4[WB2c0^]QEA7KswU/2~><C0ge=Y|\Y8$S6l:OuwC]M$c,x4KW9AlMVogEw6V_=kwKaEZ$o</sA s*SYXUNS|5xyNY4GSS.w#5Xd5GH6,<S$mK#tqeMkqY`
s|<6rg$?sw#y!|:Q,kKOQq8?k~Y}|+Vr]w]x67~yU|P)2Q|T27|p7~*|!S?tG-0m\+~g^St)$-o2+U\i2?wKL4]IW*L8$*ge>Le6ODLC+ook~+uT2+jO\kQW}/`#M+YjKoTC>^vbHBj0C$kUZKp
$kwowNk$pzC=HVcdk)3y8w <!f?CLA|G_$Mh:wo}A=d4CK2_c]KiO?wCwyo+U$2C:t6oCPT6G<=o$C*+v\luc-Gscs|[CY2yAs~cQXCQ=)u]*hY``]yA4V*ADsU||o.Opsmr<`uHYu4k)Z8U-;O
<c_p~P=YzUPcYCh2]2]d \~{`U2*8Gq*[H~S`F+/=~Gx\*Pl:MqRg~oA|p=/N]po}8<|>sSl*c^UoK&G|w2w9V;o+DvU>C}sdwW?g$2IpNN3Le~>I#MS*)7u<\22R6ABq%G;[]u<666C]+2-<w|
4IUA7E*d62K=?)~|2T42p+oK.w\Dt=gCy_K1Y)a^!Y/ccGDl`kG+nsnBu|=o*H*OkS1guokG_!M5N9I$g0c]:s=Za#YcG*n5f_<6+i EGgtMgQ&uisse<cGA#$8!)ME=4SO#-<SUoeGsGsskedH
j]g`w!]WZWPNWT|o7~AK\]xS6?:u|6pYX|GkgUCBJ(|>3o$as<+Ec=*5t^o]*%YU2=$Qa~~ccrmRgpAA]Um<rLK<GgXs$~A6U43ESY+/]>}8{O%/v3?D}+w|A=`cw2dGqcic|IMg;XCiq8<X+qU
e1_k=RCFJwggDM+sC}o^Ho)qHKv*DqAo*qiYXSO!Nwa%YOmoUI02^**~/o$kUY>~_|JGC<qB~*w=gd:,$:qF$mE!<SYm88ZsO*?S$+]2H6AT]!BS8ow<Hd*O*U2<<G>~Kg{]]SBwH&UqVPda`s9
