1
366
29
365
1870
1
127410
359402
129539
237756
275458
293530
156122
110083
344632
53259
334997
162065
28742
201478
202744
93314
95719
315654
9609
273150
48584
186380
257575
292082
64674
78984
139103
306411
161353
35483
347425
161427
13745
257902
356330
355837
296994
290791
254784
339013
16065
86898
177048
190029
1605
359154
74130
108998
53714
260623
251997
340010
35220
164219
34426
229535
263729
343032
338559
239167
58042
53648
45882
317669
256763
24312
52979
155916
143329
90663
25558
215672
9182
350722
70804
201008
316503
159309
119414
294160
81977
146378
124580
180271
19054
152796
46920
153296
